#
# There is insufficient memory for the Java Runtime Environment to continue.
# Native memory allocation (malloc) failed to allocate 32744 bytes for Chunk::new
# Possible reasons:
#   The system is out of physical RAM or swap space
#   The process is running with CompressedOops enabled, and the Java Heap may be blocking the growth of the native heap
# Possible solutions:
#   Reduce memory load on the system
#   Increase physical memory or swap space
#   Check if swap backing store is full
#   Decrease Java heap size (-Xmx/-Xms)
#   Decrease number of Java threads
#   Decrease Java thread stack sizes (-Xss)
#   Set larger code cache with -XX:ReservedCodeCacheSize=
#   JVM is running with Unscaled Compressed Oops mode in which the Java heap is
#     placed in the first 4GB address space. The Java Heap base address is the
#     maximum limit for the native heap growth. Please use -XX:HeapBaseMinAddress
#     to set the Java Heap base and to place the Java Heap above 4GB virtual address.
# This output file may be truncated or incomplete.
#
#  Out of Memory Error (arena.cpp:184), pid=4084, tid=4848
#
# JRE version: Java(TM) SE Runtime Environment (19.0.1+10) (build 19.0.1+10-21)
# Java VM: Java HotSpot(TM) 64-Bit Server VM (19.0.1+10-21, mixed mode, sharing, tiered, compressed oops, compressed class ptrs, g1 gc, windows-amd64)
# No core dump will be written. Minidumps are not enabled by default on client versions of Windows
#

---------------  S U M M A R Y ------------

Command Line: com.portfolio.portfolioJCS.PortfolioJcsApplication

Host: Pentium(R) Dual-Core  CPU      E5300  @ 2.60GHz, 2 cores, 3G,  Windows 10 , 64 bit Build 17763 (10.0.17763.4131)
Time: Sun Mar 26 03:54:18 2023 Hora estándar de Argentina elapsed time: 618.235636 seconds (0d 0h 10m 18s)

---------------  T H R E A D  ---------------

Current thread (0x000001b4d68c0880):  JavaThread "C2 CompilerThread0" daemon [_thread_in_native, id=4848, stack(0x000000483a700000,0x000000483a800000)]


Current CompileTask:
C2: 618235 5282       4       org.springframework.boot.devtools.filewatch.DirectorySnapshot::collectFiles (99 bytes)

Stack: [0x000000483a700000,0x000000483a800000]
Native frames: (J=compiled Java code, j=interpreted, Vv=VM code, C=native code)
V  [jvm.dll+0x6ee8fa]
V  [jvm.dll+0x857a1e]
V  [jvm.dll+0x85940e]
V  [jvm.dll+0x859ac3]
V  [jvm.dll+0x28291f]
V  [jvm.dll+0xc9b5f]
V  [jvm.dll+0xc9ee5]
V  [jvm.dll+0x68f472]
V  [jvm.dll+0x3b9f7d]
V  [jvm.dll+0x32165c]
V  [jvm.dll+0x6b4261]
V  [jvm.dll+0x14179c]
V  [jvm.dll+0x395f9a]
V  [jvm.dll+0x70c8b6]
V  [jvm.dll+0x70bbc2]
V  [jvm.dll+0x70713b]
V  [jvm.dll+0x701356]
V  [jvm.dll+0x7009a1]
V  [jvm.dll+0x6fe883]
V  [jvm.dll+0x1d9eec]
V  [jvm.dll+0x2f6e9d]
V  [jvm.dll+0x709232]
V  [jvm.dll+0x701356]
V  [jvm.dll+0x7009a1]
V  [jvm.dll+0x6fe883]
V  [jvm.dll+0x1d9eec]
V  [jvm.dll+0x2f6e9d]
V  [jvm.dll+0x709232]
V  [jvm.dll+0x701356]
V  [jvm.dll+0x7009a1]
V  [jvm.dll+0x6fe883]
V  [jvm.dll+0x1d9eec]
V  [jvm.dll+0x1daa7b]
V  [jvm.dll+0x2f6e9d]
V  [jvm.dll+0x709232]
V  [jvm.dll+0x701356]
V  [jvm.dll+0x7009a1]
V  [jvm.dll+0x6fe883]
V  [jvm.dll+0x1d9eec]
V  [jvm.dll+0x1daa7b]
V  [jvm.dll+0x2f6e9d]
V  [jvm.dll+0x709232]
V  [jvm.dll+0x701356]
V  [jvm.dll+0x7009a1]
V  [jvm.dll+0x6fe883]
V  [jvm.dll+0x1d9eec]
V  [jvm.dll+0x1daa7b]
V  [jvm.dll+0x2f6e9d]
V  [jvm.dll+0x709232]
V  [jvm.dll+0x701356]
V  [jvm.dll+0x7009a1]
V  [jvm.dll+0x6fe883]
V  [jvm.dll+0x1d9eec]
V  [jvm.dll+0x1daa7b]
V  [jvm.dll+0x2f6e9d]
V  [jvm.dll+0x709232]
V  [jvm.dll+0x701356]
V  [jvm.dll+0x7009a1]
V  [jvm.dll+0x6fe883]
V  [jvm.dll+0x1d9eec]
V  [jvm.dll+0x24b223]
V  [jvm.dll+0x1d6d61]
V  [jvm.dll+0x25b0fa]
V  [jvm.dll+0x259588]
V  [jvm.dll+0x807928]
V  [jvm.dll+0x8015fa]
V  [jvm.dll+0x6ed5eb]
C  [ucrtbase.dll+0x2268a]
C  [KERNEL32.DLL+0x17ab4]
C  [ntdll.dll+0x5a351]


---------------  P R O C E S S  ---------------

Threads class SMR info:
_java_thread_list=0x000001b4dde5a110, length=31, elements={
0x000001b4d68acc20, 0x000001b4d68ada10, 0x000001b4d68b4ce0, 0x000001b4d68b89f0,
0x000001b4d68bb750, 0x000001b4d68bc5e0, 0x000001b4d68c0880, 0x000001b4d68c7770,
0x000001b4d68dbf40, 0x000001b4dac98230, 0x000001b4daca8a10, 0x000001b4d688a110,
0x000001b4d688a660, 0x000001b4d688abb0, 0x000001b4d688b100, 0x000001b4d688b650,
0x000001b4dd455040, 0x000001b4dd453060, 0x000001b4dd454af0, 0x000001b4dd4535b0,
0x000001b4dd454050, 0x000001b4dd455590, 0x000001b4dd452070, 0x000001b4dd4545a0,
0x000001b4dd4525c0, 0x000001b4dd452b10, 0x000001b4dc4a6e60, 0x000001b4dc4a7900,
0x000001b4dc4a6910, 0x000001b4dc4a5e70, 0x000001b4dc4a73b0
}

Java Threads: ( => current thread )
  0x000001b4d68acc20 JavaThread "Reference Handler" daemon [_thread_blocked, id=5056, stack(0x000000483a100000,0x000000483a200000)]
  0x000001b4d68ada10 JavaThread "Finalizer" daemon [_thread_blocked, id=2576, stack(0x000000483a200000,0x000000483a300000)]
  0x000001b4d68b4ce0 JavaThread "Signal Dispatcher" daemon [_thread_blocked, id=9144, stack(0x000000483a300000,0x000000483a400000)]
  0x000001b4d68b89f0 JavaThread "Attach Listener" daemon [_thread_blocked, id=7140, stack(0x000000483a400000,0x000000483a500000)]
  0x000001b4d68bb750 JavaThread "Service Thread" daemon [_thread_blocked, id=6776, stack(0x000000483a500000,0x000000483a600000)]
  0x000001b4d68bc5e0 JavaThread "Monitor Deflation Thread" daemon [_thread_blocked, id=7628, stack(0x000000483a600000,0x000000483a700000)]
=>0x000001b4d68c0880 JavaThread "C2 CompilerThread0" daemon [_thread_in_native, id=4848, stack(0x000000483a700000,0x000000483a800000)]
  0x000001b4d68c7770 JavaThread "C1 CompilerThread0" daemon [_thread_blocked, id=3480, stack(0x000000483a800000,0x000000483a900000)]
  0x000001b4d68dbf40 JavaThread "Sweeper thread" daemon [_thread_blocked, id=6120, stack(0x000000483a900000,0x000000483aa00000)]
  0x000001b4dac98230 JavaThread "Notification Thread" daemon [_thread_blocked, id=5436, stack(0x000000483aa00000,0x000000483ab00000)]
  0x000001b4daca8a10 JavaThread "Common-Cleaner" daemon [_thread_blocked, id=4148, stack(0x000000483ac00000,0x000000483ad00000)]
  0x000001b4d688a110 JavaThread "Catalina-utility-1" [_thread_blocked, id=752, stack(0x000000483b000000,0x000000483b100000)]
  0x000001b4d688a660 JavaThread "Catalina-utility-2" [_thread_blocked, id=5004, stack(0x000000483b100000,0x000000483b200000)]
  0x000001b4d688abb0 JavaThread "container-0" [_thread_blocked, id=7348, stack(0x000000483b200000,0x000000483b300000)]
  0x000001b4d688b100 JavaThread "mysql-cj-abandoned-connection-cleanup" daemon [_thread_blocked, id=7040, stack(0x000000483b300000,0x000000483b400000)]
  0x000001b4d688b650 JavaThread "HikariPool-1 housekeeper" daemon [_thread_blocked, id=4772, stack(0x000000483b500000,0x000000483b600000)]
  0x000001b4dd455040 JavaThread "File Watcher" daemon [_thread_blocked, id=7944, stack(0x000000483b700000,0x000000483b800000)]
  0x000001b4dd453060 JavaThread "Live Reload Server" daemon [_thread_in_native, id=4748, stack(0x000000483b900000,0x000000483ba00000)]
  0x000001b4dd454af0 JavaThread "http-nio-8080-exec-1" daemon [_thread_blocked, id=4032, stack(0x000000483b800000,0x000000483b900000)]
  0x000001b4dd4535b0 JavaThread "http-nio-8080-exec-2" daemon [_thread_blocked, id=7336, stack(0x000000483ba00000,0x000000483bb00000)]
  0x000001b4dd454050 JavaThread "http-nio-8080-exec-3" daemon [_thread_blocked, id=3464, stack(0x000000483bb00000,0x000000483bc00000)]
  0x000001b4dd455590 JavaThread "http-nio-8080-exec-4" daemon [_thread_blocked, id=2496, stack(0x000000483bc00000,0x000000483bd00000)]
  0x000001b4dd452070 JavaThread "http-nio-8080-exec-5" daemon [_thread_blocked, id=3508, stack(0x000000483bd00000,0x000000483be00000)]
  0x000001b4dd4545a0 JavaThread "http-nio-8080-exec-6" daemon [_thread_blocked, id=8528, stack(0x000000483be00000,0x000000483bf00000)]
  0x000001b4dd4525c0 JavaThread "http-nio-8080-exec-7" daemon [_thread_blocked, id=8828, stack(0x000000483bf00000,0x000000483c000000)]
  0x000001b4dd452b10 JavaThread "http-nio-8080-exec-8" daemon [_thread_blocked, id=3180, stack(0x000000483c000000,0x000000483c100000)]
  0x000001b4dc4a6e60 JavaThread "http-nio-8080-exec-9" daemon [_thread_blocked, id=1788, stack(0x000000483c100000,0x000000483c200000)]
  0x000001b4dc4a7900 JavaThread "http-nio-8080-exec-10" daemon [_thread_blocked, id=8144, stack(0x000000483c200000,0x000000483c300000)]
  0x000001b4dc4a6910 JavaThread "http-nio-8080-Poller" daemon [_thread_in_native, id=3644, stack(0x000000483c300000,0x000000483c400000)]
  0x000001b4dc4a5e70 JavaThread "http-nio-8080-Acceptor" daemon [_thread_in_native, id=4564, stack(0x000000483c400000,0x000000483c500000)]
  0x000001b4dc4a73b0 JavaThread "DestroyJavaVM" [_thread_blocked, id=5204, stack(0x0000004839a00000,0x0000004839b00000)]

Other Threads:
  0x000001b4d6895e90 VMThread "VM Thread" [stack: 0x000000483a000000,0x000000483a100000] [id=7196]
  0x000001b4daca4bb0 WatcherThread "VM Periodic Task Thread" [stack: 0x000000483ab00000,0x000000483ac00000] [id=8656]
  0x000001b4bb43cb50 WorkerThread "GC Thread#0" [stack: 0x0000004839b00000,0x0000004839c00000] [id=1452]
  0x000001b4d6895bc0 WorkerThread "GC Thread#1" [stack: 0x000000483ad00000,0x000000483ae00000] [id=3300]
  0x000001b4bb445c50 ConcurrentGCThread "G1 Main Marker" [stack: 0x0000004839c00000,0x0000004839d00000] [id=4884]
  0x000001b4bb4473e0 WorkerThread "G1 Conc#0" [stack: 0x0000004839d00000,0x0000004839e00000] [id=8212]
  0x000001b4bb493b20 ConcurrentGCThread "G1 Refine#0" [stack: 0x0000004839e00000,0x0000004839f00000] [id=1644]
  0x000001b4bb494660 ConcurrentGCThread "G1 Service" [stack: 0x0000004839f00000,0x000000483a000000] [id=68]

Threads with active compile tasks:
C2 CompilerThread0   618328 5282       4       org.springframework.boot.devtools.filewatch.DirectorySnapshot::collectFiles (99 bytes)

VM state: not at safepoint (normal execution)

VM Mutex/Monitor currently owned by a thread: None

Heap address: 0x00000000c0000000, size: 1024 MB, Compressed Oops mode: 32-bit

CDS archive(s) mapped at: [0x0000000800000000-0x0000000800c40000-0x0000000800c40000), size 12845056, SharedBaseAddress: 0x0000000800000000, ArchiveRelocationMode: 0.
Compressed class space mapped at: 0x0000000801000000-0x0000000841000000, reserved size: 1073741824
Narrow klass base: 0x0000000800000000, Narrow klass shift: 0, Narrow klass range: 0x100000000

GC Precious Log:
 CardTable entry size: 512
 Card Set container configuration: InlinePtr #cards 5 size 8 Array Of Cards #cards 12 size 40 Howl #buckets 4 coarsen threshold 1843 Howl Bitmap #cards 512 size 80 coarsen threshold 460 Card regions per heap region 1 cards per card region 2048
 CPUs: 2 total, 2 available
 Memory: 4095M
 Large Page Support: Disabled
 NUMA Support: Disabled
 Compressed Oops: Enabled (32-bit)
 Heap Region Size: 1M
 Heap Min Capacity: 8M
 Heap Initial Capacity: 64M
 Heap Max Capacity: 1G
 Pre-touch: Disabled
 Parallel Workers: 2
 Concurrent Workers: 1
 Concurrent Refinement Workers: 2
 Periodic GC: Disabled

Heap:
 garbage-first heap   total 60416K, used 40217K [0x00000000c0000000, 0x0000000100000000)
  region size 1024K, 17 young (17408K), 1 survivors (1024K)
 Metaspace       used 61630K, committed 62272K, reserved 1114112K
  class space    used 8155K, committed 8448K, reserved 1048576K

Heap Regions: E=young(eden), S=young(survivor), O=old, HS=humongous(starts), HC=humongous(continues), CS=collection set, F=free, OA=open archive, CA=closed archive, TAMS=top-at-mark-start (previous, next)
|   0|0x00000000c0000000, 0x00000000c0100000, 0x00000000c0100000|100%|HS|  |TAMS 0x00000000c0100000, 0x00000000c0000000| Complete 
|   1|0x00000000c0100000, 0x00000000c0200000, 0x00000000c0200000|100%| O|  |TAMS 0x00000000c0200000, 0x00000000c0100000| Untracked 
|   2|0x00000000c0200000, 0x00000000c0300000, 0x00000000c0300000|100%| O|  |TAMS 0x00000000c0300000, 0x00000000c0200000| Untracked 
|   3|0x00000000c0300000, 0x00000000c0400000, 0x00000000c0400000|100%| O|  |TAMS 0x00000000c0400000, 0x00000000c0300000| Untracked 
|   4|0x00000000c0400000, 0x00000000c0500000, 0x00000000c0500000|100%| O|  |TAMS 0x00000000c0500000, 0x00000000c0400000| Untracked 
|   5|0x00000000c0500000, 0x00000000c0600000, 0x00000000c0600000|100%| O|  |TAMS 0x00000000c0600000, 0x00000000c0500000| Untracked 
|   6|0x00000000c0600000, 0x00000000c0700000, 0x00000000c0700000|100%| O|  |TAMS 0x00000000c0700000, 0x00000000c0600000| Untracked 
|   7|0x00000000c0700000, 0x00000000c0800000, 0x00000000c0800000|100%| O|  |TAMS 0x00000000c0800000, 0x00000000c0700000| Untracked 
|   8|0x00000000c0800000, 0x00000000c0900000, 0x00000000c0900000|100%| O|  |TAMS 0x00000000c0900000, 0x00000000c0800000| Untracked 
|   9|0x00000000c0900000, 0x00000000c0a00000, 0x00000000c0a00000|100%| O|  |TAMS 0x00000000c0a00000, 0x00000000c0900000| Untracked 
|  10|0x00000000c0a00000, 0x00000000c0b00000, 0x00000000c0b00000|100%| O|  |TAMS 0x00000000c0aafe00, 0x00000000c0a00000| Untracked 
|  11|0x00000000c0b00000, 0x00000000c0c00000, 0x00000000c0c00000|100%| O|  |TAMS 0x00000000c0c00000, 0x00000000c0b00000| Untracked 
|  12|0x00000000c0c00000, 0x00000000c0d00000, 0x00000000c0d00000|100%| O|  |TAMS 0x00000000c0d00000, 0x00000000c0c00000| Untracked 
|  13|0x00000000c0d00000, 0x00000000c0e00000, 0x00000000c0e00000|100%| O|  |TAMS 0x00000000c0e00000, 0x00000000c0d00000| Untracked 
|  14|0x00000000c0e00000, 0x00000000c0f00000, 0x00000000c0f00000|100%| O|  |TAMS 0x00000000c0f00000, 0x00000000c0e00000| Untracked 
|  15|0x00000000c0f00000, 0x00000000c1000000, 0x00000000c1000000|100%| O|  |TAMS 0x00000000c1000000, 0x00000000c0f00000| Untracked 
|  16|0x00000000c1000000, 0x00000000c1100000, 0x00000000c1100000|100%| O|  |TAMS 0x00000000c1100000, 0x00000000c1000000| Complete 
|  17|0x00000000c1100000, 0x00000000c1200000, 0x00000000c1200000|100%| O|  |TAMS 0x00000000c1200000, 0x00000000c1100000| Untracked 
|  18|0x00000000c1200000, 0x00000000c1300000, 0x00000000c1300000|100%| O|  |TAMS 0x00000000c1300000, 0x00000000c1200000| Untracked 
|  19|0x00000000c1300000, 0x00000000c1400000, 0x00000000c1400000|100%| O|  |TAMS 0x00000000c1400000, 0x00000000c1300000| Untracked 
|  20|0x00000000c1400000, 0x00000000c1500000, 0x00000000c1500000|100%| O|  |TAMS 0x00000000c1500000, 0x00000000c1400000| Untracked 
|  21|0x00000000c1500000, 0x00000000c1600000, 0x00000000c1600000|100%| O|  |TAMS 0x00000000c1500000, 0x00000000c1500000| Untracked 
|  22|0x00000000c1600000, 0x00000000c1700000, 0x00000000c1700000|100%| O|  |TAMS 0x00000000c1600000, 0x00000000c1600000| Untracked 
|  23|0x00000000c1700000, 0x00000000c1800000, 0x00000000c1800000|100%| O|  |TAMS 0x00000000c1700000, 0x00000000c1700000| Untracked 
|  24|0x00000000c1800000, 0x00000000c1891a00, 0x00000000c1900000| 56%| O|  |TAMS 0x00000000c1800000, 0x00000000c1800000| Untracked 
|  25|0x00000000c1900000, 0x00000000c1900000, 0x00000000c1a00000|  0%| F|  |TAMS 0x00000000c1900000, 0x00000000c1900000| Untracked 
|  26|0x00000000c1a00000, 0x00000000c1a00000, 0x00000000c1b00000|  0%| F|  |TAMS 0x00000000c1a00000, 0x00000000c1a00000| Untracked 
|  27|0x00000000c1b00000, 0x00000000c1b00000, 0x00000000c1c00000|  0%| F|  |TAMS 0x00000000c1b00000, 0x00000000c1b00000| Untracked 
|  28|0x00000000c1c00000, 0x00000000c1c00000, 0x00000000c1d00000|  0%| F|  |TAMS 0x00000000c1c00000, 0x00000000c1c00000| Untracked 
|  29|0x00000000c1d00000, 0x00000000c1d00000, 0x00000000c1e00000|  0%| F|  |TAMS 0x00000000c1d00000, 0x00000000c1d00000| Untracked 
|  30|0x00000000c1e00000, 0x00000000c1e00000, 0x00000000c1f00000|  0%| F|  |TAMS 0x00000000c1e00000, 0x00000000c1e00000| Untracked 
|  31|0x00000000c1f00000, 0x00000000c1f00000, 0x00000000c2000000|  0%| F|  |TAMS 0x00000000c1f00000, 0x00000000c1f00000| Untracked 
|  32|0x00000000c2000000, 0x00000000c2000000, 0x00000000c2100000|  0%| F|  |TAMS 0x00000000c2000000, 0x00000000c2000000| Untracked 
|  33|0x00000000c2100000, 0x00000000c2100000, 0x00000000c2200000|  0%| F|  |TAMS 0x00000000c2100000, 0x00000000c2100000| Untracked 
|  34|0x00000000c2200000, 0x00000000c2200000, 0x00000000c2300000|  0%| F|  |TAMS 0x00000000c2200000, 0x00000000c2200000| Untracked 
|  35|0x00000000c2300000, 0x00000000c2300000, 0x00000000c2400000|  0%| F|  |TAMS 0x00000000c2300000, 0x00000000c2300000| Untracked 
|  36|0x00000000c2400000, 0x00000000c2400000, 0x00000000c2500000|  0%| F|  |TAMS 0x00000000c2400000, 0x00000000c2400000| Untracked 
|  37|0x00000000c2500000, 0x00000000c2500000, 0x00000000c2600000|  0%| F|  |TAMS 0x00000000c2500000, 0x00000000c2500000| Untracked 
|  38|0x00000000c2600000, 0x00000000c2600000, 0x00000000c2700000|  0%| F|  |TAMS 0x00000000c2600000, 0x00000000c2600000| Untracked 
|  39|0x00000000c2700000, 0x00000000c2700000, 0x00000000c2800000|  0%| F|  |TAMS 0x00000000c2700000, 0x00000000c2700000| Untracked 
|  40|0x00000000c2800000, 0x00000000c2800000, 0x00000000c2900000|  0%| F|  |TAMS 0x00000000c2800000, 0x00000000c2800000| Untracked 
|  41|0x00000000c2900000, 0x00000000c2900000, 0x00000000c2a00000|  0%| F|  |TAMS 0x00000000c2900000, 0x00000000c2900000| Untracked 
|  42|0x00000000c2a00000, 0x00000000c2aa2998, 0x00000000c2b00000| 63%| E|  |TAMS 0x00000000c2a00000, 0x00000000c2a00000| Complete 
|  43|0x00000000c2b00000, 0x00000000c2c00000, 0x00000000c2c00000|100%| E|CS|TAMS 0x00000000c2b00000, 0x00000000c2b00000| Complete 
|  44|0x00000000c2c00000, 0x00000000c2d00000, 0x00000000c2d00000|100%| E|CS|TAMS 0x00000000c2c00000, 0x00000000c2c00000| Complete 
|  45|0x00000000c2d00000, 0x00000000c2e00000, 0x00000000c2e00000|100%| E|CS|TAMS 0x00000000c2d00000, 0x00000000c2d00000| Complete 
|  46|0x00000000c2e00000, 0x00000000c2eb4a60, 0x00000000c2f00000| 70%| S|CS|TAMS 0x00000000c2e00000, 0x00000000c2e00000| Complete 
|  47|0x00000000c2f00000, 0x00000000c3000000, 0x00000000c3000000|100%| E|CS|TAMS 0x00000000c2f00000, 0x00000000c2f00000| Complete 
|  48|0x00000000c3000000, 0x00000000c3100000, 0x00000000c3100000|100%| E|CS|TAMS 0x00000000c3000000, 0x00000000c3000000| Complete 
|  49|0x00000000c3100000, 0x00000000c3200000, 0x00000000c3200000|100%| E|CS|TAMS 0x00000000c3100000, 0x00000000c3100000| Complete 
|  50|0x00000000c3200000, 0x00000000c3300000, 0x00000000c3300000|100%| E|  |TAMS 0x00000000c3200000, 0x00000000c3200000| Complete 
|  51|0x00000000c3300000, 0x00000000c3400000, 0x00000000c3400000|100%| E|CS|TAMS 0x00000000c3300000, 0x00000000c3300000| Complete 
|  52|0x00000000c3400000, 0x00000000c3500000, 0x00000000c3500000|100%| E|CS|TAMS 0x00000000c3400000, 0x00000000c3400000| Complete 
|  53|0x00000000c3500000, 0x00000000c3600000, 0x00000000c3600000|100%| E|CS|TAMS 0x00000000c3500000, 0x00000000c3500000| Complete 
|  54|0x00000000c3600000, 0x00000000c3700000, 0x00000000c3700000|100%| E|CS|TAMS 0x00000000c3600000, 0x00000000c3600000| Complete 
|  55|0x00000000c3700000, 0x00000000c3800000, 0x00000000c3800000|100%| E|CS|TAMS 0x00000000c3700000, 0x00000000c3700000| Complete 
|  56|0x00000000c3800000, 0x00000000c3900000, 0x00000000c3900000|100%| E|CS|TAMS 0x00000000c3800000, 0x00000000c3800000| Complete 
|  57|0x00000000c3900000, 0x00000000c3a00000, 0x00000000c3a00000|100%| E|CS|TAMS 0x00000000c3900000, 0x00000000c3900000| Complete 
|  63|0x00000000c3f00000, 0x00000000c4000000, 0x00000000c4000000|100%| E|CS|TAMS 0x00000000c3f00000, 0x00000000c3f00000| Complete 

Card table byte_map: [0x000001b4bb1b0000,0x000001b4bb3b0000] _byte_map_base: 0x000001b4babb0000

Marking Bits (Prev, Next): (CMBitMap*) 0x000001b4bb43d1c0, (CMBitMap*) 0x000001b4bb43d180
 Prev Bits: [0x000001b4d3550000, 0x000001b4d4550000)
 Next Bits: [0x000001b4d2550000, 0x000001b4d3550000)

Polling page: 0x000001b4b9260000

Metaspace:

Usage:
  Non-class:     52.22 MB used.
      Class:      7.96 MB used.
       Both:     60.19 MB used.

Virtual space:
  Non-class space:       64.00 MB reserved,      52.56 MB ( 82%) committed,  1 nodes.
      Class space:        1.00 GB reserved,       8.25 MB ( <1%) committed,  1 nodes.
             Both:        1.06 GB reserved,      60.81 MB (  6%) committed. 

Chunk freelists:
   Non-Class:  3.11 MB
       Class:  3.77 MB
        Both:  6.88 MB

MaxMetaspaceSize: unlimited
CompressedClassSpaceSize: 1.00 GB
Initial GC threshold: 21.00 MB
Current GC threshold: 98.13 MB
CDS: on
MetaspaceReclaimPolicy: balanced
 - commit_granule_bytes: 65536.
 - commit_granule_words: 8192.
 - virtual_space_node_default_size: 8388608.
 - enlarge_chunks_in_place: 1.
 - new_chunks_are_fully_committed: 0.
 - uncommit_free_chunks: 1.
 - use_allocation_guard: 0.


Internal statistics:

num_allocs_failed_limit: 9.
num_arena_births: 808.
num_arena_deaths: 0.
num_vsnodes_births: 2.
num_vsnodes_deaths: 0.
num_space_committed: 973.
num_space_uncommitted: 0.
num_chunks_returned_to_freelist: 9.
num_chunks_taken_from_freelist: 2972.
num_chunk_merges: 9.
num_chunk_splits: 2218.
num_chunks_enlarged: 1818.
num_inconsistent_stats: 0.

CodeHeap 'non-profiled nmethods': size=120064Kb used=2354Kb max_used=2776Kb free=117709Kb
 bounds [0x000001b4cae10000, 0x000001b4cb0d0000, 0x000001b4d2350000]
CodeHeap 'profiled nmethods': size=120000Kb used=8350Kb max_used=10522Kb free=111649Kb
 bounds [0x000001b4c3350000, 0x000001b4c3da0000, 0x000001b4ca880000]
CodeHeap 'non-nmethods': size=5696Kb used=1410Kb max_used=1434Kb free=4286Kb
 bounds [0x000001b4ca880000, 0x000001b4caaf0000, 0x000001b4cae10000]
 total_blobs=5058 nmethods=4393 adapters=576
 compilation: enabled
              stopped_count=0, restarted_count=0
 full_count=0

Compilation events (20 events):
Event: 601.928 Thread 0x000001b4d68c7770 nmethod 5272 0x000001b4c3509e90 code [0x000001b4c350a120, 0x000001b4c350add8]
Event: 601.934 Thread 0x000001b4d68c7770 5273       1       com.mysql.cj.conf.AbstractRuntimeProperty::getInitialValue (5 bytes)
Event: 601.935 Thread 0x000001b4d68c7770 nmethod 5273 0x000001b4caf40590 code [0x000001b4caf40720, 0x000001b4caf407d8]
Event: 601.938 Thread 0x000001b4d68c7770 5274   !   3       jdk.internal.misc.ScopedMemoryAccess::copyMemory (27 bytes)
Event: 601.939 Thread 0x000001b4d68c7770 nmethod 5274 0x000001b4c355ed90 code [0x000001b4c355efa0, 0x000001b4c355f5b8]
Event: 601.939 Thread 0x000001b4d68c0880 5276       4       org.springframework.util.Assert::state (14 bytes)
Event: 601.939 Thread 0x000001b4d68c7770 5275   !   3       jdk.internal.misc.ScopedMemoryAccess::copyMemoryInternal (56 bytes)
Event: 601.939 Thread 0x000001b4d68c7770 nmethod 5275 0x000001b4c3ad2610 code [0x000001b4c3ad2800, 0x000001b4c3ad2d48]
Event: 601.939 Thread 0x000001b4d68c0880 nmethod 5276 0x000001b4cae2f290 code [0x000001b4cae2f400, 0x000001b4cae2f478]
Event: 601.940 Thread 0x000001b4d68c7770 5277       1       java.nio.DirectByteBuffer::isReadOnly (2 bytes)
Event: 601.940 Thread 0x000001b4d68c7770 nmethod 5277 0x000001b4cae2ef90 code [0x000001b4cae2f120, 0x000001b4cae2f1f8]
Event: 601.944 Thread 0x000001b4d68c7770 5278       1       org.apache.tomcat.util.buf.MessageBytes::getByteChunk (5 bytes)
Event: 601.944 Thread 0x000001b4d68c7770 nmethod 5278 0x000001b4cae2eb10 code [0x000001b4cae2eca0, 0x000001b4cae2ed58]
Event: 601.944 Thread 0x000001b4d68c7770 5279       1       org.apache.tomcat.util.buf.ByteChunk::getBuffer (5 bytes)
Event: 601.944 Thread 0x000001b4d68c7770 nmethod 5279 0x000001b4cae31510 code [0x000001b4cae316a0, 0x000001b4cae31758]
Event: 601.944 Thread 0x000001b4d68c7770 5280       3       java.nio.HeapByteBuffer::put (16 bytes)
Event: 601.945 Thread 0x000001b4d68c7770 nmethod 5280 0x000001b4c3704090 code [0x000001b4c3704260, 0x000001b4c37045a8]
Event: 617.074 Thread 0x000001b4d68c0880 5281       4       java.io.File::listFiles (52 bytes)
Event: 617.093 Thread 0x000001b4d68c0880 nmethod 5281 0x000001b4caf84990 code [0x000001b4caf84b60, 0x000001b4caf852e8]
Event: 617.093 Thread 0x000001b4d68c0880 5282       4       org.springframework.boot.devtools.filewatch.DirectorySnapshot::collectFiles (99 bytes)

GC Heap History (20 events):
Event: 6.179 GC heap before
{Heap before GC invocations=5 (full 0):
 garbage-first heap   total 65536K, used 19382K [0x00000000c0000000, 0x0000000100000000)
  region size 1024K, 14 young (14336K), 5 survivors (5120K)
 Metaspace       used 21333K, committed 21504K, reserved 1114112K
  class space    used 2603K, committed 2688K, reserved 1048576K
}
Event: 6.198 GC heap after
{Heap after GC invocations=6 (full 0):
 garbage-first heap   total 65536K, used 12034K [0x00000000c0000000, 0x0000000100000000)
  region size 1024K, 1 young (1024K), 1 survivors (1024K)
 Metaspace       used 21333K, committed 21504K, reserved 1114112K
  class space    used 2603K, committed 2688K, reserved 1048576K
}
Event: 9.040 GC heap before
{Heap before GC invocations=7 (full 0):
 garbage-first heap   total 45056K, used 43778K [0x00000000c0000000, 0x0000000100000000)
  region size 1024K, 33 young (33792K), 1 survivors (1024K)
 Metaspace       used 28472K, committed 28928K, reserved 1114112K
  class space    used 3572K, committed 3776K, reserved 1048576K
}
Event: 9.058 GC heap after
{Heap after GC invocations=8 (full 0):
 garbage-first heap   total 50176K, used 15542K [0x00000000c0000000, 0x0000000100000000)
  region size 1024K, 5 young (5120K), 5 survivors (5120K)
 Metaspace       used 28472K, committed 28928K, reserved 1114112K
  class space    used 3572K, committed 3776K, reserved 1048576K
}
Event: 10.403 GC heap before
{Heap before GC invocations=8 (full 0):
 garbage-first heap   total 50176K, used 36022K [0x00000000c0000000, 0x0000000100000000)
  region size 1024K, 26 young (26624K), 5 survivors (5120K)
 Metaspace       used 32536K, committed 33024K, reserved 1114112K
  class space    used 4071K, committed 4288K, reserved 1048576K
}
Event: 10.423 GC heap after
{Heap after GC invocations=9 (full 0):
 garbage-first heap   total 50176K, used 17161K [0x00000000c0000000, 0x0000000100000000)
  region size 1024K, 2 young (2048K), 2 survivors (2048K)
 Metaspace       used 32536K, committed 33024K, reserved 1114112K
  class space    used 4071K, committed 4288K, reserved 1048576K
}
Event: 11.126 GC heap before
{Heap before GC invocations=9 (full 0):
 garbage-first heap   total 50176K, used 26377K [0x00000000c0000000, 0x0000000100000000)
  region size 1024K, 12 young (12288K), 2 survivors (2048K)
 Metaspace       used 35462K, committed 35968K, reserved 1114112K
  class space    used 4556K, committed 4800K, reserved 1048576K
}
Event: 11.135 GC heap after
{Heap after GC invocations=10 (full 0):
 garbage-first heap   total 50176K, used 17890K [0x00000000c0000000, 0x0000000100000000)
  region size 1024K, 1 young (1024K), 1 survivors (1024K)
 Metaspace       used 35462K, committed 35968K, reserved 1114112K
  class space    used 4556K, committed 4800K, reserved 1048576K
}
Event: 12.826 GC heap before
{Heap before GC invocations=11 (full 0):
 garbage-first heap   total 50176K, used 37346K [0x00000000c0000000, 0x0000000100000000)
  region size 1024K, 21 young (21504K), 1 survivors (1024K)
 Metaspace       used 41575K, committed 42048K, reserved 1114112K
  class space    used 5324K, committed 5504K, reserved 1048576K
}
Event: 12.836 GC heap after
{Heap after GC invocations=12 (full 0):
 garbage-first heap   total 50176K, used 20305K [0x00000000c0000000, 0x0000000100000000)
  region size 1024K, 3 young (3072K), 3 survivors (3072K)
 Metaspace       used 41575K, committed 42048K, reserved 1114112K
  class space    used 5324K, committed 5504K, reserved 1048576K
}
Event: 12.881 GC heap before
{Heap before GC invocations=12 (full 0):
 garbage-first heap   total 50176K, used 21329K [0x00000000c0000000, 0x0000000100000000)
  region size 1024K, 4 young (4096K), 3 survivors (3072K)
 Metaspace       used 42028K, committed 42560K, reserved 1114112K
  class space    used 5368K, committed 5632K, reserved 1048576K
}
Event: 12.893 GC heap after
{Heap after GC invocations=13 (full 0):
 garbage-first heap   total 50176K, used 20530K [0x00000000c0000000, 0x0000000100000000)
  region size 1024K, 1 young (1024K), 1 survivors (1024K)
 Metaspace       used 42028K, committed 42560K, reserved 1114112K
  class space    used 5368K, committed 5632K, reserved 1048576K
}
Event: 14.081 GC heap before
{Heap before GC invocations=13 (full 0):
 garbage-first heap   total 50176K, used 36914K [0x00000000c0000000, 0x0000000100000000)
  region size 1024K, 18 young (18432K), 1 survivors (1024K)
 Metaspace       used 47745K, committed 48256K, reserved 1114112K
  class space    used 6288K, committed 6528K, reserved 1048576K
}
Event: 14.089 GC heap after
{Heap after GC invocations=14 (full 0):
 garbage-first heap   total 60416K, used 21100K [0x00000000c0000000, 0x0000000100000000)
  region size 1024K, 1 young (1024K), 1 survivors (1024K)
 Metaspace       used 47745K, committed 48256K, reserved 1114112K
  class space    used 6288K, committed 6528K, reserved 1048576K
}
Event: 15.594 GC heap before
{Heap before GC invocations=14 (full 0):
 garbage-first heap   total 60416K, used 45676K [0x00000000c0000000, 0x0000000100000000)
  region size 1024K, 26 young (26624K), 1 survivors (1024K)
 Metaspace       used 53302K, committed 53824K, reserved 1114112K
  class space    used 7022K, committed 7296K, reserved 1048576K
}
Event: 15.605 GC heap after
{Heap after GC invocations=15 (full 0):
 garbage-first heap   total 60416K, used 22806K [0x00000000c0000000, 0x0000000100000000)
  region size 1024K, 3 young (3072K), 3 survivors (3072K)
 Metaspace       used 53302K, committed 53824K, reserved 1114112K
  class space    used 7022K, committed 7296K, reserved 1048576K
}
Event: 17.107 GC heap before
{Heap before GC invocations=15 (full 0):
 garbage-first heap   total 60416K, used 47382K [0x00000000c0000000, 0x0000000100000000)
  region size 1024K, 27 young (27648K), 3 survivors (3072K)
 Metaspace       used 56317K, committed 56896K, reserved 1114112K
  class space    used 7421K, committed 7680K, reserved 1048576K
}
Event: 17.127 GC heap after
{Heap after GC invocations=16 (full 0):
 garbage-first heap   total 60416K, used 25279K [0x00000000c0000000, 0x0000000100000000)
  region size 1024K, 4 young (4096K), 4 survivors (4096K)
 Metaspace       used 56317K, committed 56896K, reserved 1114112K
  class space    used 7421K, committed 7680K, reserved 1048576K
}
Event: 45.184 GC heap before
{Heap before GC invocations=16 (full 0):
 garbage-first heap   total 60416K, used 35519K [0x00000000c0000000, 0x0000000100000000)
  region size 1024K, 16 young (16384K), 4 survivors (4096K)
 Metaspace       used 59503K, committed 60096K, reserved 1114112K
  class space    used 7845K, committed 8128K, reserved 1048576K
}
Event: 45.207 GC heap after
{Heap after GC invocations=17 (full 0):
 garbage-first heap   total 60416K, used 25881K [0x00000000c0000000, 0x0000000100000000)
  region size 1024K, 1 young (1024K), 1 survivors (1024K)
 Metaspace       used 59503K, committed 60096K, reserved 1114112K
  class space    used 7845K, committed 8128K, reserved 1048576K
}

Dll operation events (11 events):
Event: 0.010 Loaded shared library C:\Program Files\Java\jdk-19\bin\java.dll
Event: 0.029 Loaded shared library C:\Program Files\Java\jdk-19\bin\jsvml.dll
Event: 0.152 Loaded shared library C:\Program Files\Java\jdk-19\bin\net.dll
Event: 0.155 Loaded shared library C:\Program Files\Java\jdk-19\bin\nio.dll
Event: 0.159 Loaded shared library C:\Program Files\Java\jdk-19\bin\zip.dll
Event: 0.402 Loaded shared library C:\Program Files\Java\jdk-19\bin\jimage.dll
Event: 1.131 Loaded shared library C:\Program Files\Java\jdk-19\bin\management.dll
Event: 1.135 Loaded shared library C:\Program Files\Java\jdk-19\bin\management_ext.dll
Event: 2.491 Loaded shared library C:\Program Files\Java\jdk-19\bin\verify.dll
Event: 8.986 Loaded shared library C:\Program Files\Java\jdk-19\bin\sunmscapi.dll
Event: 11.654 Loaded shared library C:\Program Files\Java\jdk-19\bin\extnet.dll

Deoptimization events (20 events):
Event: 17.188 Thread 0x000001b4db6b1010 Uncommon trap: trap_request=0xffffff45 fr.pc=0x000001b4cae94380 relative=0x00000000000000e0
Event: 17.188 Thread 0x000001b4db6b1010 Uncommon trap: reason=unstable_if action=reinterpret pc=0x000001b4cae94380 method=java.lang.ref.ReferenceQueue.poll()Ljava/lang/ref/Reference; @ 4 c2
Event: 17.188 Thread 0x000001b4db6b1010 DEOPT PACKING pc=0x000001b4cae94380 sp=0x000000483affea00
Event: 17.188 Thread 0x000001b4db6b1010 DEOPT UNPACKING pc=0x000001b4ca8e6d9d sp=0x000000483affe8c8 mode 2
Event: 17.195 Thread 0x000001b4db6b1010 Uncommon trap: trap_request=0xffffff76 fr.pc=0x000001b4cb069a84 relative=0x0000000000000684
Event: 17.195 Thread 0x000001b4db6b1010 Uncommon trap: reason=predicate action=maybe_recompile pc=0x000001b4cb069a84 method=java.util.LinkedHashMap.valuesToArray([Ljava/lang/Object;)[Ljava/lang/Object; @ 12 c2
Event: 17.195 Thread 0x000001b4db6b1010 DEOPT PACKING pc=0x000001b4cb069a84 sp=0x000000483affe080
Event: 17.195 Thread 0x000001b4db6b1010 DEOPT UNPACKING pc=0x000001b4ca8e6d9d sp=0x000000483affdf10 mode 2
Event: 44.825 Thread 0x000001b4dd454af0 Uncommon trap: trap_request=0xffffff45 fr.pc=0x000001b4caf37bec relative=0x00000000000001cc
Event: 44.825 Thread 0x000001b4dd454af0 Uncommon trap: reason=unstable_if action=reinterpret pc=0x000001b4caf37bec method=java.util.HashMap.getNode(Ljava/lang/Object;)Ljava/util/HashMap$Node; @ 66 c2
Event: 44.825 Thread 0x000001b4dd454af0 DEOPT PACKING pc=0x000001b4caf37bec sp=0x000000483b8fce80
Event: 44.825 Thread 0x000001b4dd454af0 DEOPT UNPACKING pc=0x000001b4ca8e6d9d sp=0x000000483b8fcd88 mode 2
Event: 240.466 Thread 0x000001b4d688a110 Uncommon trap: trap_request=0xffffffbe fr.pc=0x000001b4caee6378 relative=0x00000000000012b8
Event: 240.466 Thread 0x000001b4d688a110 Uncommon trap: reason=profile_predicate action=maybe_recompile pc=0x000001b4caee6378 method=java.util.TreeMap.put(Ljava/lang/Object;Ljava/lang/Object;Z)Ljava/lang/Object; @ 27 c2
Event: 240.466 Thread 0x000001b4d688a110 DEOPT PACKING pc=0x000001b4caee6378 sp=0x000000483b0fed90
Event: 240.466 Thread 0x000001b4d688a110 DEOPT UNPACKING pc=0x000001b4ca8e6d9d sp=0x000000483b0fed60 mode 2
Event: 250.468 Thread 0x000001b4d688a110 Uncommon trap: trap_request=0xffffffbe fr.pc=0x000001b4caee6378 relative=0x00000000000012b8
Event: 250.468 Thread 0x000001b4d688a110 Uncommon trap: reason=profile_predicate action=maybe_recompile pc=0x000001b4caee6378 method=java.util.TreeMap.put(Ljava/lang/Object;Ljava/lang/Object;Z)Ljava/lang/Object; @ 27 c2
Event: 250.468 Thread 0x000001b4d688a110 DEOPT PACKING pc=0x000001b4caee6378 sp=0x000000483b0fed90
Event: 250.468 Thread 0x000001b4d688a110 DEOPT UNPACKING pc=0x000001b4ca8e6d9d sp=0x000000483b0fed60 mode 2

Classes loaded (20 events):
Event: 45.251 Loading class java/util/regex/Pattern$Bound
Event: 45.264 Loading class java/util/regex/Pattern$Bound done
Event: 45.507 Loading class java/time/format/DateTimeFormatterBuilder$ZoneTextPrinterParser
Event: 45.507 Loading class java/time/format/DateTimeFormatterBuilder$ZoneTextPrinterParser done
Event: 45.507 Loading class java/time/format/DateTimeFormatterBuilder$ReducedPrinterParser
Event: 45.508 Loading class java/time/format/DateTimeFormatterBuilder$ReducedPrinterParser done
Event: 45.636 Loading class java/util/stream/LongStream
Event: 45.636 Loading class java/util/stream/LongStream done
Event: 45.636 Loading class java/util/stream/DoubleStream
Event: 45.637 Loading class java/util/stream/DoubleStream done
Event: 45.690 Loading class org/w3c/dom/Node
Event: 45.691 Loading class org/w3c/dom/Node done
Event: 45.691 Loading class org/w3c/dom/Document
Event: 45.691 Loading class org/w3c/dom/Document done
Event: 313.261 Loading class java/io/PushbackInputStream
Event: 313.261 Loading class java/io/PushbackInputStream done
Event: 431.150 Loading class java/lang/foreign/MemorySegment
Event: 431.151 Loading class java/lang/foreign/Addressable
Event: 431.151 Loading class java/lang/foreign/Addressable done
Event: 431.151 Loading class java/lang/foreign/MemorySegment done

Classes unloaded (0 events):
No events

Classes redefined (0 events):
No events

Internal exceptions (20 events):
Event: 14.725 Thread 0x000001b4db6b1010 Exception <a 'java/lang/NoSuchMethodError'{0x00000000c31eb840}: 'void java.lang.invoke.Invokers$Holder.invokeExact_MT(java.lang.Object, java.lang.Object, java.lang.Object, java.lang.Object)'> (0x00000000c31eb840) 
thrown [s\open\src\hotspot\share\interpreter\linkResolver.cpp, line 774]
Event: 15.001 Thread 0x000001b4db6b1010 Exception <a 'java/lang/IncompatibleClassChangeError'{0x00000000c2da0600}: Found class java.lang.Object, but interface was expected> (0x00000000c2da0600) 
thrown [s\open\src\hotspot\share\interpreter\linkResolver.cpp, line 841]
Event: 15.084 Thread 0x000001b4db6b1010 Exception <a 'java/lang/IncompatibleClassChangeError'{0x00000000c2cf54e0}: Found class java.lang.Object, but interface was expected> (0x00000000c2cf54e0) 
thrown [s\open\src\hotspot\share\interpreter\linkResolver.cpp, line 841]
Event: 15.455 Thread 0x000001b4db6b1010 Exception <a 'java/lang/IncompatibleClassChangeError'{0x00000000c25378e0}: Found class java.lang.Object, but interface was expected> (0x00000000c25378e0) 
thrown [s\open\src\hotspot\share\interpreter\linkResolver.cpp, line 841]
Event: 15.726 Thread 0x000001b4db6b1010 Exception <a 'java/lang/NoSuchMethodError'{0x00000000c39f3bd0}: 'java.lang.Object java.lang.invoke.DirectMethodHandle$Holder.invokeInterface(java.lang.Object, java.lang.Object, java.lang.Object, java.lang.Object)'> (0x00000000c39f3bd0) 
thrown [s\open\src\hotspot\share\interpreter\linkResolver.cpp, line 774]
Event: 15.854 Thread 0x000001b4db6b1010 Exception <a 'java/lang/NoSuchMethodError'{0x00000000c37c28e8}: 'java.lang.Object java.lang.invoke.DirectMethodHandle$Holder.newInvokeSpecial(java.lang.Object, java.lang.Object, java.lang.Object, java.lang.Object, java.lang.Object, java.lang.Object, java.lang.Object, java.lang.Object)'> (0x00000000c37c28e8) 
thrown [s\open\src\hotspot\share\interpreter\linkResolver.cpp, line 774]
Event: 16.161 Thread 0x000001b4db6b1010 Exception <a 'java/lang/IncompatibleClassChangeError'{0x00000000c325e5a0}: Found class java.lang.Object, but interface was expected> (0x00000000c325e5a0) 
thrown [s\open\src\hotspot\share\interpreter\linkResolver.cpp, line 841]
Event: 16.258 Thread 0x000001b4db6b1010 Exception <a 'java/lang/NoSuchMethodError'{0x00000000c30528d0}: 'void java.lang.invoke.DirectMethodHandle$Holder.invokeVirtual(java.lang.Object, java.lang.Object, long)'> (0x00000000c30528d0) 
thrown [s\open\src\hotspot\share\interpreter\linkResolver.cpp, line 774]
Event: 16.588 Thread 0x000001b4db6b1010 Exception <a 'java/lang/IncompatibleClassChangeError'{0x00000000c2a11070}: Found class java.lang.Object, but interface was expected> (0x00000000c2a11070) 
thrown [s\open\src\hotspot\share\interpreter\linkResolver.cpp, line 841]
Event: 16.699 Thread 0x000001b4db6b1010 Exception <a 'java/lang/NoSuchMethodError'{0x00000000c29832b0}: 'int java.lang.invoke.DirectMethodHandle$Holder.invokeStaticInit(java.lang.Object, java.lang.Object, java.lang.Object, java.lang.Object)'> (0x00000000c29832b0) 
thrown [s\open\src\hotspot\share\interpreter\linkResolver.cpp, line 774]
Event: 16.824 Thread 0x000001b4db6b1010 Implicit null exception at 0x000001b4caf270da to 0x000001b4caf27304
Event: 17.046 Thread 0x000001b4db6b1010 Exception <a 'java/lang/NoSuchMethodError'{0x00000000c24f4e40}: 'java.lang.Object java.lang.invoke.DirectMethodHandle$Holder.newInvokeSpecial(java.lang.Object, java.lang.Object, int, java.lang.Object, java.lang.Object)'> (0x00000000c24f4e40) 
thrown [s\open\src\hotspot\share\interpreter\linkResolver.cpp, line 774]
Event: 17.049 Thread 0x000001b4db6b1010 Exception <a 'java/lang/NoSuchMethodError'{0x00000000c2300bc0}: 'java.lang.Object java.lang.invoke.DirectMethodHandle$Holder.invokeSpecial(java.lang.Object, java.lang.Object, int, java.lang.Object, int, java.lang.Object)'> (0x00000000c2300bc0) 
thrown [s\open\src\hotspot\share\interpreter\linkResolver.cpp, line 774]
Event: 17.050 Thread 0x000001b4db6b1010 Exception <a 'java/lang/NoSuchMethodError'{0x00000000c2308c58}: 'java.lang.Object java.lang.invoke.DirectMethodHandle$Holder.newInvokeSpecial(java.lang.Object, java.lang.Object, int, java.lang.Object, int)'> (0x00000000c2308c58) 
thrown [s\open\src\hotspot\share\interpreter\linkResolver.cpp, line 774]
Event: 17.050 Thread 0x000001b4db6b1010 Exception <a 'java/lang/NoSuchMethodError'{0x00000000c230cd70}: 'java.lang.Object java.lang.invoke.DirectMethodHandle$Holder.invokeSpecial(java.lang.Object, java.lang.Object, java.lang.Object, int, java.lang.Object, int)'> (0x00000000c230cd70) 
thrown [s\open\src\hotspot\share\interpreter\linkResolver.cpp, line 774]
Event: 17.144 Thread 0x000001b4db6b1010 Implicit null exception at 0x000001b4caffce25 to 0x000001b4caffd084
Event: 17.213 Thread 0x000001b4bb3fc0e0 Exception <a 'java/lang/NoSuchMethodError'{0x00000000c39473f8}: 'int java.lang.invoke.DirectMethodHandle$Holder.invokeSpecialIFC(java.lang.Object, java.lang.Object, java.lang.Object)'> (0x00000000c39473f8) 
thrown [s\open\src\hotspot\share\interpreter\linkResolver.cpp, line 774]
Event: 44.474 Thread 0x000001b4dd454af0 Exception <a 'java/lang/NoSuchMethodError'{0x00000000c37d2160}: 'java.lang.Object java.lang.invoke.DirectMethodHandle$Holder.invokeSpecial(java.lang.Object, java.lang.Object, java.lang.Object, java.lang.Object, java.lang.Object, long)'> (0x00000000c37d2160) 
thrown [s\open\src\hotspot\share\interpreter\linkResolver.cpp, line 774]
Event: 44.475 Thread 0x000001b4dd454af0 Exception <a 'java/lang/NoSuchMethodError'{0x00000000c37d5bb0}: 'java.lang.Object java.lang.invoke.Invokers$Holder.linkToTargetMethod(java.lang.Object, java.lang.Object, java.lang.Object, long, java.lang.Object)'> (0x00000000c37d5bb0) 
thrown [s\open\src\hotspot\share\interpreter\linkResolver.cpp, line 774]
Event: 45.292 Thread 0x000001b4dd454af0 Exception <a 'java/lang/IncompatibleClassChangeError'{0x00000000c3f5d7b0}: Found class java.lang.Object, but interface was expected> (0x00000000c3f5d7b0) 
thrown [s\open\src\hotspot\share\interpreter\linkResolver.cpp, line 841]

VM Operations (20 events):
Event: 313.419 Executing VM operation: HandshakeAllThreads
Event: 313.419 Executing VM operation: HandshakeAllThreads done
Event: 313.419 Executing VM operation: Cleanup
Event: 313.420 Executing VM operation: Cleanup done
Event: 314.420 Executing VM operation: Cleanup
Event: 314.420 Executing VM operation: Cleanup done
Event: 356.453 Executing VM operation: Cleanup
Event: 356.453 Executing VM operation: Cleanup done
Event: 416.498 Executing VM operation: Cleanup
Event: 416.498 Executing VM operation: Cleanup done
Event: 426.509 Executing VM operation: Cleanup
Event: 426.509 Executing VM operation: Cleanup done
Event: 431.511 Executing VM operation: Cleanup
Event: 431.511 Executing VM operation: Cleanup done
Event: 451.526 Executing VM operation: Cleanup
Event: 451.526 Executing VM operation: Cleanup done
Event: 555.608 Executing VM operation: Cleanup
Event: 555.608 Executing VM operation: Cleanup done
Event: 602.641 Executing VM operation: Cleanup
Event: 602.641 Executing VM operation: Cleanup done

Events (20 events):
Event: 63.268 Thread 0x000001b4d68dbf40 flushing nmethod 0x000001b4c3c92a10
Event: 63.268 Thread 0x000001b4d68dbf40 flushing nmethod 0x000001b4c3ca2f10
Event: 63.268 Thread 0x000001b4d68dbf40 flushing nmethod 0x000001b4c3ca5490
Event: 63.268 Thread 0x000001b4d68dbf40 flushing nmethod 0x000001b4c3cad810
Event: 63.269 Thread 0x000001b4d68dbf40 flushing nmethod 0x000001b4c3cd4d90
Event: 63.269 Thread 0x000001b4d68dbf40 flushing nmethod 0x000001b4c3ce0b10
Event: 63.269 Thread 0x000001b4d68dbf40 flushing nmethod 0x000001b4c3ce1390
Event: 63.269 Thread 0x000001b4d68dbf40 flushing nmethod 0x000001b4c3ce1b90
Event: 63.269 Thread 0x000001b4d68dbf40 flushing nmethod 0x000001b4c3ce1f10
Event: 63.269 Thread 0x000001b4d68dbf40 flushing nmethod 0x000001b4c3ce2310
Event: 63.269 Thread 0x000001b4d68dbf40 flushing nmethod 0x000001b4c3ce2710
Event: 63.269 Thread 0x000001b4d68dbf40 flushing nmethod 0x000001b4c3ce2b10
Event: 63.269 Thread 0x000001b4d68dbf40 flushing nmethod 0x000001b4c3ce4a10
Event: 63.269 Thread 0x000001b4d68dbf40 flushing nmethod 0x000001b4c3ce7f90
Event: 63.269 Thread 0x000001b4d68dbf40 flushing nmethod 0x000001b4c3cefb90
Event: 63.269 Thread 0x000001b4d68dbf40 flushing nmethod 0x000001b4c3d6a390
Event: 63.269 Thread 0x000001b4d68dbf40 flushing nmethod 0x000001b4c3d6aa10
Event: 63.269 Thread 0x000001b4d68dbf40 flushing nmethod 0x000001b4c3d6b010
Event: 63.269 Thread 0x000001b4d68dbf40 flushing nmethod 0x000001b4c3d6bf90
Event: 63.269 Thread 0x000001b4d68dbf40 flushing nmethod 0x000001b4c3d75510


Dynamic libraries:
0x00007ff68a620000 - 0x00007ff68a630000 	C:\Program Files\Java\jdk-19\bin\java.exe
0x00007ffcfafb0000 - 0x00007ffcfb19e000 	C:\Windows\SYSTEM32\ntdll.dll
0x00007ffcfa030000 - 0x00007ffcfa0e3000 	C:\Windows\System32\KERNEL32.DLL
0x00007ffcf7270000 - 0x00007ffcf750c000 	C:\Windows\System32\KERNELBASE.dll
0x00007ffcf7510000 - 0x00007ffcf760a000 	C:\Windows\System32\ucrtbase.dll
0x00007ffcf0510000 - 0x00007ffcf0528000 	C:\Program Files\Java\jdk-19\bin\jli.dll
0x00007ffcfa9e0000 - 0x00007ffcfaa87000 	C:\Windows\System32\ADVAPI32.dll
0x00007ffcefed0000 - 0x00007ffcefeeb000 	C:\Program Files\Java\jdk-19\bin\VCRUNTIME140.dll
0x00007ffcf8680000 - 0x00007ffcf871e000 	C:\Windows\System32\msvcrt.dll
0x00007ffcf85e0000 - 0x00007ffcf867f000 	C:\Windows\System32\sechost.dll
0x00007ffcf9f10000 - 0x00007ffcfa02d000 	C:\Windows\System32\RPCRT4.dll
0x00007ffcf8270000 - 0x00007ffcf8408000 	C:\Windows\System32\USER32.dll
0x00007ffcf7250000 - 0x00007ffcf7270000 	C:\Windows\System32\win32u.dll
0x00007ffcf8240000 - 0x00007ffcf8269000 	C:\Windows\System32\GDI32.dll
0x00007ffcefef0000 - 0x00007ffcf0169000 	C:\Windows\WinSxS\amd64_microsoft.windows.common-controls_6595b64144ccf1df_6.0.17763.4131_none_de70d21e534b9adf\COMCTL32.dll
0x00007ffcf76e0000 - 0x00007ffcf7880000 	C:\Windows\System32\gdi32full.dll
0x00007ffcf8140000 - 0x00007ffcf81e0000 	C:\Windows\System32\msvcp_win.dll
0x00007ffcfa370000 - 0x00007ffcfa69c000 	C:\Windows\System32\combase.dll
0x00007ffcf80b0000 - 0x00007ffcf8132000 	C:\Windows\System32\bcryptPrimitives.dll
0x00007ffcf1900000 - 0x00007ffcf190a000 	C:\Windows\SYSTEM32\VERSION.dll
0x00007ffcf8720000 - 0x00007ffcf874e000 	C:\Windows\System32\IMM32.DLL
0x00007ffcefea0000 - 0x00007ffcefeac000 	C:\Program Files\Java\jdk-19\bin\vcruntime140_1.dll
0x00007ffce5f50000 - 0x00007ffce5fde000 	C:\Program Files\Java\jdk-19\bin\msvcp140.dll
0x00007ffcd45c0000 - 0x00007ffcd5280000 	C:\Program Files\Java\jdk-19\bin\server\jvm.dll
0x00007ffcf0330000 - 0x00007ffcf0339000 	C:\Windows\SYSTEM32\WSOCK32.dll
0x00007ffcf4f90000 - 0x00007ffcf4fb4000 	C:\Windows\SYSTEM32\WINMM.dll
0x00007ffcfaa90000 - 0x00007ffcfaafd000 	C:\Windows\System32\WS2_32.dll
0x00007ffcf4f60000 - 0x00007ffcf4f8d000 	C:\Windows\SYSTEM32\WINMMBASE.dll
0x00007ffcf7880000 - 0x00007ffcf78ca000 	C:\Windows\System32\cfgmgr32.dll
0x00007ffcf7030000 - 0x00007ffcf7041000 	C:\Windows\System32\kernel.appcore.dll
0x00007ffcefa20000 - 0x00007ffcefa2a000 	C:\Program Files\Java\jdk-19\bin\jimage.dll
0x00007ffce79a0000 - 0x00007ffce7b8d000 	C:\Windows\SYSTEM32\DBGHELP.DLL
0x00007ffce8c60000 - 0x00007ffce8c8a000 	C:\Windows\SYSTEM32\dbgcore.DLL
0x00007ffcef460000 - 0x00007ffcef486000 	C:\Program Files\Java\jdk-19\bin\java.dll
0x00007ffce5fe0000 - 0x00007ffce60b7000 	C:\Program Files\Java\jdk-19\bin\jsvml.dll
0x00007ffcf8750000 - 0x00007ffcf9c48000 	C:\Windows\System32\SHELL32.dll
0x00007ffcfa2c0000 - 0x00007ffcfa367000 	C:\Windows\System32\shcore.dll
0x00007ffcf78d0000 - 0x00007ffcf8019000 	C:\Windows\System32\windows.storage.dll
0x00007ffcf7000000 - 0x00007ffcf7023000 	C:\Windows\System32\profapi.dll
0x00007ffcf6fa0000 - 0x00007ffcf6ffd000 	C:\Windows\System32\powrprof.dll
0x00007ffcf81e0000 - 0x00007ffcf8232000 	C:\Windows\System32\shlwapi.dll
0x00007ffcf7610000 - 0x00007ffcf762b000 	C:\Windows\System32\cryptsp.dll
0x00007ffced1b0000 - 0x00007ffced1c3000 	C:\Program Files\Java\jdk-19\bin\net.dll
0x00007ffceea50000 - 0x00007ffceeb4f000 	C:\Windows\SYSTEM32\WINHTTP.dll
0x00007ffcf67d0000 - 0x00007ffcf6837000 	C:\Windows\system32\mswsock.dll
0x00007ffceccc0000 - 0x00007ffceccd6000 	C:\Program Files\Java\jdk-19\bin\nio.dll
0x00007ffcebe10000 - 0x00007ffcebe28000 	C:\Program Files\Java\jdk-19\bin\zip.dll
0x00007ffcee110000 - 0x00007ffcee11a000 	C:\Program Files\Java\jdk-19\bin\management.dll
0x00007ffcebdd0000 - 0x00007ffcebddb000 	C:\Program Files\Java\jdk-19\bin\management_ext.dll
0x00007ffcfa250000 - 0x00007ffcfa258000 	C:\Windows\System32\PSAPI.DLL
0x00007ffcefa10000 - 0x00007ffcefa20000 	C:\Program Files\Java\jdk-19\bin\verify.dll
0x00007ffcf6340000 - 0x00007ffcf6373000 	C:\Windows\system32\rsaenh.dll
0x00007ffcf8080000 - 0x00007ffcf80a6000 	C:\Windows\System32\bcrypt.dll
0x00007ffcf6e80000 - 0x00007ffcf6ea9000 	C:\Windows\SYSTEM32\USERENV.dll
0x00007ffcf69a0000 - 0x00007ffcf69ac000 	C:\Windows\SYSTEM32\CRYPTBASE.dll
0x00007ffcf64e0000 - 0x00007ffcf651d000 	C:\Windows\SYSTEM32\IPHLPAPI.DLL
0x00007ffcf9c70000 - 0x00007ffcf9c78000 	C:\Windows\System32\NSI.dll
0x00007ffcf0750000 - 0x00007ffcf0766000 	C:\Windows\SYSTEM32\dhcpcsvc6.DLL
0x00007ffcf0730000 - 0x00007ffcf074c000 	C:\Windows\SYSTEM32\dhcpcsvc.DLL
0x00007ffcf6530000 - 0x00007ffcf65f6000 	C:\Windows\SYSTEM32\DNSAPI.dll
0x00007ffcf0270000 - 0x00007ffcf027e000 	C:\Program Files\Java\jdk-19\bin\sunmscapi.dll
0x00007ffcf7050000 - 0x00007ffcf7245000 	C:\Windows\System32\CRYPT32.dll
0x00007ffcf6f80000 - 0x00007ffcf6f92000 	C:\Windows\System32\MSASN1.dll
0x00007ffcf6aa0000 - 0x00007ffcf6acc000 	C:\Windows\SYSTEM32\ncrypt.dll
0x00007ffcf6a60000 - 0x00007ffcf6a9c000 	C:\Windows\SYSTEM32\NTASN1.dll
0x0000000072730000 - 0x0000000072756000 	C:\Program Files\Bonjour\mdnsNSP.dll
0x00007ffceea40000 - 0x00007ffceea4a000 	C:\Windows\System32\rasadhlp.dll
0x00007ffceef70000 - 0x00007ffceefe9000 	C:\Windows\System32\fwpuclnt.dll
0x00007ffcef910000 - 0x00007ffcef918000 	C:\Program Files\Java\jdk-19\bin\extnet.dll
0x00007ffcf0260000 - 0x00007ffcf0267000 	C:\Windows\system32\wshunix.dll

dbghelp: loaded successfully - version: 4.0.5 - missing functions: none
symbol engine: initialized successfully - sym options: 0x614 - pdb path: .;C:\Program Files\Java\jdk-19\bin;C:\Windows\SYSTEM32;C:\Windows\WinSxS\amd64_microsoft.windows.common-controls_6595b64144ccf1df_6.0.17763.4131_none_de70d21e534b9adf;C:\Program Files\Java\jdk-19\bin\server;C:\Program Files\Bonjour

VM Arguments:
java_command: com.portfolio.portfolioJCS.PortfolioJcsApplication
java_class_path (initial): F:\Java\portfolioJCS\target\classes;C:\Users\Usuario\.m2\repository\org\springframework\boot\spring-boot-starter-data-jpa\3.0.5\spring-boot-starter-data-jpa-3.0.5.jar;C:\Users\Usuario\.m2\repository\org\springframework\boot\spring-boot-starter-aop\3.0.5\spring-boot-starter-aop-3.0.5.jar;C:\Users\Usuario\.m2\repository\org\springframework\spring-aop\6.0.7\spring-aop-6.0.7.jar;C:\Users\Usuario\.m2\repository\org\aspectj\aspectjweaver\1.9.19\aspectjweaver-1.9.19.jar;C:\Users\Usuario\.m2\repository\org\springframework\boot\spring-boot-starter-jdbc\3.0.5\spring-boot-starter-jdbc-3.0.5.jar;C:\Users\Usuario\.m2\repository\com\zaxxer\HikariCP\5.0.1\HikariCP-5.0.1.jar;C:\Users\Usuario\.m2\repository\org\springframework\spring-jdbc\6.0.7\spring-jdbc-6.0.7.jar;C:\Users\Usuario\.m2\repository\org\hibernate\orm\hibernate-core\6.1.7.Final\hibernate-core-6.1.7.Final.jar;C:\Users\Usuario\.m2\repository\jakarta\persistence\jakarta.persistence-api\3.1.0\jakarta.persistence-api-3.1.0.jar;C:\Users\Usuario\.m2\repository\jakarta\transaction\jakarta.transaction-api\2.0.1\jakarta.transaction-api-2.0.1.jar;C:\Users\Usuario\.m2\repository\org\jboss\logging\jboss-logging\3.5.0.Final\jboss-logging-3.5.0.Final.jar;C:\Users\Usuario\.m2\repository\org\hibernate\common\hibernate-commons-annotations\6.0.6.Final\hibernate-commons-annotations-6.0.6.Final.jar;C:\Users\Usuario\.m2\repository\org\jboss\jandex\2.4.2.Final\jandex-2.4.2.Final.jar;C:\Users\Usuario\.m2\repository\com\fasterxml\classmate\1.5.1\classmate-1.5.1.jar;C:\Users\Usuario\.m2\repository\net\bytebuddy\byte-buddy\1.12.23\byte-buddy-1.12.23.jar;C:\Users\Usuario\.m2\repository\org\glassfish\jaxb\jaxb-runtime\4.0.2\jaxb-runtime-4.0.2.jar;C:\Users\Usuario\.m2\repository\org\glassfish\jaxb\jaxb-core\4.0.2\jaxb-core-4.0.2.jar;C:\Users\Usuario\.m2\repository\org\eclipse\angus\angus-activation\2.0.0\angus-activation-2.0.0.jar;C:\Users\Usuario\.m2\repository\org\glassfish\jaxb\txw2\4.0.2\txw2-4.0.2.jar;C:\Users\Usuario\.m2\repository\com\sun\istack\istack-commons-runtime\4.1.1\istack-commons-runtime-4.1.1.jar;C:\Users\Usuario\.m2\repository\jakarta\inject\jakarta.inject-api\2.0.0\jakarta.inject-api-2.0.0.jar;C:\Users\Usuario\.m2\repository\org\antlr\antlr4-runtime\4.10.1\antlr4-runtime-4.10.1.jar;C:\Users\Usuario\.m2\repository\org\springframework\data\spring-data-jpa\3.0.4\spring-data-jpa-3.0.4.jar;C:\Users\Usuario\.m2\repository\org\springframework\data\spring-data-commons\3.0.4\spring-data-commons-3.0.4.jar;C:\Users\Usuario\.m2\repository\org\springframework\spring-orm\6.0.7\spring-orm-6.0.7.jar;C:\Users\Usuario\.m2\repository\org\springframework\spring-context\6.0.7\spring-context-6.0.7.jar;C:\Users\Usuario\.m2\repository\org\springframework\spring-tx\6.0.7\spring-tx-6.0.7.jar;C:\Users\Usuario\.m2\repository\org\springframework\spring-beans\6.0.7\spring-beans-6.0.7.jar;C:\Users\Usuario\.m2\repository\jakarta\annotation\jakarta.annotation-api\2.1.1\jakarta.annotation-api-2.1.1.jar;C:\Users\Usuario\.m2\repository\org\slf4j\slf4j-api\2.0.7\slf4j-api-2.0.7.jar;C:\Users\Usuario\.m2\repository\org\springframework\spring-aspects\6.0.7\spring-aspects-6.0.7.jar;C:\Users\Usuario\.m2\repository\org\springframework\boot\spring-boot-starter-validation\3.0.5\spring-boot-starter-validation-3.0.5.jar;C:\Users\Usuario\.m2\repository\org\springframework\boot\spring-boot-starter\3.0.5\spring-boot-starter-3.0.5.jar;C:\Users\Usuario\.m2\repository\org\springframework\boot\spring-boot-starter-logging\3.0.5\spring-boot-starter-logging-3.0.5.jar;C:\Users\Usuario\.m2\repository\ch\qos\logback\logback-classic\1.4.6\logback-classic-1.4.6.jar;C:\Users\Usuario\.m2\repository\ch\qos\logback\logback-core\1.4.6\logback-core-1.4.6.jar;C:\Users\Usuario\.m2\repository\org\apache\logging\log4j\log4j-to-slf4j\2.19.0\log4j-to-slf4j-2.19.0.jar;C:\Users\Usuario\.m2\repository\org\apache\logging\log4j\log4j-api\2.19.0\log4j-api-2.19.0.jar;C:\Users\Usuario\.m2\repository\org\slf4j\jul-to-slf4j\2.0.7\jul-to-slf4j-2.0.7.jar;C:\Users\Usuario\.m2\repository\org\yaml\snakeyaml\1.33\snakeyaml-1.33.jar;C:\Users\Usuario\.m2\repository\org\apache\tomcat\embed\tomcat-embed-el\10.1.7\tomcat-embed-el-10.1.7.jar;C:\Users\Usuario\.m2\repository\org\hibernate\validator\hibernate-validator\8.0.0.Final\hibernate-validator-8.0.0.Final.jar;C:\Users\Usuario\.m2\repository\jakarta\validation\jakarta.validation-api\3.0.2\jakarta.validation-api-3.0.2.jar;C:\Users\Usuario\.m2\repository\org\springframework\boot\spring-boot-starter-web\3.0.5\spring-boot-starter-web-3.0.5.jar;C:\Users\Usuario\.m2\repository\org\springframework\boot\spring-boot-starter-json\3.0.5\spring-boot-starter-json-3.0.5.jar;C:\Users\Usuario\.m2\repository\com\fasterxml\jackson\core\jackson-databind\2.14.2\jackson-databind-2.14.2.jar;C:\Users\Usuario\.m2\repository\com\fasterxml\jackson\core\jackson-annotations\2.14.2\jackson-annotations-2.14.2.jar;C:\Users\Usuario\.m2\repository\com\fasterxml\jackson\core\jackson-core\2.14.2\jackson-core-2.14.2.jar;C:\Users\Usuario\.m2\repository\com\fasterxml\jackson\datatype\jackson-datatype-jdk8\2.14.2\jackson-datatype-jdk8-2.14.2.jar;C:\Users\Usuario\.m2\repository\com\fasterxml\jackson\datatype\jackson-datatype-jsr310\2.14.2\jackson-datatype-jsr310-2.14.2.jar;C:\Users\Usuario\.m2\repository\com\fasterxml\jackson\module\jackson-module-parameter-names\2.14.2\jackson-module-parameter-names-2.14.2.jar;C:\Users\Usuario\.m2\repository\org\springframework\boot\spring-boot-starter-tomcat\3.0.5\spring-boot-starter-tomcat-3.0.5.jar;C:\Users\Usuario\.m2\repository\org\apache\tomcat\embed\tomcat-embed-core\10.1.7\tomcat-embed-core-10.1.7.jar;C:\Users\Usuario\.m2\repository\org\apache\tomcat\embed\tomcat-embed-websocket\10.1.7\tomcat-embed-websocket-10.1.7.jar;C:\Users\Usuario\.m2\repository\org\springframework\spring-web\6.0.7\spring-web-6.0.7.jar;C:\Users\Usuario\.m2\repository\io\micrometer\micrometer-observation\1.10.5\micrometer-observation-1.10.5.jar;C:\Users\Usuario\.m2\repository\io\micrometer\micrometer-commons\1.10.5\micrometer-commons-1.10.5.jar;C:\Users\Usuario\.m2\repository\org\springframework\spring-webmvc\6.0.7\spring-webmvc-6.0.7.jar;C:\Users\Usuario\.m2\repository\org\springframework\spring-expression\6.0.7\spring-expression-6.0.7.jar;C:\Users\Usuario\.m2\repository\org\springframework\boot\spring-boot-devtools\3.0.5\spring-boot-devtools-3.0.5.jar;C:\Users\Usuario\.m2\repository\org\springframework\boot\spring-boot\3.0.5\spring-boot-3.0.5.jar;C:\Users\Usuario\.m2\repository\org\springframework\boot\spring-boot-autoconfigure\3.0.5\spring-boot-autoconfigure-3.0.5.jar;C:\Users\Usuario\.m2\repository\com\mysql\mysql-connector-j\8.0.32\mysql-connector-j-8.0.32.jar;C:\Users\Usuario\.m2\repository\org\projectlombok\lombok\1.18.26\lombok-1.18.26.jar;C:\Users\Usuario\.m2\repository\jakarta\xml\bind\jakarta.xml.bind-api\4.0.0\jakarta.xml.bind-api-4.0.0.jar;C:\Users\Usuario\.m2\repository\jakarta\activation\jakarta.activation-api\2.1.1\jakarta.activation-api-2.1.1.jar;C:\Users\Usuario\.m2\repository\org\springframework\spring-core\6.0.7\spring-core-6.0.7.jar;C:\Users\Usuario\.m2\repository\org\springframework\spring-jcl\6.0.7\spring-jcl-6.0.7.jar
Launcher Type: SUN_STANDARD

[Global flags]
     intx CICompilerCount                          = 2                                         {product} {ergonomic}
     uint ConcGCThreads                            = 1                                         {product} {ergonomic}
     uint G1ConcRefinementThreads                  = 2                                         {product} {ergonomic}
   size_t G1HeapRegionSize                         = 1048576                                   {product} {ergonomic}
    uintx GCDrainStackTargetSize                   = 64                                        {product} {ergonomic}
   size_t InitialHeapSize                          = 67108864                                  {product} {ergonomic}
   size_t MarkStackSize                            = 4194304                                   {product} {ergonomic}
   size_t MaxHeapSize                              = 1073741824                                {product} {ergonomic}
   size_t MaxNewSize                               = 643825664                                 {product} {ergonomic}
   size_t MinHeapDeltaBytes                        = 1048576                                   {product} {ergonomic}
   size_t MinHeapSize                              = 8388608                                   {product} {ergonomic}
    uintx NonNMethodCodeHeapSize                   = 5826188                                {pd product} {ergonomic}
    uintx NonProfiledCodeHeapSize                  = 122916026                              {pd product} {ergonomic}
    uintx ProfiledCodeHeapSize                     = 122916026                              {pd product} {ergonomic}
    uintx ReservedCodeCacheSize                    = 251658240                              {pd product} {ergonomic}
     bool SegmentedCodeCache                       = true                                      {product} {ergonomic}
   size_t SoftMaxHeapSize                          = 1073741824                             {manageable} {ergonomic}
     bool UseCompressedClassPointers               = true                           {product lp64_product} {ergonomic}
     bool UseCompressedOops                        = true                           {product lp64_product} {ergonomic}
     bool UseG1GC                                  = true                                      {product} {ergonomic}
     bool UseLargePagesIndividualAllocation        = false                                  {pd product} {ergonomic}

Logging:
Log output configuration:
 #0: stdout all=warning uptime,level,tags foldmultilines=false
 #1: stderr all=off uptime,level,tags foldmultilines=false

Environment Variables:
JAVA_HOME=C:\Program Files\Java\jdk-19
PATH=C:\Program Files\Common Files\Oracle\Java\javapath;C:\Program Files (x86)\Common Files\Oracle\Java\javapath;C:\Windows\system32;C:\Windows;C:\Windows\System32\Wbem;C:\Windows\System32\WindowsPowerShell\v1.0\;C:\Windows\System32\OpenSSH\;C:\Program Files\Git\cmd;C:\Program Files\nodejs\;C:\Program Files\Java\jdk-19\bin;C:\Users\Usuario\AppData\Local\Programs\Python\Python311\Scripts\;C:\Users\Usuario\AppData\Local\Programs\Python\Python311\;C:\Users\Usuario\AppData\Local\Microsoft\WindowsApps;;C:\Users\Usuario\AppData\Local\Programs\Microsoft VS Code\bin;C:\Program Files (x86)\Brackets\;C:\Users\Usuario\AppData\Roaming\npm
USERNAME=Usuario
OS=Windows_NT
PROCESSOR_IDENTIFIER=Intel64 Family 6 Model 23 Stepping 10, GenuineIntel
TMP=C:\Users\Usuario\AppData\Local\Temp
TEMP=C:\Users\Usuario\AppData\Local\Temp



---------------  S Y S T E M  ---------------

OS:
 Windows 10 , 64 bit Build 17763 (10.0.17763.4131)
OS uptime: 2 days 7:03 hours

CPU: total 2 (initial active 2) (2 cores per cpu, 1 threads per core) family 6 model 23 stepping 10 microcode 0xa0c, cx8, cmov, fxsr, mmx, sse, sse2, sse3, ssse3, tsc, clflush

Memory: 4k page, system-wide physical 4095M (1397M free)
TotalPageFile size 5602M (AvailPageFile size 0M)
current process WorkingSet (physical memory assigned to process): 208M, peak: 217M
current process commit charge ("private bytes"): 233M, peak: 244M

vm_info: Java HotSpot(TM) 64-Bit Server VM (19.0.1+10-21) for windows-amd64 JRE (19.0.1+10-21), built on 2022-09-14T12:45:06Z by "mach5one" with MS VC++ 17.1 (VS2022)

END.
