#
# There is insufficient memory for the Java Runtime Environment to continue.
# Native memory allocation (malloc) failed to allocate 1362432 bytes for Chunk::new
# Possible reasons:
#   The system is out of physical RAM or swap space
#   The process is running with CompressedOops enabled, and the Java Heap may be blocking the growth of the native heap
# Possible solutions:
#   Reduce memory load on the system
#   Increase physical memory or swap space
#   Check if swap backing store is full
#   Decrease Java heap size (-Xmx/-Xms)
#   Decrease number of Java threads
#   Decrease Java thread stack sizes (-Xss)
#   Set larger code cache with -XX:ReservedCodeCacheSize=
#   JVM is running with Unscaled Compressed Oops mode in which the Java heap is
#     placed in the first 4GB address space. The Java Heap base address is the
#     maximum limit for the native heap growth. Please use -XX:HeapBaseMinAddress
#     to set the Java Heap base and to place the Java Heap above 4GB virtual address.
# This output file may be truncated or incomplete.
#
#  Out of Memory Error (arena.cpp:184), pid=9908, tid=1232
#
# JRE version: Java(TM) SE Runtime Environment (19.0.1+10) (build 19.0.1+10-21)
# Java VM: Java HotSpot(TM) 64-Bit Server VM (19.0.1+10-21, mixed mode, sharing, tiered, compressed oops, compressed class ptrs, g1 gc, windows-amd64)
# No core dump will be written. Minidumps are not enabled by default on client versions of Windows
#

---------------  S U M M A R Y ------------

Command Line: com.portfolio.portfolioJCS.PortfolioJcsApplication

Host: Pentium(R) Dual-Core  CPU      E5300  @ 2.60GHz, 2 cores, 3G,  Windows 10 , 64 bit Build 17763 (10.0.17763.4131)
Time: Mon Mar 27 14:54:25 2023 Hora estándar de Argentina elapsed time: 3.798683 seconds (0d 0h 0m 3s)

---------------  T H R E A D  ---------------

Current thread (0x000002a5cc04c740):  JavaThread "C2 CompilerThread0" daemon [_thread_in_native, id=1232, stack(0x000000e7a5000000,0x000000e7a5100000)]


Current CompileTask:
C2:   3798 1920   !   4       java.net.URL::<init> (543 bytes)

Stack: [0x000000e7a5000000,0x000000e7a5100000]
Native frames: (J=compiled Java code, j=interpreted, Vv=VM code, C=native code)
V  [jvm.dll+0x6ee8fa]
V  [jvm.dll+0x857a1e]
V  [jvm.dll+0x85940e]
V  [jvm.dll+0x859ac3]
V  [jvm.dll+0x28291f]
V  [jvm.dll+0xc9b5f]
V  [jvm.dll+0xc9ee5]
V  [jvm.dll+0x3bcbac]
V  [jvm.dll+0x386201]
V  [jvm.dll+0x38567a]
V  [jvm.dll+0x24c2c9]
V  [jvm.dll+0x24b671]
V  [jvm.dll+0x1d6d61]
V  [jvm.dll+0x25b0fa]
V  [jvm.dll+0x259588]
V  [jvm.dll+0x807928]
V  [jvm.dll+0x8015fa]
V  [jvm.dll+0x6ed5eb]
C  [ucrtbase.dll+0x2268a]
C  [KERNEL32.DLL+0x17ab4]
C  [ntdll.dll+0x5a351]


---------------  P R O C E S S  ---------------

Threads class SMR info:
_java_thread_list=0x000002a5d0fbc260, length=15, elements={
0x000002a5aeb5eb00, 0x000002a5cc041d00, 0x000002a5cc042a90, 0x000002a5cc044a30,
0x000002a5cc0474c0, 0x000002a5cc048070, 0x000002a5cc048b40, 0x000002a5cc04c740,
0x000002a5cc07ad20, 0x000002a5cc09e060, 0x000002a5d04bebe0, 0x000002a5d04d0530,
0x000002a5d0dea2e0, 0x000002a5d0dea820, 0x000002a5d100c1f0
}

Java Threads: ( => current thread )
  0x000002a5aeb5eb00 JavaThread "main" [_thread_blocked, id=3680, stack(0x000000e7a4300000,0x000000e7a4400000)]
  0x000002a5cc041d00 JavaThread "Reference Handler" daemon [_thread_blocked, id=216, stack(0x000000e7a4a00000,0x000000e7a4b00000)]
  0x000002a5cc042a90 JavaThread "Finalizer" daemon [_thread_blocked, id=6504, stack(0x000000e7a4b00000,0x000000e7a4c00000)]
  0x000002a5cc044a30 JavaThread "Signal Dispatcher" daemon [_thread_blocked, id=9140, stack(0x000000e7a4c00000,0x000000e7a4d00000)]
  0x000002a5cc0474c0 JavaThread "Attach Listener" daemon [_thread_blocked, id=7128, stack(0x000000e7a4d00000,0x000000e7a4e00000)]
  0x000002a5cc048070 JavaThread "Service Thread" daemon [_thread_blocked, id=8164, stack(0x000000e7a4e00000,0x000000e7a4f00000)]
  0x000002a5cc048b40 JavaThread "Monitor Deflation Thread" daemon [_thread_blocked, id=5640, stack(0x000000e7a4f00000,0x000000e7a5000000)]
=>0x000002a5cc04c740 JavaThread "C2 CompilerThread0" daemon [_thread_in_native, id=1232, stack(0x000000e7a5000000,0x000000e7a5100000)]
  0x000002a5cc07ad20 JavaThread "C1 CompilerThread0" daemon [_thread_in_native, id=6692, stack(0x000000e7a5100000,0x000000e7a5200000)]
  0x000002a5cc09e060 JavaThread "Sweeper thread" daemon [_thread_blocked, id=8212, stack(0x000000e7a5200000,0x000000e7a5300000)]
  0x000002a5d04bebe0 JavaThread "Notification Thread" daemon [_thread_blocked, id=6784, stack(0x000000e7a5300000,0x000000e7a5400000)]
  0x000002a5d04d0530 JavaThread "Common-Cleaner" daemon [_thread_blocked, id=7760, stack(0x000000e7a5500000,0x000000e7a5600000)]
  0x000002a5d0dea2e0 JavaThread "Thread-0" [_thread_blocked, id=3824, stack(0x000000e7a5700000,0x000000e7a5800000)]
  0x000002a5d0dea820 JavaThread "restartedMain" [_thread_in_Java, id=6140, stack(0x000000e7a5800000,0x000000e7a5900000)]
  0x000002a5d100c1f0 JavaThread "background-preinit" [_thread_in_native, id=896, stack(0x000000e7a5900000,0x000000e7a5a00000)]

Other Threads:
  0x000002a5aec0ec50 VMThread "VM Thread" [stack: 0x000000e7a4900000,0x000000e7a4a00000] [id=5432]
  0x000002a5cc01cd90 WatcherThread "VM Periodic Task Thread" [stack: 0x000000e7a5400000,0x000000e7a5500000] [id=3992]
  0x000002a5aeb9f150 WorkerThread "GC Thread#0" [stack: 0x000000e7a4400000,0x000000e7a4500000] [id=3392]
  0x000002a5d05f25f0 WorkerThread "GC Thread#1" [stack: 0x000000e7a5600000,0x000000e7a5700000] [id=8568]
  0x000002a5aeba8060 ConcurrentGCThread "G1 Main Marker" [stack: 0x000000e7a4500000,0x000000e7a4600000] [id=1780]
  0x000002a5aeba9460 WorkerThread "G1 Conc#0" [stack: 0x000000e7a4600000,0x000000e7a4700000] [id=9080]
  0x000002a5aebf48d0 ConcurrentGCThread "G1 Refine#0" [stack: 0x000000e7a4700000,0x000000e7a4800000] [id=7820]
  0x000002a5aebf5220 ConcurrentGCThread "G1 Service" [stack: 0x000000e7a4800000,0x000000e7a4900000] [id=5024]

Threads with active compile tasks:
C2 CompilerThread0     3869 1920   !   4       java.net.URL::<init> (543 bytes)

VM state: not at safepoint (normal execution)

VM Mutex/Monitor currently owned by a thread: None

Heap address: 0x00000000c0000000, size: 1024 MB, Compressed Oops mode: 32-bit

CDS archive(s) mapped at: [0x0000000800000000-0x0000000800c40000-0x0000000800c40000), size 12845056, SharedBaseAddress: 0x0000000800000000, ArchiveRelocationMode: 0.
Compressed class space mapped at: 0x0000000801000000-0x0000000841000000, reserved size: 1073741824
Narrow klass base: 0x0000000800000000, Narrow klass shift: 0, Narrow klass range: 0x100000000

GC Precious Log:
 CardTable entry size: 512
 Card Set container configuration: InlinePtr #cards 5 size 8 Array Of Cards #cards 12 size 40 Howl #buckets 4 coarsen threshold 1843 Howl Bitmap #cards 512 size 80 coarsen threshold 460 Card regions per heap region 1 cards per card region 2048
 CPUs: 2 total, 2 available
 Memory: 4095M
 Large Page Support: Disabled
 NUMA Support: Disabled
 Compressed Oops: Enabled (32-bit)
 Heap Region Size: 1M
 Heap Min Capacity: 8M
 Heap Initial Capacity: 64M
 Heap Max Capacity: 1G
 Pre-touch: Disabled
 Parallel Workers: 2
 Concurrent Workers: 1
 Concurrent Refinement Workers: 2
 Periodic GC: Disabled

Heap:
 garbage-first heap   total 65536K, used 13801K [0x00000000c0000000, 0x0000000100000000)
  region size 1024K, 11 young (11264K), 4 survivors (4096K)
 Metaspace       used 15111K, committed 15360K, reserved 1114112K
  class space    used 1877K, committed 1984K, reserved 1048576K

Heap Regions: E=young(eden), S=young(survivor), O=old, HS=humongous(starts), HC=humongous(continues), CS=collection set, F=free, OA=open archive, CA=closed archive, TAMS=top-at-mark-start (previous, next)
|   0|0x00000000c0000000, 0x00000000c0100000, 0x00000000c0100000|100%|HS|  |TAMS 0x00000000c0000000, 0x00000000c0000000| Complete 
|   1|0x00000000c0100000, 0x00000000c0200000, 0x00000000c0200000|100%| O|  |TAMS 0x00000000c0100000, 0x00000000c0100000| Untracked 
|   2|0x00000000c0200000, 0x00000000c0300000, 0x00000000c0300000|100%| O|  |TAMS 0x00000000c0200000, 0x00000000c0200000| Untracked 
|   3|0x00000000c0300000, 0x00000000c0400000, 0x00000000c0400000|100%| O|  |TAMS 0x00000000c0300000, 0x00000000c0300000| Untracked 
|   4|0x00000000c0400000, 0x00000000c04c3a00, 0x00000000c0500000| 76%| O|  |TAMS 0x00000000c0400000, 0x00000000c0400000| Untracked 
|   5|0x00000000c0500000, 0x00000000c0500000, 0x00000000c0600000|  0%| F|  |TAMS 0x00000000c0500000, 0x00000000c0500000| Untracked 
|   6|0x00000000c0600000, 0x00000000c0600000, 0x00000000c0700000|  0%| F|  |TAMS 0x00000000c0600000, 0x00000000c0600000| Untracked 
|   7|0x00000000c0700000, 0x00000000c0700000, 0x00000000c0800000|  0%| F|  |TAMS 0x00000000c0700000, 0x00000000c0700000| Untracked 
|   8|0x00000000c0800000, 0x00000000c0800000, 0x00000000c0900000|  0%| F|  |TAMS 0x00000000c0800000, 0x00000000c0800000| Untracked 
|   9|0x00000000c0900000, 0x00000000c0900000, 0x00000000c0a00000|  0%| F|  |TAMS 0x00000000c0900000, 0x00000000c0900000| Untracked 
|  10|0x00000000c0a00000, 0x00000000c0a00000, 0x00000000c0b00000|  0%| F|  |TAMS 0x00000000c0a00000, 0x00000000c0a00000| Untracked 
|  11|0x00000000c0b00000, 0x00000000c0b00000, 0x00000000c0c00000|  0%| F|  |TAMS 0x00000000c0b00000, 0x00000000c0b00000| Untracked 
|  12|0x00000000c0c00000, 0x00000000c0c00000, 0x00000000c0d00000|  0%| F|  |TAMS 0x00000000c0c00000, 0x00000000c0c00000| Untracked 
|  13|0x00000000c0d00000, 0x00000000c0d00000, 0x00000000c0e00000|  0%| F|  |TAMS 0x00000000c0d00000, 0x00000000c0d00000| Untracked 
|  14|0x00000000c0e00000, 0x00000000c0e00000, 0x00000000c0f00000|  0%| F|  |TAMS 0x00000000c0e00000, 0x00000000c0e00000| Untracked 
|  15|0x00000000c0f00000, 0x00000000c0f00000, 0x00000000c1000000|  0%| F|  |TAMS 0x00000000c0f00000, 0x00000000c0f00000| Untracked 
|  16|0x00000000c1000000, 0x00000000c1000000, 0x00000000c1100000|  0%| F|  |TAMS 0x00000000c1000000, 0x00000000c1000000| Untracked 
|  17|0x00000000c1100000, 0x00000000c1100000, 0x00000000c1200000|  0%| F|  |TAMS 0x00000000c1100000, 0x00000000c1100000| Untracked 
|  18|0x00000000c1200000, 0x00000000c1200000, 0x00000000c1300000|  0%| F|  |TAMS 0x00000000c1200000, 0x00000000c1200000| Untracked 
|  19|0x00000000c1300000, 0x00000000c1300000, 0x00000000c1400000|  0%| F|  |TAMS 0x00000000c1300000, 0x00000000c1300000| Untracked 
|  20|0x00000000c1400000, 0x00000000c1400000, 0x00000000c1500000|  0%| F|  |TAMS 0x00000000c1400000, 0x00000000c1400000| Untracked 
|  21|0x00000000c1500000, 0x00000000c1500000, 0x00000000c1600000|  0%| F|  |TAMS 0x00000000c1500000, 0x00000000c1500000| Untracked 
|  22|0x00000000c1600000, 0x00000000c1600000, 0x00000000c1700000|  0%| F|  |TAMS 0x00000000c1600000, 0x00000000c1600000| Untracked 
|  23|0x00000000c1700000, 0x00000000c1700000, 0x00000000c1800000|  0%| F|  |TAMS 0x00000000c1700000, 0x00000000c1700000| Untracked 
|  24|0x00000000c1800000, 0x00000000c1800000, 0x00000000c1900000|  0%| F|  |TAMS 0x00000000c1800000, 0x00000000c1800000| Untracked 
|  25|0x00000000c1900000, 0x00000000c1900000, 0x00000000c1a00000|  0%| F|  |TAMS 0x00000000c1900000, 0x00000000c1900000| Untracked 
|  26|0x00000000c1a00000, 0x00000000c1ab6d58, 0x00000000c1b00000| 71%| S|CS|TAMS 0x00000000c1a00000, 0x00000000c1a00000| Complete 
|  27|0x00000000c1b00000, 0x00000000c1c00000, 0x00000000c1c00000|100%| S|CS|TAMS 0x00000000c1b00000, 0x00000000c1b00000| Complete 
|  28|0x00000000c1c00000, 0x00000000c1d00000, 0x00000000c1d00000|100%| S|CS|TAMS 0x00000000c1c00000, 0x00000000c1c00000| Complete 
|  29|0x00000000c1d00000, 0x00000000c1e00000, 0x00000000c1e00000|100%| S|CS|TAMS 0x00000000c1d00000, 0x00000000c1d00000| Complete 
|  30|0x00000000c1e00000, 0x00000000c1e00000, 0x00000000c1f00000|  0%| F|  |TAMS 0x00000000c1e00000, 0x00000000c1e00000| Untracked 
|  31|0x00000000c1f00000, 0x00000000c1f00000, 0x00000000c2000000|  0%| F|  |TAMS 0x00000000c1f00000, 0x00000000c1f00000| Untracked 
|  32|0x00000000c2000000, 0x00000000c2000000, 0x00000000c2100000|  0%| F|  |TAMS 0x00000000c2000000, 0x00000000c2000000| Untracked 
|  33|0x00000000c2100000, 0x00000000c2100000, 0x00000000c2200000|  0%| F|  |TAMS 0x00000000c2100000, 0x00000000c2100000| Untracked 
|  34|0x00000000c2200000, 0x00000000c2200000, 0x00000000c2300000|  0%| F|  |TAMS 0x00000000c2200000, 0x00000000c2200000| Untracked 
|  35|0x00000000c2300000, 0x00000000c2300000, 0x00000000c2400000|  0%| F|  |TAMS 0x00000000c2300000, 0x00000000c2300000| Untracked 
|  36|0x00000000c2400000, 0x00000000c2400000, 0x00000000c2500000|  0%| F|  |TAMS 0x00000000c2400000, 0x00000000c2400000| Untracked 
|  37|0x00000000c2500000, 0x00000000c2500000, 0x00000000c2600000|  0%| F|  |TAMS 0x00000000c2500000, 0x00000000c2500000| Untracked 
|  38|0x00000000c2600000, 0x00000000c2600000, 0x00000000c2700000|  0%| F|  |TAMS 0x00000000c2600000, 0x00000000c2600000| Untracked 
|  39|0x00000000c2700000, 0x00000000c2700000, 0x00000000c2800000|  0%| F|  |TAMS 0x00000000c2700000, 0x00000000c2700000| Untracked 
|  40|0x00000000c2800000, 0x00000000c2800000, 0x00000000c2900000|  0%| F|  |TAMS 0x00000000c2800000, 0x00000000c2800000| Untracked 
|  41|0x00000000c2900000, 0x00000000c2900000, 0x00000000c2a00000|  0%| F|  |TAMS 0x00000000c2900000, 0x00000000c2900000| Untracked 
|  42|0x00000000c2a00000, 0x00000000c2a00000, 0x00000000c2b00000|  0%| F|  |TAMS 0x00000000c2a00000, 0x00000000c2a00000| Untracked 
|  43|0x00000000c2b00000, 0x00000000c2b00000, 0x00000000c2c00000|  0%| F|  |TAMS 0x00000000c2b00000, 0x00000000c2b00000| Untracked 
|  44|0x00000000c2c00000, 0x00000000c2c00000, 0x00000000c2d00000|  0%| F|  |TAMS 0x00000000c2c00000, 0x00000000c2c00000| Untracked 
|  45|0x00000000c2d00000, 0x00000000c2d00000, 0x00000000c2e00000|  0%| F|  |TAMS 0x00000000c2d00000, 0x00000000c2d00000| Untracked 
|  46|0x00000000c2e00000, 0x00000000c2e00000, 0x00000000c2f00000|  0%| F|  |TAMS 0x00000000c2e00000, 0x00000000c2e00000| Untracked 
|  47|0x00000000c2f00000, 0x00000000c2f00000, 0x00000000c3000000|  0%| F|  |TAMS 0x00000000c2f00000, 0x00000000c2f00000| Untracked 
|  48|0x00000000c3000000, 0x00000000c3000000, 0x00000000c3100000|  0%| F|  |TAMS 0x00000000c3000000, 0x00000000c3000000| Untracked 
|  49|0x00000000c3100000, 0x00000000c3100000, 0x00000000c3200000|  0%| F|  |TAMS 0x00000000c3100000, 0x00000000c3100000| Untracked 
|  50|0x00000000c3200000, 0x00000000c3200000, 0x00000000c3300000|  0%| F|  |TAMS 0x00000000c3200000, 0x00000000c3200000| Untracked 
|  51|0x00000000c3300000, 0x00000000c3300000, 0x00000000c3400000|  0%| F|  |TAMS 0x00000000c3300000, 0x00000000c3300000| Untracked 
|  52|0x00000000c3400000, 0x00000000c3400000, 0x00000000c3500000|  0%| F|  |TAMS 0x00000000c3400000, 0x00000000c3400000| Untracked 
|  53|0x00000000c3500000, 0x00000000c3500000, 0x00000000c3600000|  0%| F|  |TAMS 0x00000000c3500000, 0x00000000c3500000| Untracked 
|  54|0x00000000c3600000, 0x00000000c3600000, 0x00000000c3700000|  0%| F|  |TAMS 0x00000000c3600000, 0x00000000c3600000| Untracked 
|  55|0x00000000c3700000, 0x00000000c3700000, 0x00000000c3800000|  0%| F|  |TAMS 0x00000000c3700000, 0x00000000c3700000| Untracked 
|  56|0x00000000c3800000, 0x00000000c3800000, 0x00000000c3900000|  0%| F|  |TAMS 0x00000000c3800000, 0x00000000c3800000| Untracked 
|  57|0x00000000c3900000, 0x00000000c396d548, 0x00000000c3a00000| 42%| E|  |TAMS 0x00000000c3900000, 0x00000000c3900000| Complete 
|  58|0x00000000c3a00000, 0x00000000c3b00000, 0x00000000c3b00000|100%| E|CS|TAMS 0x00000000c3a00000, 0x00000000c3a00000| Complete 
|  59|0x00000000c3b00000, 0x00000000c3c00000, 0x00000000c3c00000|100%| E|CS|TAMS 0x00000000c3b00000, 0x00000000c3b00000| Complete 
|  60|0x00000000c3c00000, 0x00000000c3d00000, 0x00000000c3d00000|100%| E|  |TAMS 0x00000000c3c00000, 0x00000000c3c00000| Complete 
|  61|0x00000000c3d00000, 0x00000000c3e00000, 0x00000000c3e00000|100%| E|CS|TAMS 0x00000000c3d00000, 0x00000000c3d00000| Complete 
|  62|0x00000000c3e00000, 0x00000000c3f00000, 0x00000000c3f00000|100%| E|CS|TAMS 0x00000000c3e00000, 0x00000000c3e00000| Complete 
|  63|0x00000000c3f00000, 0x00000000c4000000, 0x00000000c4000000|100%| E|CS|TAMS 0x00000000c3f00000, 0x00000000c3f00000| Complete 

Card table byte_map: [0x000002a5c78a0000,0x000002a5c7aa0000] _byte_map_base: 0x000002a5c72a0000

Marking Bits (Prev, Next): (CMBitMap*) 0x000002a5aeb9f590, (CMBitMap*) 0x000002a5aeb9f5d0
 Prev Bits: [0x000002a5c7ca0000, 0x000002a5c8ca0000)
 Next Bits: [0x000002a5c8ca0000, 0x000002a5c9ca0000)

Polling page: 0x000002a5aec10000

Metaspace:

Usage:
  Non-class:     12.93 MB used.
      Class:      1.84 MB used.
       Both:     14.77 MB used.

Virtual space:
  Non-class space:       64.00 MB reserved,      13.06 MB ( 20%) committed,  1 nodes.
      Class space:        1.00 GB reserved,       1.94 MB ( <1%) committed,  1 nodes.
             Both:        1.06 GB reserved,      15.00 MB (  1%) committed. 

Chunk freelists:
   Non-Class:  2.02 MB
       Class:  2.02 MB
        Both:  4.03 MB

MaxMetaspaceSize: unlimited
CompressedClassSpaceSize: 1.00 GB
Initial GC threshold: 21.00 MB
Current GC threshold: 21.00 MB
CDS: on
MetaspaceReclaimPolicy: balanced
 - commit_granule_bytes: 65536.
 - commit_granule_words: 8192.
 - virtual_space_node_default_size: 8388608.
 - enlarge_chunks_in_place: 1.
 - new_chunks_are_fully_committed: 0.
 - uncommit_free_chunks: 1.
 - use_allocation_guard: 0.


Internal statistics:

num_allocs_failed_limit: 0.
num_arena_births: 214.
num_arena_deaths: 0.
num_vsnodes_births: 2.
num_vsnodes_deaths: 0.
num_space_committed: 240.
num_space_uncommitted: 0.
num_chunks_returned_to_freelist: 0.
num_chunks_taken_from_freelist: 695.
num_chunk_merges: 0.
num_chunk_splits: 469.
num_chunks_enlarged: 374.
num_inconsistent_stats: 0.

CodeHeap 'non-profiled nmethods': size=120064Kb used=653Kb max_used=653Kb free=119410Kb
 bounds [0x000002a5bfd40000, 0x000002a5bffb0000, 0x000002a5c7280000]
CodeHeap 'profiled nmethods': size=120000Kb used=3872Kb max_used=3872Kb free=116127Kb
 bounds [0x000002a5b8280000, 0x000002a5b8650000, 0x000002a5bf7b0000]
CodeHeap 'non-nmethods': size=5696Kb used=1263Kb max_used=1278Kb free=4432Kb
 bounds [0x000002a5bf7b0000, 0x000002a5bfa20000, 0x000002a5bfd40000]
 total_blobs=2482 nmethods=2008 adapters=385
 compilation: enabled
              stopped_count=0, restarted_count=0
 full_count=0

Compilation events (20 events):
Event: 3.737 Thread 0x000002a5cc07ad20 nmethod 1969 0x000002a5b8634990 code [0x000002a5b8634b40, 0x000002a5b8634d08]
Event: 3.739 Thread 0x000002a5cc07ad20 1970       3       org.springframework.core.annotation.AnnotationTypeMapping$MirrorSets::size (6 bytes)
Event: 3.739 Thread 0x000002a5cc07ad20 nmethod 1970 0x000002a5b8634e10 code [0x000002a5b8634fa0, 0x000002a5b86350b8]
Event: 3.741 Thread 0x000002a5cc07ad20 1971       3       org.springframework.asm.ClassReader::readUnsignedShort (26 bytes)
Event: 3.741 Thread 0x000002a5cc07ad20 nmethod 1971 0x000002a5b8635190 code [0x000002a5b8635340, 0x000002a5b86354b8]
Event: 3.747 Thread 0x000002a5cc07ad20 1972       3       java.util.Collections$EmptyMap::values (4 bytes)
Event: 3.748 Thread 0x000002a5cc07ad20 nmethod 1972 0x000002a5b8635590 code [0x000002a5b8635740, 0x000002a5b86358b8]
Event: 3.769 Thread 0x000002a5cc07ad20 1973       3       java.util.zip.ZipUtils::get16 (21 bytes)
Event: 3.769 Thread 0x000002a5cc07ad20 nmethod 1973 0x000002a5b8635990 code [0x000002a5b8635b20, 0x000002a5b8635c78]
Event: 3.783 Thread 0x000002a5cc07ad20 1974       3       java.util.ArrayDeque::poll (5 bytes)
Event: 3.783 Thread 0x000002a5cc07ad20 nmethod 1974 0x000002a5b8635d90 code [0x000002a5b8635f40, 0x000002a5b8636108]
Event: 3.788 Thread 0x000002a5cc07ad20 1975       1       java.util.Collections$EmptySet::contains (2 bytes)
Event: 3.788 Thread 0x000002a5cc07ad20 nmethod 1975 0x000002a5bfde2a90 code [0x000002a5bfde2c20, 0x000002a5bfde2cf8]
Event: 3.789 Thread 0x000002a5cc07ad20 1976       3       java.lang.invoke.LambdaForm$MH/0x000000080102c400::invoke (35 bytes)
Event: 3.789 Thread 0x000002a5cc07ad20 nmethod 1976 0x000002a5b8636190 code [0x000002a5b8636380, 0x000002a5b8636a68]
Event: 3.790 Thread 0x000002a5cc07ad20 1977       3       org.springframework.asm.ClassReader::readUtf (161 bytes)
Event: 3.791 Thread 0x000002a5cc07ad20 nmethod 1977 0x000002a5b8636c10 code [0x000002a5b8636de0, 0x000002a5b8637248]
Event: 3.794 Thread 0x000002a5cc07ad20 1978       3       java.lang.reflect.Executable::getDeclaredAnnotations (8 bytes)
Event: 3.794 Thread 0x000002a5cc07ad20 nmethod 1978 0x000002a5b8637510 code [0x000002a5b8637700, 0x000002a5b8637b48]
Event: 3.796 Thread 0x000002a5cc07ad20 1979       3       java.util.stream.StreamSupport::stream (19 bytes)

GC Heap History (8 events):
Event: 0.436 GC heap before
{Heap before GC invocations=0 (full 0):
 garbage-first heap   total 65536K, used 6144K [0x00000000c0000000, 0x0000000100000000)
  region size 1024K, 6 young (6144K), 0 survivors (0K)
 Metaspace       used 990K, committed 1152K, reserved 1114112K
  class space    used 61K, committed 128K, reserved 1048576K
}
Event: 0.452 GC heap after
{Heap after GC invocations=1 (full 0):
 garbage-first heap   total 65536K, used 4879K [0x00000000c0000000, 0x0000000100000000)
  region size 1024K, 1 young (1024K), 1 survivors (1024K)
 Metaspace       used 990K, committed 1152K, reserved 1114112K
  class space    used 61K, committed 128K, reserved 1048576K
}
Event: 0.850 GC heap before
{Heap before GC invocations=1 (full 0):
 garbage-first heap   total 65536K, used 7951K [0x00000000c0000000, 0x0000000100000000)
  region size 1024K, 4 young (4096K), 1 survivors (1024K)
 Metaspace       used 2434K, committed 2624K, reserved 1114112K
  class space    used 228K, committed 320K, reserved 1048576K
}
Event: 0.855 GC heap after
{Heap after GC invocations=2 (full 0):
 garbage-first heap   total 65536K, used 5590K [0x00000000c0000000, 0x0000000100000000)
  region size 1024K, 1 young (1024K), 1 survivors (1024K)
 Metaspace       used 2434K, committed 2624K, reserved 1114112K
  class space    used 228K, committed 320K, reserved 1048576K
}
Event: 1.430 GC heap before
{Heap before GC invocations=2 (full 0):
 garbage-first heap   total 65536K, used 12758K [0x00000000c0000000, 0x0000000100000000)
  region size 1024K, 9 young (9216K), 1 survivors (1024K)
 Metaspace       used 4593K, committed 4736K, reserved 1114112K
  class space    used 502K, committed 576K, reserved 1048576K
}
Event: 1.436 GC heap after
{Heap after GC invocations=3 (full 0):
 garbage-first heap   total 65536K, used 6084K [0x00000000c0000000, 0x0000000100000000)
  region size 1024K, 2 young (2048K), 2 survivors (2048K)
 Metaspace       used 4593K, committed 4736K, reserved 1114112K
  class space    used 502K, committed 576K, reserved 1048576K
}
Event: 3.496 GC heap before
{Heap before GC invocations=3 (full 0):
 garbage-first heap   total 65536K, used 37828K [0x00000000c0000000, 0x0000000100000000)
  region size 1024K, 34 young (34816K), 2 survivors (2048K)
 Metaspace       used 13409K, committed 13632K, reserved 1114112K
  class space    used 1713K, committed 1792K, reserved 1048576K
}
Event: 3.515 GC heap after
{Heap after GC invocations=4 (full 0):
 garbage-first heap   total 65536K, used 8681K [0x00000000c0000000, 0x0000000100000000)
  region size 1024K, 4 young (4096K), 4 survivors (4096K)
 Metaspace       used 13409K, committed 13632K, reserved 1114112K
  class space    used 1713K, committed 1792K, reserved 1048576K
}

Dll operation events (9 events):
Event: 0.009 Loaded shared library C:\Program Files\Java\jdk-19\bin\java.dll
Event: 0.027 Loaded shared library C:\Program Files\Java\jdk-19\bin\jsvml.dll
Event: 0.154 Loaded shared library C:\Program Files\Java\jdk-19\bin\net.dll
Event: 0.156 Loaded shared library C:\Program Files\Java\jdk-19\bin\nio.dll
Event: 0.161 Loaded shared library C:\Program Files\Java\jdk-19\bin\zip.dll
Event: 0.420 Loaded shared library C:\Program Files\Java\jdk-19\bin\jimage.dll
Event: 1.234 Loaded shared library C:\Program Files\Java\jdk-19\bin\management.dll
Event: 1.240 Loaded shared library C:\Program Files\Java\jdk-19\bin\management_ext.dll
Event: 2.629 Loaded shared library C:\Program Files\Java\jdk-19\bin\verify.dll

Deoptimization events (20 events):
Event: 3.479 Thread 0x000002a5d0dea820 Uncommon trap: trap_request=0xffffff45 fr.pc=0x000002a5bfd762f4 relative=0x0000000000000754
Event: 3.479 Thread 0x000002a5d0dea820 Uncommon trap: reason=unstable_if action=reinterpret pc=0x000002a5bfd762f4 method=java.util.zip.ZipCoder.hash(Ljava/lang/String;)I @ 23 c2
Event: 3.479 Thread 0x000002a5d0dea820 DEOPT PACKING pc=0x000002a5bfd762f4 sp=0x000000e7a58fde70
Event: 3.479 Thread 0x000002a5d0dea820 DEOPT UNPACKING pc=0x000002a5bf816d9d sp=0x000000e7a58fdd08 mode 2
Event: 3.479 Thread 0x000002a5d0dea820 Uncommon trap: trap_request=0xffffff45 fr.pc=0x000002a5bfd7405c relative=0x00000000000004dc
Event: 3.479 Thread 0x000002a5d0dea820 Uncommon trap: reason=unstable_if action=reinterpret pc=0x000002a5bfd7405c method=java.util.zip.ZipCoder.hash(Ljava/lang/String;)I @ 23 c2
Event: 3.479 Thread 0x000002a5d0dea820 DEOPT PACKING pc=0x000002a5bfd7405c sp=0x000000e7a58fdde0
Event: 3.479 Thread 0x000002a5d0dea820 DEOPT UNPACKING pc=0x000002a5bf816d9d sp=0x000000e7a58fdcf8 mode 2
Event: 3.479 Thread 0x000002a5d0dea820 Uncommon trap: trap_request=0xffffff45 fr.pc=0x000002a5bfd689e4 relative=0x0000000000000244
Event: 3.479 Thread 0x000002a5d0dea820 Uncommon trap: reason=unstable_if action=reinterpret pc=0x000002a5bfd689e4 method=java.util.zip.ZipCoder.hash(Ljava/lang/String;)I @ 23 c2
Event: 3.479 Thread 0x000002a5d0dea820 DEOPT PACKING pc=0x000002a5bfd689e4 sp=0x000000e7a58fdd60
Event: 3.479 Thread 0x000002a5d0dea820 DEOPT UNPACKING pc=0x000002a5bf816d9d sp=0x000000e7a58fdcf8 mode 2
Event: 3.492 Thread 0x000002a5d0dea820 Uncommon trap: trap_request=0xffffff45 fr.pc=0x000002a5bfd4fac0 relative=0x0000000000000040
Event: 3.492 Thread 0x000002a5d0dea820 Uncommon trap: reason=unstable_if action=reinterpret pc=0x000002a5bfd4fac0 method=sun.nio.fs.WindowsPathParser.isSlash(C)Z @ 9 c2
Event: 3.492 Thread 0x000002a5d0dea820 DEOPT PACKING pc=0x000002a5bfd4fac0 sp=0x000000e7a58fdf40
Event: 3.492 Thread 0x000002a5d0dea820 DEOPT UNPACKING pc=0x000002a5bf816d9d sp=0x000000e7a58fdec8 mode 2
Event: 3.677 Thread 0x000002a5d0dea820 Uncommon trap: trap_request=0xffffff45 fr.pc=0x000002a5bfdc4c30 relative=0x0000000000000110
Event: 3.677 Thread 0x000002a5d0dea820 Uncommon trap: reason=unstable_if action=reinterpret pc=0x000002a5bfdc4c30 method=java.util.Arrays.equals([Ljava/lang/Object;[Ljava/lang/Object;)Z @ 44 c2
Event: 3.677 Thread 0x000002a5d0dea820 DEOPT PACKING pc=0x000002a5bfdc4c30 sp=0x000000e7a58fd4f0
Event: 3.677 Thread 0x000002a5d0dea820 DEOPT UNPACKING pc=0x000002a5bf816d9d sp=0x000000e7a58fd490 mode 2

Classes loaded (20 events):
Event: 3.619 Loading class jdk/xml/internal/JdkProperty$State
Event: 3.619 Loading class jdk/xml/internal/JdkProperty$State done
Event: 3.620 Loading class com/sun/org/apache/xalan/internal/utils/XMLSecurityPropertyManager
Event: 3.661 Loading class com/sun/org/apache/xalan/internal/utils/FeaturePropertyBase
Event: 3.662 Loading class com/sun/org/apache/xalan/internal/utils/FeaturePropertyBase done
Event: 3.662 Loading class com/sun/org/apache/xalan/internal/utils/XMLSecurityPropertyManager done
Event: 3.662 Loading class com/sun/org/apache/xalan/internal/utils/FeaturePropertyBase$State
Event: 3.662 Loading class com/sun/org/apache/xalan/internal/utils/FeaturePropertyBase$State done
Event: 3.662 Loading class com/sun/org/apache/xalan/internal/utils/XMLSecurityPropertyManager$Property
Event: 3.662 Loading class com/sun/org/apache/xalan/internal/utils/XMLSecurityPropertyManager$Property done
Event: 3.662 Loading class jdk/xml/internal/XMLSecurityManager
Event: 3.663 Loading class jdk/xml/internal/XMLSecurityManager done
Event: 3.663 Loading class jdk/xml/internal/XMLSecurityManager$Limit
Event: 3.663 Loading class jdk/xml/internal/XMLSecurityManager$Limit done
Event: 3.664 Loading class jdk/xml/internal/XMLSecurityManager$Processor
Event: 3.664 Loading class jdk/xml/internal/XMLSecurityManager$Processor done
Event: 3.664 Loading class jdk/xml/internal/XMLSecurityManager$NameMap
Event: 3.664 Loading class jdk/xml/internal/XMLSecurityManager$NameMap done
Event: 3.665 Loading class jdk/xml/internal/JdkProperty
Event: 3.665 Loading class jdk/xml/internal/JdkProperty done

Classes unloaded (0 events):
No events

Classes redefined (0 events):
No events

Internal exceptions (20 events):
Event: 1.916 Thread 0x000002a5d0dea820 Exception <a 'java/lang/NoSuchMethodError'{0x00000000c384b4e0}: 'java.lang.Object java.lang.invoke.DirectMethodHandle$Holder.invokeSpecial(java.lang.Object, java.lang.Object, java.lang.Object, java.lang.Object, java.lang.Object, java.lang.Object, java.lang.Object, int)'> (0x00000000c384b4e0) 
thrown [s\open\src\hotspot\share\interpreter\linkResolver.cpp, line 774]
Event: 2.010 Thread 0x000002a5d0dea820 Exception <a 'java/lang/NoSuchMethodError'{0x00000000c37733d8}: 'int java.lang.invoke.DirectMethodHandle$Holder.invokeInterface(java.lang.Object, java.lang.Object)'> (0x00000000c37733d8) 
thrown [s\open\src\hotspot\share\interpreter\linkResolver.cpp, line 774]
Event: 2.042 Thread 0x000002a5d0dea820 Exception <a 'java/lang/NoSuchMethodError'{0x00000000c37db350}: 'int java.lang.invoke.DirectMethodHandle$Holder.invokeVirtual(java.lang.Object, java.lang.Object)'> (0x00000000c37db350) 
thrown [s\open\src\hotspot\share\interpreter\linkResolver.cpp, line 774]
Event: 2.095 Thread 0x000002a5d0dea820 Exception <a 'java/lang/NoSuchMethodError'{0x00000000c348aad8}: 'java.lang.Object java.lang.invoke.DirectMethodHandle$Holder.invokeSpecial(java.lang.Object, java.lang.Object, java.lang.Object, int, java.lang.Object)'> (0x00000000c348aad8) 
thrown [s\open\src\hotspot\share\interpreter\linkResolver.cpp, line 774]
Event: 2.097 Thread 0x000002a5d0dea820 Exception <a 'java/lang/NoSuchMethodError'{0x00000000c3493398}: 'java.lang.Object java.lang.invoke.DirectMethodHandle$Holder.newInvokeSpecial(java.lang.Object, java.lang.Object, java.lang.Object, int, java.lang.Object)'> (0x00000000c3493398) 
thrown [s\open\src\hotspot\share\interpreter\linkResolver.cpp, line 774]
Event: 2.098 Thread 0x000002a5d0dea820 Exception <a 'java/lang/NoSuchMethodError'{0x00000000c349afd0}: 'java.lang.Object java.lang.invoke.Invokers$Holder.linkToTargetMethod(java.lang.Object, java.lang.Object, int, java.lang.Object, java.lang.Object)'> (0x00000000c349afd0) 
thrown [s\open\src\hotspot\share\interpreter\linkResolver.cpp, line 774]
Event: 2.100 Thread 0x000002a5d0dea820 Exception <a 'java/lang/NoSuchMethodError'{0x00000000c34aa070}: 'java.lang.Object java.lang.invoke.DirectMethodHandle$Holder.newInvokeSpecial(java.lang.Object, int, java.lang.Object)'> (0x00000000c34aa070) 
thrown [s\open\src\hotspot\share\interpreter\linkResolver.cpp, line 774]
Event: 2.102 Thread 0x000002a5d0dea820 Exception <a 'java/lang/NoSuchMethodError'{0x00000000c34aed48}: 'int java.lang.invoke.DirectMethodHandle$Holder.invokeSpecialIFC(java.lang.Object, java.lang.Object, java.lang.Object, java.lang.Object)'> (0x00000000c34aed48) 
thrown [s\open\src\hotspot\share\interpreter\linkResolver.cpp, line 774]
Event: 2.150 Thread 0x000002a5d0dea820 Exception <a 'java/lang/NoSuchMethodError'{0x00000000c3382348}: 'void java.lang.invoke.DirectMethodHandle$Holder.invokeInterface(java.lang.Object, java.lang.Object, java.lang.Object)'> (0x00000000c3382348) 
thrown [s\open\src\hotspot\share\interpreter\linkResolver.cpp, line 774]
Event: 2.203 Thread 0x000002a5d0dea820 Exception <a 'java/lang/NoSuchMethodError'{0x00000000c320b648}: 'void java.lang.invoke.DirectMethodHandle$Holder.invokeStaticInit(java.lang.Object, java.lang.Object)'> (0x00000000c320b648) 
thrown [s\open\src\hotspot\share\interpreter\linkResolver.cpp, line 774]
Event: 2.220 Thread 0x000002a5d0dea820 Exception <a 'java/lang/NoSuchMethodError'{0x00000000c3217ce8}: 'void java.lang.invoke.DirectMethodHandle$Holder.invokeStaticInit(java.lang.Object, java.lang.Object, java.lang.Object)'> (0x00000000c3217ce8) 
thrown [s\open\src\hotspot\share\interpreter\linkResolver.cpp, line 774]
Event: 2.245 Thread 0x000002a5d0dea820 Exception <a 'java/lang/NoSuchMethodError'{0x00000000c3253688}: 'java.lang.Object java.lang.invoke.DirectMethodHandle$Holder.invokeStatic(java.lang.Object, long, java.lang.Object)'> (0x00000000c3253688) 
thrown [s\open\src\hotspot\share\interpreter\linkResolver.cpp, line 774]
Event: 2.246 Thread 0x000002a5d0dea820 Exception <a 'java/lang/NoSuchMethodError'{0x00000000c3256f88}: 'java.lang.Object java.lang.invoke.DirectMethodHandle$Holder.invokeStaticInit(java.lang.Object, long, java.lang.Object)'> (0x00000000c3256f88) 
thrown [s\open\src\hotspot\share\interpreter\linkResolver.cpp, line 774]
Event: 2.248 Thread 0x000002a5d0dea820 Exception <a 'java/lang/NoSuchMethodError'{0x00000000c325d2a8}: 'java.lang.Object java.lang.invoke.DirectMethodHandle$Holder.newInvokeSpecial(java.lang.Object, long)'> (0x00000000c325d2a8) 
thrown [s\open\src\hotspot\share\interpreter\linkResolver.cpp, line 774]
Event: 2.296 Thread 0x000002a5d0dea820 Exception <a 'java/lang/NoSuchMethodError'{0x00000000c329b100}: 'void java.lang.invoke.DirectMethodHandle$Holder.invokeVirtual(java.lang.Object, java.lang.Object, java.lang.Object, java.lang.Object)'> (0x00000000c329b100) 
thrown [s\open\src\hotspot\share\interpreter\linkResolver.cpp, line 774]
Event: 2.393 Thread 0x000002a5d0dea820 Exception <a 'java/lang/NoSuchMethodError'{0x00000000c31ce868}: 'void java.lang.invoke.DirectMethodHandle$Holder.invokeSpecial(java.lang.Object, java.lang.Object, java.lang.Object, java.lang.Object, java.lang.Object)'> (0x00000000c31ce868) 
thrown [s\open\src\hotspot\share\interpreter\linkResolver.cpp, line 774]
Event: 2.419 Thread 0x000002a5d0dea820 Exception <a 'java/lang/IncompatibleClassChangeError'{0x00000000c300aaa0}: Found class java.lang.Object, but interface was expected> (0x00000000c300aaa0) 
thrown [s\open\src\hotspot\share\interpreter\linkResolver.cpp, line 841]
Event: 2.849 Thread 0x000002a5d0dea820 Exception <a 'java/lang/NoSuchMethodError'{0x00000000c29fc438}: 'int java.lang.invoke.Invokers$Holder.invokeExact_MT(java.lang.Object, java.lang.Object)'> (0x00000000c29fc438) 
thrown [s\open\src\hotspot\share\interpreter\linkResolver.cpp, line 774]
Event: 3.493 Thread 0x000002a5d0dea820 Exception <a 'java/lang/NoSuchMethodError'{0x00000000c1efcf98}: 'int java.lang.invoke.DirectMethodHandle$Holder.invokeSpecial(java.lang.Object, java.lang.Object, java.lang.Object, java.lang.Object, java.lang.Object)'> (0x00000000c1efcf98) 
thrown [s\open\src\hotspot\share\interpreter\linkResolver.cpp, line 774]
Event: 3.541 Thread 0x000002a5d0dea820 Exception <a 'java/lang/NoSuchMethodError'{0x00000000c3f66708}: 'void java.lang.invoke.DirectMethodHandle$Holder.invokeVirtual(java.lang.Object, java.lang.Object)'> (0x00000000c3f66708) 
thrown [s\open\src\hotspot\share\interpreter\linkResolver.cpp, line 774]

VM Operations (20 events):
Event: 1.531 Executing VM operation: HandshakeAllThreads
Event: 1.531 Executing VM operation: HandshakeAllThreads done
Event: 2.036 Executing VM operation: HandshakeAllThreads
Event: 2.036 Executing VM operation: HandshakeAllThreads done
Event: 2.318 Executing VM operation: ICBufferFull
Event: 2.318 Executing VM operation: ICBufferFull done
Event: 2.378 Executing VM operation: HandshakeAllThreads
Event: 2.378 Executing VM operation: HandshakeAllThreads done
Event: 2.386 Executing VM operation: HandshakeAllThreads
Event: 2.386 Executing VM operation: HandshakeAllThreads done
Event: 2.716 Executing VM operation: HandshakeAllThreads
Event: 2.719 Executing VM operation: HandshakeAllThreads done
Event: 3.260 Executing VM operation: HandshakeAllThreads
Event: 3.260 Executing VM operation: HandshakeAllThreads done
Event: 3.433 Executing VM operation: HandshakeAllThreads
Event: 3.433 Executing VM operation: HandshakeAllThreads done
Event: 3.433 Executing VM operation: Cleanup
Event: 3.433 Executing VM operation: Cleanup done
Event: 3.496 Executing VM operation: G1CollectForAllocation
Event: 3.520 Executing VM operation: G1CollectForAllocation done

Events (15 events):
Event: 0.027 Thread 0x000002a5aeb5eb00 Thread added: 0x000002a5aeb5eb00
Event: 0.049 Thread 0x000002a5cc041d00 Thread added: 0x000002a5cc041d00
Event: 0.049 Thread 0x000002a5cc042a90 Thread added: 0x000002a5cc042a90
Event: 0.050 Thread 0x000002a5cc044a30 Thread added: 0x000002a5cc044a30
Event: 0.050 Thread 0x000002a5cc0474c0 Thread added: 0x000002a5cc0474c0
Event: 0.050 Thread 0x000002a5cc048070 Thread added: 0x000002a5cc048070
Event: 0.050 Thread 0x000002a5cc048b40 Thread added: 0x000002a5cc048b40
Event: 0.051 Thread 0x000002a5cc04c740 Thread added: 0x000002a5cc04c740
Event: 0.051 Thread 0x000002a5cc07ad20 Thread added: 0x000002a5cc07ad20
Event: 0.052 Thread 0x000002a5cc09e060 Thread added: 0x000002a5cc09e060
Event: 0.139 Thread 0x000002a5d04bebe0 Thread added: 0x000002a5d04bebe0
Event: 0.145 Thread 0x000002a5d04d0530 Thread added: 0x000002a5d04d0530
Event: 1.364 Thread 0x000002a5d0dea2e0 Thread added: 0x000002a5d0dea2e0
Event: 1.369 Thread 0x000002a5d0dea820 Thread added: 0x000002a5d0dea820
Event: 2.407 Thread 0x000002a5d100c1f0 Thread added: 0x000002a5d100c1f0


Dynamic libraries:
0x00007ff64d200000 - 0x00007ff64d210000 	C:\Program Files\Java\jdk-19\bin\java.exe
0x00007ffcfafb0000 - 0x00007ffcfb19e000 	C:\Windows\SYSTEM32\ntdll.dll
0x00007ffcfa030000 - 0x00007ffcfa0e3000 	C:\Windows\System32\KERNEL32.DLL
0x00007ffcf7270000 - 0x00007ffcf750c000 	C:\Windows\System32\KERNELBASE.dll
0x00007ffcf7510000 - 0x00007ffcf760a000 	C:\Windows\System32\ucrtbase.dll
0x00007ffcec4d0000 - 0x00007ffcec4e8000 	C:\Program Files\Java\jdk-19\bin\jli.dll
0x00007ffcecd30000 - 0x00007ffcecd4b000 	C:\Program Files\Java\jdk-19\bin\VCRUNTIME140.dll
0x00007ffcfa9e0000 - 0x00007ffcfaa87000 	C:\Windows\System32\ADVAPI32.dll
0x00007ffcf8680000 - 0x00007ffcf871e000 	C:\Windows\System32\msvcrt.dll
0x00007ffcf85e0000 - 0x00007ffcf867f000 	C:\Windows\System32\sechost.dll
0x00007ffcf9f10000 - 0x00007ffcfa02d000 	C:\Windows\System32\RPCRT4.dll
0x00007ffcf8270000 - 0x00007ffcf8408000 	C:\Windows\System32\USER32.dll
0x00007ffcf7250000 - 0x00007ffcf7270000 	C:\Windows\System32\win32u.dll
0x00007ffcee1e0000 - 0x00007ffcee459000 	C:\Windows\WinSxS\amd64_microsoft.windows.common-controls_6595b64144ccf1df_6.0.17763.4131_none_de70d21e534b9adf\COMCTL32.dll
0x00007ffcf8240000 - 0x00007ffcf8269000 	C:\Windows\System32\GDI32.dll
0x00007ffcfa370000 - 0x00007ffcfa69c000 	C:\Windows\System32\combase.dll
0x00007ffcf76e0000 - 0x00007ffcf7880000 	C:\Windows\System32\gdi32full.dll
0x00007ffcf80b0000 - 0x00007ffcf8132000 	C:\Windows\System32\bcryptPrimitives.dll
0x00007ffcf8140000 - 0x00007ffcf81e0000 	C:\Windows\System32\msvcp_win.dll
0x00007ffcf1900000 - 0x00007ffcf190a000 	C:\Windows\SYSTEM32\VERSION.dll
0x00007ffcf8720000 - 0x00007ffcf874e000 	C:\Windows\System32\IMM32.DLL
0x00007ffceff30000 - 0x00007ffceff3c000 	C:\Program Files\Java\jdk-19\bin\vcruntime140_1.dll
0x00007ffccdad0000 - 0x00007ffccdb5e000 	C:\Program Files\Java\jdk-19\bin\msvcp140.dll
0x00007ffcc5c00000 - 0x00007ffcc68c0000 	C:\Program Files\Java\jdk-19\bin\server\jvm.dll
0x00007ffcf4f90000 - 0x00007ffcf4fb4000 	C:\Windows\SYSTEM32\WINMM.dll
0x00007ffceff80000 - 0x00007ffceff89000 	C:\Windows\SYSTEM32\WSOCK32.dll
0x00007ffcfaa90000 - 0x00007ffcfaafd000 	C:\Windows\System32\WS2_32.dll
0x00007ffcf4f60000 - 0x00007ffcf4f8d000 	C:\Windows\SYSTEM32\WINMMBASE.dll
0x00007ffcf7880000 - 0x00007ffcf78ca000 	C:\Windows\System32\cfgmgr32.dll
0x00007ffcf7030000 - 0x00007ffcf7041000 	C:\Windows\System32\kernel.appcore.dll
0x00007ffcefe90000 - 0x00007ffcefe9a000 	C:\Program Files\Java\jdk-19\bin\jimage.dll
0x00007ffce79a0000 - 0x00007ffce7b8d000 	C:\Windows\SYSTEM32\DBGHELP.DLL
0x00007ffcea350000 - 0x00007ffcea37a000 	C:\Windows\SYSTEM32\dbgcore.DLL
0x00007ffceb930000 - 0x00007ffceb956000 	C:\Program Files\Java\jdk-19\bin\java.dll
0x00007ffcd2610000 - 0x00007ffcd26e7000 	C:\Program Files\Java\jdk-19\bin\jsvml.dll
0x00007ffcf8750000 - 0x00007ffcf9c48000 	C:\Windows\System32\SHELL32.dll
0x00007ffcfa2c0000 - 0x00007ffcfa367000 	C:\Windows\System32\shcore.dll
0x00007ffcf78d0000 - 0x00007ffcf8019000 	C:\Windows\System32\windows.storage.dll
0x00007ffcf7000000 - 0x00007ffcf7023000 	C:\Windows\System32\profapi.dll
0x00007ffcf6fa0000 - 0x00007ffcf6ffd000 	C:\Windows\System32\powrprof.dll
0x00007ffcf81e0000 - 0x00007ffcf8232000 	C:\Windows\System32\shlwapi.dll
0x00007ffcf7610000 - 0x00007ffcf762b000 	C:\Windows\System32\cryptsp.dll
0x00007ffcea3a0000 - 0x00007ffcea3b3000 	C:\Program Files\Java\jdk-19\bin\net.dll
0x00007ffceea50000 - 0x00007ffceeb4f000 	C:\Windows\SYSTEM32\WINHTTP.dll
0x00007ffcf67d0000 - 0x00007ffcf6837000 	C:\Windows\system32\mswsock.dll
0x00007ffce82a0000 - 0x00007ffce82b6000 	C:\Program Files\Java\jdk-19\bin\nio.dll
0x00007ffce7e60000 - 0x00007ffce7e78000 	C:\Program Files\Java\jdk-19\bin\zip.dll
0x00007ffced280000 - 0x00007ffced28a000 	C:\Program Files\Java\jdk-19\bin\management.dll
0x00007ffceccd0000 - 0x00007ffceccdb000 	C:\Program Files\Java\jdk-19\bin\management_ext.dll
0x00007ffcfa250000 - 0x00007ffcfa258000 	C:\Windows\System32\PSAPI.DLL
0x00007ffcef2b0000 - 0x00007ffcef2c0000 	C:\Program Files\Java\jdk-19\bin\verify.dll

dbghelp: loaded successfully - version: 4.0.5 - missing functions: none
symbol engine: initialized successfully - sym options: 0x614 - pdb path: .;C:\Program Files\Java\jdk-19\bin;C:\Windows\SYSTEM32;C:\Windows\WinSxS\amd64_microsoft.windows.common-controls_6595b64144ccf1df_6.0.17763.4131_none_de70d21e534b9adf;C:\Program Files\Java\jdk-19\bin\server

VM Arguments:
java_command: com.portfolio.portfolioJCS.PortfolioJcsApplication
java_class_path (initial): F:\Java\portfolioJCS\target\classes;C:\Users\Usuario\.m2\repository\org\springframework\boot\spring-boot-starter-data-jpa\3.0.5\spring-boot-starter-data-jpa-3.0.5.jar;C:\Users\Usuario\.m2\repository\org\springframework\boot\spring-boot-starter-aop\3.0.5\spring-boot-starter-aop-3.0.5.jar;C:\Users\Usuario\.m2\repository\org\springframework\spring-aop\6.0.7\spring-aop-6.0.7.jar;C:\Users\Usuario\.m2\repository\org\aspectj\aspectjweaver\1.9.19\aspectjweaver-1.9.19.jar;C:\Users\Usuario\.m2\repository\org\springframework\boot\spring-boot-starter-jdbc\3.0.5\spring-boot-starter-jdbc-3.0.5.jar;C:\Users\Usuario\.m2\repository\com\zaxxer\HikariCP\5.0.1\HikariCP-5.0.1.jar;C:\Users\Usuario\.m2\repository\org\springframework\spring-jdbc\6.0.7\spring-jdbc-6.0.7.jar;C:\Users\Usuario\.m2\repository\org\hibernate\orm\hibernate-core\6.1.7.Final\hibernate-core-6.1.7.Final.jar;C:\Users\Usuario\.m2\repository\jakarta\persistence\jakarta.persistence-api\3.1.0\jakarta.persistence-api-3.1.0.jar;C:\Users\Usuario\.m2\repository\jakarta\transaction\jakarta.transaction-api\2.0.1\jakarta.transaction-api-2.0.1.jar;C:\Users\Usuario\.m2\repository\org\jboss\logging\jboss-logging\3.5.0.Final\jboss-logging-3.5.0.Final.jar;C:\Users\Usuario\.m2\repository\org\hibernate\common\hibernate-commons-annotations\6.0.6.Final\hibernate-commons-annotations-6.0.6.Final.jar;C:\Users\Usuario\.m2\repository\org\jboss\jandex\2.4.2.Final\jandex-2.4.2.Final.jar;C:\Users\Usuario\.m2\repository\com\fasterxml\classmate\1.5.1\classmate-1.5.1.jar;C:\Users\Usuario\.m2\repository\net\bytebuddy\byte-buddy\1.12.23\byte-buddy-1.12.23.jar;C:\Users\Usuario\.m2\repository\org\glassfish\jaxb\jaxb-runtime\4.0.2\jaxb-runtime-4.0.2.jar;C:\Users\Usuario\.m2\repository\org\glassfish\jaxb\jaxb-core\4.0.2\jaxb-core-4.0.2.jar;C:\Users\Usuario\.m2\repository\org\eclipse\angus\angus-activation\2.0.0\angus-activation-2.0.0.jar;C:\Users\Usuario\.m2\repository\org\glassfish\jaxb\txw2\4.0.2\txw2-4.0.2.jar;C:\Users\Usuario\.m2\repository\com\sun\istack\istack-commons-runtime\4.1.1\istack-commons-runtime-4.1.1.jar;C:\Users\Usuario\.m2\repository\jakarta\inject\jakarta.inject-api\2.0.0\jakarta.inject-api-2.0.0.jar;C:\Users\Usuario\.m2\repository\org\antlr\antlr4-runtime\4.10.1\antlr4-runtime-4.10.1.jar;C:\Users\Usuario\.m2\repository\org\springframework\data\spring-data-jpa\3.0.4\spring-data-jpa-3.0.4.jar;C:\Users\Usuario\.m2\repository\org\springframework\data\spring-data-commons\3.0.4\spring-data-commons-3.0.4.jar;C:\Users\Usuario\.m2\repository\org\springframework\spring-orm\6.0.7\spring-orm-6.0.7.jar;C:\Users\Usuario\.m2\repository\org\springframework\spring-context\6.0.7\spring-context-6.0.7.jar;C:\Users\Usuario\.m2\repository\org\springframework\spring-tx\6.0.7\spring-tx-6.0.7.jar;C:\Users\Usuario\.m2\repository\org\springframework\spring-beans\6.0.7\spring-beans-6.0.7.jar;C:\Users\Usuario\.m2\repository\jakarta\annotation\jakarta.annotation-api\2.1.1\jakarta.annotation-api-2.1.1.jar;C:\Users\Usuario\.m2\repository\org\slf4j\slf4j-api\2.0.7\slf4j-api-2.0.7.jar;C:\Users\Usuario\.m2\repository\org\springframework\spring-aspects\6.0.7\spring-aspects-6.0.7.jar;C:\Users\Usuario\.m2\repository\org\springframework\boot\spring-boot-starter-validation\3.0.5\spring-boot-starter-validation-3.0.5.jar;C:\Users\Usuario\.m2\repository\org\springframework\boot\spring-boot-starter\3.0.5\spring-boot-starter-3.0.5.jar;C:\Users\Usuario\.m2\repository\org\springframework\boot\spring-boot-starter-logging\3.0.5\spring-boot-starter-logging-3.0.5.jar;C:\Users\Usuario\.m2\repository\ch\qos\logback\logback-classic\1.4.6\logback-classic-1.4.6.jar;C:\Users\Usuario\.m2\repository\ch\qos\logback\logback-core\1.4.6\logback-core-1.4.6.jar;C:\Users\Usuario\.m2\repository\org\apache\logging\log4j\log4j-to-slf4j\2.19.0\log4j-to-slf4j-2.19.0.jar;C:\Users\Usuario\.m2\repository\org\apache\logging\log4j\log4j-api\2.19.0\log4j-api-2.19.0.jar;C:\Users\Usuario\.m2\repository\org\slf4j\jul-to-slf4j\2.0.7\jul-to-slf4j-2.0.7.jar;C:\Users\Usuario\.m2\repository\org\yaml\snakeyaml\1.33\snakeyaml-1.33.jar;C:\Users\Usuario\.m2\repository\org\apache\tomcat\embed\tomcat-embed-el\10.1.7\tomcat-embed-el-10.1.7.jar;C:\Users\Usuario\.m2\repository\org\hibernate\validator\hibernate-validator\8.0.0.Final\hibernate-validator-8.0.0.Final.jar;C:\Users\Usuario\.m2\repository\jakarta\validation\jakarta.validation-api\3.0.2\jakarta.validation-api-3.0.2.jar;C:\Users\Usuario\.m2\repository\org\springframework\boot\spring-boot-starter-web\3.0.5\spring-boot-starter-web-3.0.5.jar;C:\Users\Usuario\.m2\repository\org\springframework\boot\spring-boot-starter-json\3.0.5\spring-boot-starter-json-3.0.5.jar;C:\Users\Usuario\.m2\repository\com\fasterxml\jackson\core\jackson-databind\2.14.2\jackson-databind-2.14.2.jar;C:\Users\Usuario\.m2\repository\com\fasterxml\jackson\core\jackson-annotations\2.14.2\jackson-annotations-2.14.2.jar;C:\Users\Usuario\.m2\repository\com\fasterxml\jackson\core\jackson-core\2.14.2\jackson-core-2.14.2.jar;C:\Users\Usuario\.m2\repository\com\fasterxml\jackson\datatype\jackson-datatype-jdk8\2.14.2\jackson-datatype-jdk8-2.14.2.jar;C:\Users\Usuario\.m2\repository\com\fasterxml\jackson\datatype\jackson-datatype-jsr310\2.14.2\jackson-datatype-jsr310-2.14.2.jar;C:\Users\Usuario\.m2\repository\com\fasterxml\jackson\module\jackson-module-parameter-names\2.14.2\jackson-module-parameter-names-2.14.2.jar;C:\Users\Usuario\.m2\repository\org\springframework\boot\spring-boot-starter-tomcat\3.0.5\spring-boot-starter-tomcat-3.0.5.jar;C:\Users\Usuario\.m2\repository\org\apache\tomcat\embed\tomcat-embed-core\10.1.7\tomcat-embed-core-10.1.7.jar;C:\Users\Usuario\.m2\repository\org\apache\tomcat\embed\tomcat-embed-websocket\10.1.7\tomcat-embed-websocket-10.1.7.jar;C:\Users\Usuario\.m2\repository\org\springframework\spring-web\6.0.7\spring-web-6.0.7.jar;C:\Users\Usuario\.m2\repository\io\micrometer\micrometer-observation\1.10.5\micrometer-observation-1.10.5.jar;C:\Users\Usuario\.m2\repository\io\micrometer\micrometer-commons\1.10.5\micrometer-commons-1.10.5.jar;C:\Users\Usuario\.m2\repository\org\springframework\spring-webmvc\6.0.7\spring-webmvc-6.0.7.jar;C:\Users\Usuario\.m2\repository\org\springframework\spring-expression\6.0.7\spring-expression-6.0.7.jar;C:\Users\Usuario\.m2\repository\org\springframework\boot\spring-boot-devtools\3.0.5\spring-boot-devtools-3.0.5.jar;C:\Users\Usuario\.m2\repository\org\springframework\boot\spring-boot\3.0.5\spring-boot-3.0.5.jar;C:\Users\Usuario\.m2\repository\org\springframework\boot\spring-boot-autoconfigure\3.0.5\spring-boot-autoconfigure-3.0.5.jar;C:\Users\Usuario\.m2\repository\com\mysql\mysql-connector-j\8.0.32\mysql-connector-j-8.0.32.jar;C:\Users\Usuario\.m2\repository\org\projectlombok\lombok\1.18.26\lombok-1.18.26.jar;C:\Users\Usuario\.m2\repository\jakarta\xml\bind\jakarta.xml.bind-api\4.0.0\jakarta.xml.bind-api-4.0.0.jar;C:\Users\Usuario\.m2\repository\jakarta\activation\jakarta.activation-api\2.1.1\jakarta.activation-api-2.1.1.jar;C:\Users\Usuario\.m2\repository\org\springframework\spring-core\6.0.7\spring-core-6.0.7.jar;C:\Users\Usuario\.m2\repository\org\springframework\spring-jcl\6.0.7\spring-jcl-6.0.7.jar
Launcher Type: SUN_STANDARD

[Global flags]
     intx CICompilerCount                          = 2                                         {product} {ergonomic}
     uint ConcGCThreads                            = 1                                         {product} {ergonomic}
     uint G1ConcRefinementThreads                  = 2                                         {product} {ergonomic}
   size_t G1HeapRegionSize                         = 1048576                                   {product} {ergonomic}
    uintx GCDrainStackTargetSize                   = 64                                        {product} {ergonomic}
   size_t InitialHeapSize                          = 67108864                                  {product} {ergonomic}
   size_t MarkStackSize                            = 4194304                                   {product} {ergonomic}
   size_t MaxHeapSize                              = 1073741824                                {product} {ergonomic}
   size_t MaxNewSize                               = 643825664                                 {product} {ergonomic}
   size_t MinHeapDeltaBytes                        = 1048576                                   {product} {ergonomic}
   size_t MinHeapSize                              = 8388608                                   {product} {ergonomic}
    uintx NonNMethodCodeHeapSize                   = 5826188                                {pd product} {ergonomic}
    uintx NonProfiledCodeHeapSize                  = 122916026                              {pd product} {ergonomic}
    uintx ProfiledCodeHeapSize                     = 122916026                              {pd product} {ergonomic}
    uintx ReservedCodeCacheSize                    = 251658240                              {pd product} {ergonomic}
     bool SegmentedCodeCache                       = true                                      {product} {ergonomic}
   size_t SoftMaxHeapSize                          = 1073741824                             {manageable} {ergonomic}
     bool UseCompressedClassPointers               = true                           {product lp64_product} {ergonomic}
     bool UseCompressedOops                        = true                           {product lp64_product} {ergonomic}
     bool UseG1GC                                  = true                                      {product} {ergonomic}
     bool UseLargePagesIndividualAllocation        = false                                  {pd product} {ergonomic}

Logging:
Log output configuration:
 #0: stdout all=warning uptime,level,tags foldmultilines=false
 #1: stderr all=off uptime,level,tags foldmultilines=false

Environment Variables:
JAVA_HOME=C:\Program Files\Java\jdk-19
PATH=C:\Program Files\Common Files\Oracle\Java\javapath;C:\Program Files (x86)\Common Files\Oracle\Java\javapath;C:\Windows\system32;C:\Windows;C:\Windows\System32\Wbem;C:\Windows\System32\WindowsPowerShell\v1.0\;C:\Windows\System32\OpenSSH\;C:\Program Files\Git\cmd;C:\Program Files\nodejs\;C:\Program Files\Java\jdk-19\bin;C:\Users\Usuario\AppData\Local\Programs\Python\Python311\Scripts\;C:\Users\Usuario\AppData\Local\Programs\Python\Python311\;C:\Users\Usuario\AppData\Local\Microsoft\WindowsApps;;C:\Users\Usuario\AppData\Local\Programs\Microsoft VS Code\bin;C:\Program Files (x86)\Brackets\;C:\Users\Usuario\AppData\Roaming\npm
USERNAME=Usuario
OS=Windows_NT
PROCESSOR_IDENTIFIER=Intel64 Family 6 Model 23 Stepping 10, GenuineIntel
TMP=C:\Users\Usuario\AppData\Local\Temp
TEMP=C:\Users\Usuario\AppData\Local\Temp



---------------  S Y S T E M  ---------------

OS:
 Windows 10 , 64 bit Build 17763 (10.0.17763.4131)
OS uptime: 3 days 18:03 hours

CPU: total 2 (initial active 2) (2 cores per cpu, 1 threads per core) family 6 model 23 stepping 10 microcode 0xa0c, cx8, cmov, fxsr, mmx, sse, sse2, sse3, ssse3, tsc, clflush

Memory: 4k page, system-wide physical 4095M (1115M free)
TotalPageFile size 5602M (AvailPageFile size 5M)
current process WorkingSet (physical memory assigned to process): 112M, peak: 112M
current process commit charge ("private bytes"): 168M, peak: 169M

vm_info: Java HotSpot(TM) 64-Bit Server VM (19.0.1+10-21) for windows-amd64 JRE (19.0.1+10-21), built on 2022-09-14T12:45:06Z by "mach5one" with MS VC++ 17.1 (VS2022)

END.
