#
# A fatal error has been detected by the Java Runtime Environment:
#
#  EXCEPTION_ACCESS_VIOLATION (0xc0000005) at pc=0x00000249983eab00, pid=7144, tid=1980
#
# JRE version: Java(TM) SE Runtime Environment (19.0.1+10) (build 19.0.1+10-21)
# Java VM: Java HotSpot(TM) 64-Bit Server VM (19.0.1+10-21, mixed mode, sharing, tiered, compressed oops, compressed class ptrs, g1 gc, windows-amd64)
# Problematic frame:
# C  0x00000249983eab00
#
# No core dump will be written. Minidumps are not enabled by default on client versions of Windows
#
# If you would like to submit a bug report, please visit:
#   https://bugreport.java.com/bugreport/crash.jsp
#

---------------  S U M M A R Y ------------

Command Line: com.portfolio.portfolioJCS.PortfolioJcsApplication

Host: Pentium(R) Dual-Core  CPU      E5300  @ 2.60GHz, 2 cores, 3G,  Windows 10 , 64 bit Build 17763 (10.0.17763.4131)
Time: Sun Mar 26 04:01:47 2023 Hora estándar de Argentina elapsed time: 0.195378 seconds (0d 0h 0m 0s)

---------------  T H R E A D  ---------------

Current thread (0x0000024a7781be50):  JavaThread "main" [_thread_in_Java, id=1980, stack(0x0000008a33b00000,0x0000008a33c00000)]

Stack: [0x0000008a33b00000,0x0000008a33c00000],  sp=0x0000008a33bfd678,  free space=1013k
Native frames: (J=compiled Java code, j=interpreted, Vv=VM code, C=native code)
C  0x00000249983eab00


siginfo: EXCEPTION_ACCESS_VIOLATION (0xc0000005), data execution prevention violation at address 0x00000249983eab00


Registers:
RAX=0x0000000000000043, RBX=0x000000000009bf8a, RCX=0x000000000009bf19, RDX=0x00000000c3e73878
RSP=0x0000008a33bfd678, RBP=0x0000008a33bfd810, RSI=0x00000000c0000000, RDI=0x000000000009bf47
R8 =0x000000000009bf19, R9 =0x00000000000046d7, R10=0x00000000ffffffff, R11=0x00000000c3e73878
R12=0x0000000000000000, R13=0x0000000000001c75, R14=0x0000008a33bfd890, R15=0x0000024a7781be50
RIP=0x00000249983eab00, EFLAGS=0x0000000000010202


Register to memory mapping:

RIP=0x00000249983eab00 is an unknown value
RAX=0x0000000000000043 is an unknown value
RBX=0x000000000009bf8a is an unknown value
RCX=0x000000000009bf19 is an unknown value
RDX=0x00000000c3e73878 is an oop: java.util.zip.ZipFile$Source 
{0x00000000c3e73878} - klass: 'java/util/zip/ZipFile$Source'
 - ---- fields (total size 10 words):
 - private 'refs' 'I' @12  1
 - private 'locpos' 'J' @16  0 (0 0)
 - private 'manifestPos' 'I' @24  55 (37)
 - private 'manifestNum' 'I' @28  1
 - private 'total' 'I' @32  6355 (18d3)
 - private 'tablelen' 'I' @36  3177 (c69)
 - private final 'startsWithLoc' 'Z' @40  false
 - private final 'key' 'Ljava/util/zip/ZipFile$Source$Key;' @44  a 'java/util/zip/ZipFile$Source$Key'{0x00000000c3e734a8} (c3e734a8)
 - private final synchronized 'zc' 'Ljava/util/zip/ZipCoder;' @48  a 'java/util/zip/ZipCoder$UTF8ZipCoder'{0x00000000c3e0c0e8} (c3e0c0e8)
 - private 'zfile' 'Ljava/io/RandomAccessFile;' @52  a 'java/io/RandomAccessFile'{0x00000000c3e738c8} (c3e738c8)
 - private 'cen' '[B' @56  [B{0x00000000c0000000} (c0000000)
 - private 'comment' '[B' @60  NULL (0)
 - private 'signatureMetaNames' '[I' @64  NULL (0)
 - private 'metaVersions' '[I' @68  NULL (0)
 - private 'entries' '[I' @72  [I{0x00000000c3e7c710} (c3e7c710)
 - private 'table' '[I' @76  [I{0x00000000c3e73a60} (c3e73a60)
RSP=0x0000008a33bfd678 is pointing into the stack for thread: 0x0000024a7781be50
RBP=0x0000008a33bfd810 is pointing into the stack for thread: 0x0000024a7781be50
RSI=0x00000000c0000000 is an oop: [B 
{0x00000000c0000000} - klass: {type array byte}
 - length: 672417
RDI=0x000000000009bf47 is an unknown value
R8 =0x000000000009bf19 is an unknown value
R9 =0x00000000000046d7 is an unknown value
R10=0x00000000ffffffff is an unallocated location in the heap
R11=0x00000000c3e73878 is an oop: java.util.zip.ZipFile$Source 
{0x00000000c3e73878} - klass: 'java/util/zip/ZipFile$Source'
 - ---- fields (total size 10 words):
 - private 'refs' 'I' @12  1
 - private 'locpos' 'J' @16  0 (0 0)
 - private 'manifestPos' 'I' @24  55 (37)
 - private 'manifestNum' 'I' @28  1
 - private 'total' 'I' @32  6355 (18d3)
 - private 'tablelen' 'I' @36  3177 (c69)
 - private final 'startsWithLoc' 'Z' @40  false
 - private final 'key' 'Ljava/util/zip/ZipFile$Source$Key;' @44  a 'java/util/zip/ZipFile$Source$Key'{0x00000000c3e734a8} (c3e734a8)
 - private final synchronized 'zc' 'Ljava/util/zip/ZipCoder;' @48  a 'java/util/zip/ZipCoder$UTF8ZipCoder'{0x00000000c3e0c0e8} (c3e0c0e8)
 - private 'zfile' 'Ljava/io/RandomAccessFile;' @52  a 'java/io/RandomAccessFile'{0x00000000c3e738c8} (c3e738c8)
 - private 'cen' '[B' @56  [B{0x00000000c0000000} (c0000000)
 - private 'comment' '[B' @60  NULL (0)
 - private 'signatureMetaNames' '[I' @64  NULL (0)
 - private 'metaVersions' '[I' @68  NULL (0)
 - private 'entries' '[I' @72  [I{0x00000000c3e7c710} (c3e7c710)
 - private 'table' '[I' @76  [I{0x00000000c3e73a60} (c3e73a60)
R12=0x0 is NULL
R13=0x0000000000001c75 is an unknown value
R14=0x0000008a33bfd890 is pointing into the stack for thread: 0x0000024a7781be50
R15=0x0000024a7781be50 is a thread


Top of Stack: (sp=0x0000008a33bfd678)
0x0000008a33bfd678:   0000024a07ebf88c ffffffffffffffff
0x0000008a33bfd688:   000000080032c4c0 0000024a7781be50
0x0000008a33bfd698:   0000008a33bfd890 0000008a33bfd7a8
0x0000008a33bfd6a8:   0000000000000000 0000024a07ec2800
0x0000008a33bfd6b8:   000000080032c678 00000000000996de
0x0000008a33bfd6c8:   00000000000996b0 000000000000003e
0x0000008a33bfd6d8:   0000000000000000 0000008a33bfd710
0x0000008a33bfd6e8:   0000000000000000 000000080032c678
0x0000008a33bfd6f8:   00000000c3e73878 00000000c3e73878
0x0000008a33bfd708:   0000024a1702e030 0000008a33bfd810
0x0000008a33bfd718:   00000000c0000000 000000430009bf47
0x0000008a33bfd728:   00000000c3e73878 0009bf19000046d7
0x0000008a33bfd738:   000000080009bf8a 00000000c3e0c0e8
0x0000008a33bfd748:   0000024a1702dd58 0000008a33bfd810
0x0000008a33bfd758:   0000024a07ec234a ffffffffffffffff
0x0000008a33bfd768:   000000080032c518 0000000000000000 

Instructions: (pc=0x00000249983eab00)
0x00000249983eaa00:   ?? ?? ?? ?? ?? ?? ?? ?? ?? ?? ?? ?? ?? ?? ?? ??
0x00000249983eaa10:   ?? ?? ?? ?? ?? ?? ?? ?? ?? ?? ?? ?? ?? ?? ?? ??
0x00000249983eaa20:   ?? ?? ?? ?? ?? ?? ?? ?? ?? ?? ?? ?? ?? ?? ?? ??
0x00000249983eaa30:   ?? ?? ?? ?? ?? ?? ?? ?? ?? ?? ?? ?? ?? ?? ?? ??
0x00000249983eaa40:   ?? ?? ?? ?? ?? ?? ?? ?? ?? ?? ?? ?? ?? ?? ?? ??
0x00000249983eaa50:   ?? ?? ?? ?? ?? ?? ?? ?? ?? ?? ?? ?? ?? ?? ?? ??
0x00000249983eaa60:   ?? ?? ?? ?? ?? ?? ?? ?? ?? ?? ?? ?? ?? ?? ?? ??
0x00000249983eaa70:   ?? ?? ?? ?? ?? ?? ?? ?? ?? ?? ?? ?? ?? ?? ?? ??
0x00000249983eaa80:   ?? ?? ?? ?? ?? ?? ?? ?? ?? ?? ?? ?? ?? ?? ?? ??
0x00000249983eaa90:   ?? ?? ?? ?? ?? ?? ?? ?? ?? ?? ?? ?? ?? ?? ?? ??
0x00000249983eaaa0:   ?? ?? ?? ?? ?? ?? ?? ?? ?? ?? ?? ?? ?? ?? ?? ??
0x00000249983eaab0:   ?? ?? ?? ?? ?? ?? ?? ?? ?? ?? ?? ?? ?? ?? ?? ??
0x00000249983eaac0:   ?? ?? ?? ?? ?? ?? ?? ?? ?? ?? ?? ?? ?? ?? ?? ??
0x00000249983eaad0:   ?? ?? ?? ?? ?? ?? ?? ?? ?? ?? ?? ?? ?? ?? ?? ??
0x00000249983eaae0:   ?? ?? ?? ?? ?? ?? ?? ?? ?? ?? ?? ?? ?? ?? ?? ??
0x00000249983eaaf0:   ?? ?? ?? ?? ?? ?? ?? ?? ?? ?? ?? ?? ?? ?? ?? ??
0x00000249983eab00:   ?? ?? ?? ?? ?? ?? ?? ?? ?? ?? ?? ?? ?? ?? ?? ??
0x00000249983eab10:   ?? ?? ?? ?? ?? ?? ?? ?? ?? ?? ?? ?? ?? ?? ?? ??
0x00000249983eab20:   ?? ?? ?? ?? ?? ?? ?? ?? ?? ?? ?? ?? ?? ?? ?? ??
0x00000249983eab30:   ?? ?? ?? ?? ?? ?? ?? ?? ?? ?? ?? ?? ?? ?? ?? ??
0x00000249983eab40:   ?? ?? ?? ?? ?? ?? ?? ?? ?? ?? ?? ?? ?? ?? ?? ??
0x00000249983eab50:   ?? ?? ?? ?? ?? ?? ?? ?? ?? ?? ?? ?? ?? ?? ?? ??
0x00000249983eab60:   ?? ?? ?? ?? ?? ?? ?? ?? ?? ?? ?? ?? ?? ?? ?? ??
0x00000249983eab70:   ?? ?? ?? ?? ?? ?? ?? ?? ?? ?? ?? ?? ?? ?? ?? ??
0x00000249983eab80:   ?? ?? ?? ?? ?? ?? ?? ?? ?? ?? ?? ?? ?? ?? ?? ??
0x00000249983eab90:   ?? ?? ?? ?? ?? ?? ?? ?? ?? ?? ?? ?? ?? ?? ?? ??
0x00000249983eaba0:   ?? ?? ?? ?? ?? ?? ?? ?? ?? ?? ?? ?? ?? ?? ?? ??
0x00000249983eabb0:   ?? ?? ?? ?? ?? ?? ?? ?? ?? ?? ?? ?? ?? ?? ?? ??
0x00000249983eabc0:   ?? ?? ?? ?? ?? ?? ?? ?? ?? ?? ?? ?? ?? ?? ?? ??
0x00000249983eabd0:   ?? ?? ?? ?? ?? ?? ?? ?? ?? ?? ?? ?? ?? ?? ?? ??
0x00000249983eabe0:   ?? ?? ?? ?? ?? ?? ?? ?? ?? ?? ?? ?? ?? ?? ?? ??
0x00000249983eabf0:   ?? ?? ?? ?? ?? ?? ?? ?? ?? ?? ?? ?? ?? ?? ?? ?? 


Stack slot to memory mapping:
stack at sp + 0 slots: 0x0000024a07ebf88c is at entry_point+1388 in (nmethod*)0x0000024a07ebef90
Compiled method (c1)     286  102   !   3       java.util.zip.ZipFile$Source::checkAndAddEntry (249 bytes)
 total in heap  [0x0000024a07ebef90,0x0000024a07ec1760] = 10192
 relocation     [0x0000024a07ebf0f0,0x0000024a07ebf320] = 560
 main code      [0x0000024a07ebf320,0x0000024a07ec0880] = 5472
 stub code      [0x0000024a07ec0880,0x0000024a07ec0988] = 264
 oops           [0x0000024a07ec0988,0x0000024a07ec09b8] = 48
 metadata       [0x0000024a07ec09b8,0x0000024a07ec0a38] = 128
 scopes data    [0x0000024a07ec0a38,0x0000024a07ec1088] = 1616
 scopes pcs     [0x0000024a07ec1088,0x0000024a07ec1578] = 1264
 dependencies   [0x0000024a07ec1578,0x0000024a07ec1580] = 8
 handler table  [0x0000024a07ec1580,0x0000024a07ec1718] = 408
 nul chk table  [0x0000024a07ec1718,0x0000024a07ec1760] = 72
stack at sp + 1 slots: 0xffffffffffffffff is an unknown value
stack at sp + 2 slots: {method} {0x000000080032c4c8} 'checkAndAddEntry' '(II)I' in 'java/util/zip/ZipFile$Source'
stack at sp + 3 slots: 0x0000024a7781be50 is a thread
stack at sp + 4 slots: 0x0000008a33bfd890 is pointing into the stack for thread: 0x0000024a7781be50
stack at sp + 5 slots: 0x0000008a33bfd7a8 is pointing into the stack for thread: 0x0000024a7781be50
stack at sp + 6 slots: 0x0 is NULL
stack at sp + 7 slots: 0x0000024a07ec2800 is at entry_point+32 in (nmethod*)0x0000024a07ec2610
Compiled method (c1)     288  105       3       java.util.zip.ZipFile$Source::nextEntryPos (22 bytes)
 total in heap  [0x0000024a07ec2610,0x0000024a07ec2c98] = 1672
 relocation     [0x0000024a07ec2770,0x0000024a07ec27c8] = 88
 main code      [0x0000024a07ec27e0,0x0000024a07ec2ae0] = 768
 stub code      [0x0000024a07ec2ae0,0x0000024a07ec2b18] = 56
 metadata       [0x0000024a07ec2b18,0x0000024a07ec2b38] = 32
 scopes data    [0x0000024a07ec2b38,0x0000024a07ec2bb8] = 128
 scopes pcs     [0x0000024a07ec2bb8,0x0000024a07ec2c78] = 192
 dependencies   [0x0000024a07ec2c78,0x0000024a07ec2c80] = 8
 nul chk table  [0x0000024a07ec2c80,0x0000024a07ec2c98] = 24


---------------  P R O C E S S  ---------------

Threads class SMR info:
_java_thread_list=0x0000024a1b0b48d0, length=12, elements={
0x0000024a7781be50, 0x0000024a7de4aea0, 0x0000024a7de4bc90, 0x0000024a7de50430,
0x0000024a7de54cc0, 0x0000024a7de57a00, 0x0000024a7de5c340, 0x0000024a7de5e020,
0x0000024a7de64900, 0x0000024a7deaa210, 0x0000024a7dea8780, 0x0000024a7dea9cc0
}

Java Threads: ( => current thread )
=>0x0000024a7781be50 JavaThread "main" [_thread_in_Java, id=1980, stack(0x0000008a33b00000,0x0000008a33c00000)]
  0x0000024a7de4aea0 JavaThread "Reference Handler" daemon [_thread_blocked, id=5172, stack(0x0000008a34200000,0x0000008a34300000)]
  0x0000024a7de4bc90 JavaThread "Finalizer" daemon [_thread_blocked, id=3964, stack(0x0000008a34300000,0x0000008a34400000)]
  0x0000024a7de50430 JavaThread "Signal Dispatcher" daemon [_thread_blocked, id=3956, stack(0x0000008a34400000,0x0000008a34500000)]
  0x0000024a7de54cc0 JavaThread "Attach Listener" daemon [_thread_blocked, id=5856, stack(0x0000008a34500000,0x0000008a34600000)]
  0x0000024a7de57a00 JavaThread "Service Thread" daemon [_thread_blocked, id=6600, stack(0x0000008a34600000,0x0000008a34700000)]
  0x0000024a7de5c340 JavaThread "Monitor Deflation Thread" daemon [_thread_blocked, id=8804, stack(0x0000008a34700000,0x0000008a34800000)]
  0x0000024a7de5e020 JavaThread "C2 CompilerThread0" daemon [_thread_blocked, id=6052, stack(0x0000008a34800000,0x0000008a34900000)]
  0x0000024a7de64900 JavaThread "C1 CompilerThread0" daemon [_thread_blocked, id=4496, stack(0x0000008a34900000,0x0000008a34a00000)]
  0x0000024a7deaa210 JavaThread "Sweeper thread" daemon [_thread_blocked, id=5568, stack(0x0000008a34a00000,0x0000008a34b00000)]
  0x0000024a7dea8780 JavaThread "Notification Thread" daemon [_thread_blocked, id=9760, stack(0x0000008a34b00000,0x0000008a34c00000)]
  0x0000024a7dea9cc0 JavaThread "Common-Cleaner" daemon [_thread_blocked, id=960, stack(0x0000008a34d00000,0x0000008a34e00000)]

Other Threads:
  0x0000024a7de35c80 VMThread "VM Thread" [stack: 0x0000008a34100000,0x0000008a34200000] [id=1472]
  0x0000024a1b0b9e00 WatcherThread "VM Periodic Task Thread" [stack: 0x0000008a34c00000,0x0000008a34d00000] [id=3616]
  0x0000024a7785ccb0 WorkerThread "GC Thread#0" [stack: 0x0000008a33c00000,0x0000008a33d00000] [id=3680]
  0x0000024a77865db0 ConcurrentGCThread "G1 Main Marker" [stack: 0x0000008a33d00000,0x0000008a33e00000] [id=8580]
  0x0000024a778667e0 WorkerThread "G1 Conc#0" [stack: 0x0000008a33e00000,0x0000008a33f00000] [id=9672]
  0x0000024a778b1390 ConcurrentGCThread "G1 Refine#0" [stack: 0x0000008a33f00000,0x0000008a34000000] [id=7472]
  0x0000024a778b2df0 ConcurrentGCThread "G1 Service" [stack: 0x0000008a34000000,0x0000008a34100000] [id=6520]

Threads with active compile tasks:

VM state: not at safepoint (normal execution)

VM Mutex/Monitor currently owned by a thread: None

Heap address: 0x00000000c0000000, size: 1024 MB, Compressed Oops mode: 32-bit

CDS archive(s) mapped at: [0x0000000800000000-0x0000000800c40000-0x0000000800c40000), size 12845056, SharedBaseAddress: 0x0000000800000000, ArchiveRelocationMode: 0.
Compressed class space mapped at: 0x0000000801000000-0x0000000841000000, reserved size: 1073741824
Narrow klass base: 0x0000000800000000, Narrow klass shift: 0, Narrow klass range: 0x100000000

GC Precious Log:
 CardTable entry size: 512
 Card Set container configuration: InlinePtr #cards 5 size 8 Array Of Cards #cards 12 size 40 Howl #buckets 4 coarsen threshold 1843 Howl Bitmap #cards 512 size 80 coarsen threshold 460 Card regions per heap region 1 cards per card region 2048
 CPUs: 2 total, 2 available
 Memory: 4095M
 Large Page Support: Disabled
 NUMA Support: Disabled
 Compressed Oops: Enabled (32-bit)
 Heap Region Size: 1M
 Heap Min Capacity: 8M
 Heap Initial Capacity: 64M
 Heap Max Capacity: 1G
 Pre-touch: Disabled
 Parallel Workers: 2
 Concurrent Workers: 1
 Concurrent Refinement Workers: 2
 Periodic GC: Disabled

Heap:
 garbage-first heap   total 65536K, used 2048K [0x00000000c0000000, 0x0000000100000000)
  region size 1024K, 2 young (2048K), 0 survivors (0K)
 Metaspace       used 204K, committed 448K, reserved 1114112K
  class space    used 7K, committed 128K, reserved 1048576K

Heap Regions: E=young(eden), S=young(survivor), O=old, HS=humongous(starts), HC=humongous(continues), CS=collection set, F=free, OA=open archive, CA=closed archive, TAMS=top-at-mark-start (previous, next)
|   0|0x00000000c0000000, 0x00000000c0100000, 0x00000000c0100000|100%|HS|  |TAMS 0x00000000c0000000, 0x00000000c0000000| Complete 
|   1|0x00000000c0100000, 0x00000000c0100000, 0x00000000c0200000|  0%| F|  |TAMS 0x00000000c0100000, 0x00000000c0100000| Untracked 
|   2|0x00000000c0200000, 0x00000000c0200000, 0x00000000c0300000|  0%| F|  |TAMS 0x00000000c0200000, 0x00000000c0200000| Untracked 
|   3|0x00000000c0300000, 0x00000000c0300000, 0x00000000c0400000|  0%| F|  |TAMS 0x00000000c0300000, 0x00000000c0300000| Untracked 
|   4|0x00000000c0400000, 0x00000000c0400000, 0x00000000c0500000|  0%| F|  |TAMS 0x00000000c0400000, 0x00000000c0400000| Untracked 
|   5|0x00000000c0500000, 0x00000000c0500000, 0x00000000c0600000|  0%| F|  |TAMS 0x00000000c0500000, 0x00000000c0500000| Untracked 
|   6|0x00000000c0600000, 0x00000000c0600000, 0x00000000c0700000|  0%| F|  |TAMS 0x00000000c0600000, 0x00000000c0600000| Untracked 
|   7|0x00000000c0700000, 0x00000000c0700000, 0x00000000c0800000|  0%| F|  |TAMS 0x00000000c0700000, 0x00000000c0700000| Untracked 
|   8|0x00000000c0800000, 0x00000000c0800000, 0x00000000c0900000|  0%| F|  |TAMS 0x00000000c0800000, 0x00000000c0800000| Untracked 
|   9|0x00000000c0900000, 0x00000000c0900000, 0x00000000c0a00000|  0%| F|  |TAMS 0x00000000c0900000, 0x00000000c0900000| Untracked 
|  10|0x00000000c0a00000, 0x00000000c0a00000, 0x00000000c0b00000|  0%| F|  |TAMS 0x00000000c0a00000, 0x00000000c0a00000| Untracked 
|  11|0x00000000c0b00000, 0x00000000c0b00000, 0x00000000c0c00000|  0%| F|  |TAMS 0x00000000c0b00000, 0x00000000c0b00000| Untracked 
|  12|0x00000000c0c00000, 0x00000000c0c00000, 0x00000000c0d00000|  0%| F|  |TAMS 0x00000000c0c00000, 0x00000000c0c00000| Untracked 
|  13|0x00000000c0d00000, 0x00000000c0d00000, 0x00000000c0e00000|  0%| F|  |TAMS 0x00000000c0d00000, 0x00000000c0d00000| Untracked 
|  14|0x00000000c0e00000, 0x00000000c0e00000, 0x00000000c0f00000|  0%| F|  |TAMS 0x00000000c0e00000, 0x00000000c0e00000| Untracked 
|  15|0x00000000c0f00000, 0x00000000c0f00000, 0x00000000c1000000|  0%| F|  |TAMS 0x00000000c0f00000, 0x00000000c0f00000| Untracked 
|  16|0x00000000c1000000, 0x00000000c1000000, 0x00000000c1100000|  0%| F|  |TAMS 0x00000000c1000000, 0x00000000c1000000| Untracked 
|  17|0x00000000c1100000, 0x00000000c1100000, 0x00000000c1200000|  0%| F|  |TAMS 0x00000000c1100000, 0x00000000c1100000| Untracked 
|  18|0x00000000c1200000, 0x00000000c1200000, 0x00000000c1300000|  0%| F|  |TAMS 0x00000000c1200000, 0x00000000c1200000| Untracked 
|  19|0x00000000c1300000, 0x00000000c1300000, 0x00000000c1400000|  0%| F|  |TAMS 0x00000000c1300000, 0x00000000c1300000| Untracked 
|  20|0x00000000c1400000, 0x00000000c1400000, 0x00000000c1500000|  0%| F|  |TAMS 0x00000000c1400000, 0x00000000c1400000| Untracked 
|  21|0x00000000c1500000, 0x00000000c1500000, 0x00000000c1600000|  0%| F|  |TAMS 0x00000000c1500000, 0x00000000c1500000| Untracked 
|  22|0x00000000c1600000, 0x00000000c1600000, 0x00000000c1700000|  0%| F|  |TAMS 0x00000000c1600000, 0x00000000c1600000| Untracked 
|  23|0x00000000c1700000, 0x00000000c1700000, 0x00000000c1800000|  0%| F|  |TAMS 0x00000000c1700000, 0x00000000c1700000| Untracked 
|  24|0x00000000c1800000, 0x00000000c1800000, 0x00000000c1900000|  0%| F|  |TAMS 0x00000000c1800000, 0x00000000c1800000| Untracked 
|  25|0x00000000c1900000, 0x00000000c1900000, 0x00000000c1a00000|  0%| F|  |TAMS 0x00000000c1900000, 0x00000000c1900000| Untracked 
|  26|0x00000000c1a00000, 0x00000000c1a00000, 0x00000000c1b00000|  0%| F|  |TAMS 0x00000000c1a00000, 0x00000000c1a00000| Untracked 
|  27|0x00000000c1b00000, 0x00000000c1b00000, 0x00000000c1c00000|  0%| F|  |TAMS 0x00000000c1b00000, 0x00000000c1b00000| Untracked 
|  28|0x00000000c1c00000, 0x00000000c1c00000, 0x00000000c1d00000|  0%| F|  |TAMS 0x00000000c1c00000, 0x00000000c1c00000| Untracked 
|  29|0x00000000c1d00000, 0x00000000c1d00000, 0x00000000c1e00000|  0%| F|  |TAMS 0x00000000c1d00000, 0x00000000c1d00000| Untracked 
|  30|0x00000000c1e00000, 0x00000000c1e00000, 0x00000000c1f00000|  0%| F|  |TAMS 0x00000000c1e00000, 0x00000000c1e00000| Untracked 
|  31|0x00000000c1f00000, 0x00000000c1f00000, 0x00000000c2000000|  0%| F|  |TAMS 0x00000000c1f00000, 0x00000000c1f00000| Untracked 
|  32|0x00000000c2000000, 0x00000000c2000000, 0x00000000c2100000|  0%| F|  |TAMS 0x00000000c2000000, 0x00000000c2000000| Untracked 
|  33|0x00000000c2100000, 0x00000000c2100000, 0x00000000c2200000|  0%| F|  |TAMS 0x00000000c2100000, 0x00000000c2100000| Untracked 
|  34|0x00000000c2200000, 0x00000000c2200000, 0x00000000c2300000|  0%| F|  |TAMS 0x00000000c2200000, 0x00000000c2200000| Untracked 
|  35|0x00000000c2300000, 0x00000000c2300000, 0x00000000c2400000|  0%| F|  |TAMS 0x00000000c2300000, 0x00000000c2300000| Untracked 
|  36|0x00000000c2400000, 0x00000000c2400000, 0x00000000c2500000|  0%| F|  |TAMS 0x00000000c2400000, 0x00000000c2400000| Untracked 
|  37|0x00000000c2500000, 0x00000000c2500000, 0x00000000c2600000|  0%| F|  |TAMS 0x00000000c2500000, 0x00000000c2500000| Untracked 
|  38|0x00000000c2600000, 0x00000000c2600000, 0x00000000c2700000|  0%| F|  |TAMS 0x00000000c2600000, 0x00000000c2600000| Untracked 
|  39|0x00000000c2700000, 0x00000000c2700000, 0x00000000c2800000|  0%| F|  |TAMS 0x00000000c2700000, 0x00000000c2700000| Untracked 
|  40|0x00000000c2800000, 0x00000000c2800000, 0x00000000c2900000|  0%| F|  |TAMS 0x00000000c2800000, 0x00000000c2800000| Untracked 
|  41|0x00000000c2900000, 0x00000000c2900000, 0x00000000c2a00000|  0%| F|  |TAMS 0x00000000c2900000, 0x00000000c2900000| Untracked 
|  42|0x00000000c2a00000, 0x00000000c2a00000, 0x00000000c2b00000|  0%| F|  |TAMS 0x00000000c2a00000, 0x00000000c2a00000| Untracked 
|  43|0x00000000c2b00000, 0x00000000c2b00000, 0x00000000c2c00000|  0%| F|  |TAMS 0x00000000c2b00000, 0x00000000c2b00000| Untracked 
|  44|0x00000000c2c00000, 0x00000000c2c00000, 0x00000000c2d00000|  0%| F|  |TAMS 0x00000000c2c00000, 0x00000000c2c00000| Untracked 
|  45|0x00000000c2d00000, 0x00000000c2d00000, 0x00000000c2e00000|  0%| F|  |TAMS 0x00000000c2d00000, 0x00000000c2d00000| Untracked 
|  46|0x00000000c2e00000, 0x00000000c2e00000, 0x00000000c2f00000|  0%| F|  |TAMS 0x00000000c2e00000, 0x00000000c2e00000| Untracked 
|  47|0x00000000c2f00000, 0x00000000c2f00000, 0x00000000c3000000|  0%| F|  |TAMS 0x00000000c2f00000, 0x00000000c2f00000| Untracked 
|  48|0x00000000c3000000, 0x00000000c3000000, 0x00000000c3100000|  0%| F|  |TAMS 0x00000000c3000000, 0x00000000c3000000| Untracked 
|  49|0x00000000c3100000, 0x00000000c3100000, 0x00000000c3200000|  0%| F|  |TAMS 0x00000000c3100000, 0x00000000c3100000| Untracked 
|  50|0x00000000c3200000, 0x00000000c3200000, 0x00000000c3300000|  0%| F|  |TAMS 0x00000000c3200000, 0x00000000c3200000| Untracked 
|  51|0x00000000c3300000, 0x00000000c3300000, 0x00000000c3400000|  0%| F|  |TAMS 0x00000000c3300000, 0x00000000c3300000| Untracked 
|  52|0x00000000c3400000, 0x00000000c3400000, 0x00000000c3500000|  0%| F|  |TAMS 0x00000000c3400000, 0x00000000c3400000| Untracked 
|  53|0x00000000c3500000, 0x00000000c3500000, 0x00000000c3600000|  0%| F|  |TAMS 0x00000000c3500000, 0x00000000c3500000| Untracked 
|  54|0x00000000c3600000, 0x00000000c3600000, 0x00000000c3700000|  0%| F|  |TAMS 0x00000000c3600000, 0x00000000c3600000| Untracked 
|  55|0x00000000c3700000, 0x00000000c3700000, 0x00000000c3800000|  0%| F|  |TAMS 0x00000000c3700000, 0x00000000c3700000| Untracked 
|  56|0x00000000c3800000, 0x00000000c3800000, 0x00000000c3900000|  0%| F|  |TAMS 0x00000000c3800000, 0x00000000c3800000| Untracked 
|  57|0x00000000c3900000, 0x00000000c3900000, 0x00000000c3a00000|  0%| F|  |TAMS 0x00000000c3900000, 0x00000000c3900000| Untracked 
|  58|0x00000000c3a00000, 0x00000000c3a00000, 0x00000000c3b00000|  0%| F|  |TAMS 0x00000000c3a00000, 0x00000000c3a00000| Untracked 
|  59|0x00000000c3b00000, 0x00000000c3b00000, 0x00000000c3c00000|  0%| F|  |TAMS 0x00000000c3b00000, 0x00000000c3b00000| Untracked 
|  60|0x00000000c3c00000, 0x00000000c3c00000, 0x00000000c3d00000|  0%| F|  |TAMS 0x00000000c3c00000, 0x00000000c3c00000| Untracked 
|  61|0x00000000c3d00000, 0x00000000c3d00000, 0x00000000c3e00000|  0%| F|  |TAMS 0x00000000c3d00000, 0x00000000c3d00000| Untracked 
|  62|0x00000000c3e00000, 0x00000000c3e8f108, 0x00000000c3f00000| 55%| E|  |TAMS 0x00000000c3e00000, 0x00000000c3e00000| Complete 
|  63|0x00000000c3f00000, 0x00000000c4000000, 0x00000000c4000000|100%| E|CS|TAMS 0x00000000c3f00000, 0x00000000c3f00000| Complete 

Card table byte_map: [0x0000024a796f0000,0x0000024a798f0000] _byte_map_base: 0x0000024a790f0000

Marking Bits (Prev, Next): (CMBitMap*) 0x0000024a7785d2e0, (CMBitMap*) 0x0000024a7785d320
 Prev Bits: [0x0000024a79af0000, 0x0000024a7aaf0000)
 Next Bits: [0x0000024a7aaf0000, 0x0000024a7baf0000)

Polling page: 0x0000024a77670000

Metaspace:

Usage:
  Non-class:    197.09 KB used.
      Class:      7.75 KB used.
       Both:    204.84 KB used.

Virtual space:
  Non-class space:       64.00 MB reserved,     320.00 KB ( <1%) committed,  1 nodes.
      Class space:        1.00 GB reserved,     128.00 KB ( <1%) committed,  1 nodes.
             Both:        1.06 GB reserved,     448.00 KB ( <1%) committed. 

Chunk freelists:
   Non-Class:  4.00 MB
       Class:  3.75 MB
        Both:  7.74 MB

MaxMetaspaceSize: unlimited
CompressedClassSpaceSize: 1.00 GB
Initial GC threshold: 21.00 MB
Current GC threshold: 21.00 MB
CDS: on
MetaspaceReclaimPolicy: balanced
 - commit_granule_bytes: 65536.
 - commit_granule_words: 8192.
 - virtual_space_node_default_size: 8388608.
 - enlarge_chunks_in_place: 1.
 - new_chunks_are_fully_committed: 0.
 - uncommit_free_chunks: 1.
 - use_allocation_guard: 0.


Internal statistics:

num_allocs_failed_limit: 0.
num_arena_births: 4.
num_arena_deaths: 0.
num_vsnodes_births: 2.
num_vsnodes_deaths: 0.
num_space_committed: 7.
num_space_uncommitted: 0.
num_chunks_returned_to_freelist: 0.
num_chunks_taken_from_freelist: 5.
num_chunk_merges: 0.
num_chunk_splits: 2.
num_chunks_enlarged: 0.
num_inconsistent_stats: 0.

CodeHeap 'non-profiled nmethods': size=120064Kb used=26Kb max_used=26Kb free=120037Kb
 bounds [0x0000024a0f960000, 0x0000024a0fbd0000, 0x0000024a16ea0000]
CodeHeap 'profiled nmethods': size=120000Kb used=154Kb max_used=154Kb free=119845Kb
 bounds [0x0000024a07ea0000, 0x0000024a08110000, 0x0000024a0f3d0000]
CodeHeap 'non-nmethods': size=5696Kb used=1144Kb max_used=1159Kb free=4551Kb
 bounds [0x0000024a0f3d0000, 0x0000024a0f640000, 0x0000024a0f960000]
 total_blobs=441 nmethods=117 adapters=236
 compilation: enabled
              stopped_count=0, restarted_count=0
 full_count=0

Compilation events (20 events):
Event: 0.173 Thread 0x0000024a7de64900  107       3       jdk.internal.misc.VM::isBooted (13 bytes)
Event: 0.173 Thread 0x0000024a7de5e020 nmethod 106 0x0000024a0f964c10 code [0x0000024a0f964da0, 0x0000024a0f965038]
Event: 0.173 Thread 0x0000024a7de64900 nmethod 107 0x0000024a07ec2d10 code [0x0000024a07ec2ea0, 0x0000024a07ec2ff8]
Event: 0.174 Thread 0x0000024a7de64900  108   !   3       jdk.internal.misc.Blocker::begin (97 bytes)
Event: 0.175 Thread 0x0000024a7de64900 nmethod 108 0x0000024a07ec3090 code [0x0000024a07ec32c0, 0x0000024a07ec3bc8]
Event: 0.175 Thread 0x0000024a7de64900  109       3       jdk.internal.misc.Blocker::end (71 bytes)
Event: 0.175 Thread 0x0000024a7de64900 nmethod 109 0x0000024a07ec3e10 code [0x0000024a07ec4000, 0x0000024a07ec44c8]
Event: 0.177 Thread 0x0000024a7de64900  110       3       java.lang.AbstractStringBuilder::putStringAt (19 bytes)
Event: 0.177 Thread 0x0000024a7de64900 nmethod 110 0x0000024a07ec4690 code [0x0000024a07ec4860, 0x0000024a07ec4b38]
Event: 0.177 Thread 0x0000024a7de64900  111       3       java.lang.AbstractStringBuilder::inflateIfNeededFor (22 bytes)
Event: 0.178 Thread 0x0000024a7de64900 nmethod 111 0x0000024a07ec4c90 code [0x0000024a07ec4e40, 0x0000024a07ec5068]
Event: 0.178 Thread 0x0000024a7de64900  112       3       java.lang.System::getSecurityManager (12 bytes)
Event: 0.178 Thread 0x0000024a7de64900 nmethod 112 0x0000024a07ec5190 code [0x0000024a07ec5340, 0x0000024a07ec54b8]
Event: 0.178 Thread 0x0000024a7de64900  113       3       java.lang.System::allowSecurityManager (13 bytes)
Event: 0.179 Thread 0x0000024a7de64900 nmethod 113 0x0000024a07ec5590 code [0x0000024a07ec5720, 0x0000024a07ec5818]
Event: 0.179 Thread 0x0000024a7de64900  114       3       java.io.WinNTFileSystem::normalize (143 bytes)
Event: 0.180 Thread 0x0000024a7de64900 nmethod 114 0x0000024a07ec5890 code [0x0000024a07ec5b20, 0x0000024a07ec6618]
Event: 0.183 Thread 0x0000024a7de5e020  115       4       java.util.zip.ZipFile$Source::zipCoderForPos (39 bytes)
Event: 0.184 Thread 0x0000024a7de5e020 nmethod 115 0x0000024a0f965190 code [0x0000024a0f965320, 0x0000024a0f9653d8]
Event: 0.184 Thread 0x0000024a7de5e020  116   !   4       java.util.zip.ZipFile$Source::checkAndAddEntry (249 bytes)

GC Heap History (0 events):
No events

Dll operation events (5 events):
Event: 0.009 Loaded shared library C:\Program Files\Java\jdk-19\bin\java.dll
Event: 0.027 Loaded shared library C:\Program Files\Java\jdk-19\bin\jsvml.dll
Event: 0.152 Loaded shared library C:\Program Files\Java\jdk-19\bin\net.dll
Event: 0.155 Loaded shared library C:\Program Files\Java\jdk-19\bin\nio.dll
Event: 0.160 Loaded shared library C:\Program Files\Java\jdk-19\bin\zip.dll

Deoptimization events (4 events):
Event: 0.139 Thread 0x0000024a7781be50 Uncommon trap: trap_request=0xffffff45 fr.pc=0x0000024a0f9616c4 relative=0x00000000000000a4
Event: 0.139 Thread 0x0000024a7781be50 Uncommon trap: reason=unstable_if action=reinterpret pc=0x0000024a0f9616c4 method=java.lang.String.isLatin1()Z @ 10 c2
Event: 0.139 Thread 0x0000024a7781be50 DEOPT PACKING pc=0x0000024a0f9616c4 sp=0x0000008a33bfec00
Event: 0.139 Thread 0x0000024a7781be50 DEOPT UNPACKING pc=0x0000024a0f436d9d sp=0x0000008a33bfeb40 mode 2

Classes loaded (4 events):
Event: 0.140 Loading class jdk/internal/loader/URLClassPath$FileLoader
Event: 0.140 Loading class jdk/internal/loader/URLClassPath$FileLoader done
Event: 0.141 Loading class jdk/internal/loader/URLClassPath$FileLoader$1
Event: 0.141 Loading class jdk/internal/loader/URLClassPath$FileLoader$1 done

Classes unloaded (0 events):
No events

Classes redefined (0 events):
No events

Internal exceptions (0 events):
No events

VM Operations (2 events):
Event: 0.176 Executing VM operation: HandshakeAllThreads
Event: 0.176 Executing VM operation: HandshakeAllThreads done

Events (12 events):
Event: 0.027 Thread 0x0000024a7781be50 Thread added: 0x0000024a7781be50
Event: 0.046 Thread 0x0000024a7de4aea0 Thread added: 0x0000024a7de4aea0
Event: 0.047 Thread 0x0000024a7de4bc90 Thread added: 0x0000024a7de4bc90
Event: 0.047 Thread 0x0000024a7de50430 Thread added: 0x0000024a7de50430
Event: 0.047 Thread 0x0000024a7de54cc0 Thread added: 0x0000024a7de54cc0
Event: 0.048 Thread 0x0000024a7de57a00 Thread added: 0x0000024a7de57a00
Event: 0.048 Thread 0x0000024a7de5c340 Thread added: 0x0000024a7de5c340
Event: 0.048 Thread 0x0000024a7de5e020 Thread added: 0x0000024a7de5e020
Event: 0.048 Thread 0x0000024a7de64900 Thread added: 0x0000024a7de64900
Event: 0.048 Thread 0x0000024a7deaa210 Thread added: 0x0000024a7deaa210
Event: 0.136 Thread 0x0000024a7dea8780 Thread added: 0x0000024a7dea8780
Event: 0.143 Thread 0x0000024a7dea9cc0 Thread added: 0x0000024a7dea9cc0


Dynamic libraries:
0x00007ff68a620000 - 0x00007ff68a630000 	C:\Program Files\Java\jdk-19\bin\java.exe
0x00007ffcfafb0000 - 0x00007ffcfb19e000 	C:\Windows\SYSTEM32\ntdll.dll
0x00007ffcfa030000 - 0x00007ffcfa0e3000 	C:\Windows\System32\KERNEL32.DLL
0x00007ffcf7270000 - 0x00007ffcf750c000 	C:\Windows\System32\KERNELBASE.dll
0x00007ffcf7510000 - 0x00007ffcf760a000 	C:\Windows\System32\ucrtbase.dll
0x00007ffcf0530000 - 0x00007ffcf0548000 	C:\Program Files\Java\jdk-19\bin\jli.dll
0x00007ffcefed0000 - 0x00007ffcefeeb000 	C:\Program Files\Java\jdk-19\bin\VCRUNTIME140.dll
0x00007ffcfa9e0000 - 0x00007ffcfaa87000 	C:\Windows\System32\ADVAPI32.dll
0x00007ffcf8680000 - 0x00007ffcf871e000 	C:\Windows\System32\msvcrt.dll
0x00007ffcf85e0000 - 0x00007ffcf867f000 	C:\Windows\System32\sechost.dll
0x00007ffcf9f10000 - 0x00007ffcfa02d000 	C:\Windows\System32\RPCRT4.dll
0x00007ffcf8270000 - 0x00007ffcf8408000 	C:\Windows\System32\USER32.dll
0x00007ffcf7250000 - 0x00007ffcf7270000 	C:\Windows\System32\win32u.dll
0x00007ffcf8240000 - 0x00007ffcf8269000 	C:\Windows\System32\GDI32.dll
0x00007ffcefef0000 - 0x00007ffcf0169000 	C:\Windows\WinSxS\amd64_microsoft.windows.common-controls_6595b64144ccf1df_6.0.17763.4131_none_de70d21e534b9adf\COMCTL32.dll
0x00007ffcf76e0000 - 0x00007ffcf7880000 	C:\Windows\System32\gdi32full.dll
0x00007ffcfa370000 - 0x00007ffcfa69c000 	C:\Windows\System32\combase.dll
0x00007ffcf8140000 - 0x00007ffcf81e0000 	C:\Windows\System32\msvcp_win.dll
0x00007ffcf80b0000 - 0x00007ffcf8132000 	C:\Windows\System32\bcryptPrimitives.dll
0x00007ffcf1900000 - 0x00007ffcf190a000 	C:\Windows\SYSTEM32\VERSION.dll
0x00007ffcf8720000 - 0x00007ffcf874e000 	C:\Windows\System32\IMM32.DLL
0x00007ffcefea0000 - 0x00007ffcefeac000 	C:\Program Files\Java\jdk-19\bin\vcruntime140_1.dll
0x00007ffce5f50000 - 0x00007ffce5fde000 	C:\Program Files\Java\jdk-19\bin\msvcp140.dll
0x00007ffcd45c0000 - 0x00007ffcd5280000 	C:\Program Files\Java\jdk-19\bin\server\jvm.dll
0x00007ffcf0330000 - 0x00007ffcf0339000 	C:\Windows\SYSTEM32\WSOCK32.dll
0x00007ffcf4f90000 - 0x00007ffcf4fb4000 	C:\Windows\SYSTEM32\WINMM.dll
0x00007ffcfaa90000 - 0x00007ffcfaafd000 	C:\Windows\System32\WS2_32.dll
0x00007ffcf4f60000 - 0x00007ffcf4f8d000 	C:\Windows\SYSTEM32\WINMMBASE.dll
0x00007ffcf7880000 - 0x00007ffcf78ca000 	C:\Windows\System32\cfgmgr32.dll
0x00007ffcf7030000 - 0x00007ffcf7041000 	C:\Windows\System32\kernel.appcore.dll
0x00007ffcefa20000 - 0x00007ffcefa2a000 	C:\Program Files\Java\jdk-19\bin\jimage.dll
0x00007ffce79a0000 - 0x00007ffce7b8d000 	C:\Windows\SYSTEM32\DBGHELP.DLL
0x00007ffce8c60000 - 0x00007ffce8c8a000 	C:\Windows\SYSTEM32\dbgcore.DLL
0x00007ffcef460000 - 0x00007ffcef486000 	C:\Program Files\Java\jdk-19\bin\java.dll
0x00007ffce5fe0000 - 0x00007ffce60b7000 	C:\Program Files\Java\jdk-19\bin\jsvml.dll
0x00007ffcf8750000 - 0x00007ffcf9c48000 	C:\Windows\System32\SHELL32.dll
0x00007ffcfa2c0000 - 0x00007ffcfa367000 	C:\Windows\System32\shcore.dll
0x00007ffcf78d0000 - 0x00007ffcf8019000 	C:\Windows\System32\windows.storage.dll
0x00007ffcf7000000 - 0x00007ffcf7023000 	C:\Windows\System32\profapi.dll
0x00007ffcf6fa0000 - 0x00007ffcf6ffd000 	C:\Windows\System32\powrprof.dll
0x00007ffcf81e0000 - 0x00007ffcf8232000 	C:\Windows\System32\shlwapi.dll
0x00007ffcf7610000 - 0x00007ffcf762b000 	C:\Windows\System32\cryptsp.dll
0x00007ffced1b0000 - 0x00007ffced1c3000 	C:\Program Files\Java\jdk-19\bin\net.dll
0x00007ffceea50000 - 0x00007ffceeb4f000 	C:\Windows\SYSTEM32\WINHTTP.dll
0x00007ffcf67d0000 - 0x00007ffcf6837000 	C:\Windows\system32\mswsock.dll
0x00007ffceccc0000 - 0x00007ffceccd6000 	C:\Program Files\Java\jdk-19\bin\nio.dll
0x00007ffcebe10000 - 0x00007ffcebe28000 	C:\Program Files\Java\jdk-19\bin\zip.dll

dbghelp: loaded successfully - version: 4.0.5 - missing functions: none
symbol engine: initialized successfully - sym options: 0x614 - pdb path: .;C:\Program Files\Java\jdk-19\bin;C:\Windows\SYSTEM32;C:\Windows\WinSxS\amd64_microsoft.windows.common-controls_6595b64144ccf1df_6.0.17763.4131_none_de70d21e534b9adf;C:\Program Files\Java\jdk-19\bin\server

VM Arguments:
java_command: com.portfolio.portfolioJCS.PortfolioJcsApplication
java_class_path (initial): F:\Java\portfolioJCS\target\classes;C:\Users\Usuario\.m2\repository\org\springframework\boot\spring-boot-starter-data-jpa\3.0.5\spring-boot-starter-data-jpa-3.0.5.jar;C:\Users\Usuario\.m2\repository\org\springframework\boot\spring-boot-starter-aop\3.0.5\spring-boot-starter-aop-3.0.5.jar;C:\Users\Usuario\.m2\repository\org\springframework\spring-aop\6.0.7\spring-aop-6.0.7.jar;C:\Users\Usuario\.m2\repository\org\aspectj\aspectjweaver\1.9.19\aspectjweaver-1.9.19.jar;C:\Users\Usuario\.m2\repository\org\springframework\boot\spring-boot-starter-jdbc\3.0.5\spring-boot-starter-jdbc-3.0.5.jar;C:\Users\Usuario\.m2\repository\com\zaxxer\HikariCP\5.0.1\HikariCP-5.0.1.jar;C:\Users\Usuario\.m2\repository\org\springframework\spring-jdbc\6.0.7\spring-jdbc-6.0.7.jar;C:\Users\Usuario\.m2\repository\org\hibernate\orm\hibernate-core\6.1.7.Final\hibernate-core-6.1.7.Final.jar;C:\Users\Usuario\.m2\repository\jakarta\persistence\jakarta.persistence-api\3.1.0\jakarta.persistence-api-3.1.0.jar;C:\Users\Usuario\.m2\repository\jakarta\transaction\jakarta.transaction-api\2.0.1\jakarta.transaction-api-2.0.1.jar;C:\Users\Usuario\.m2\repository\org\jboss\logging\jboss-logging\3.5.0.Final\jboss-logging-3.5.0.Final.jar;C:\Users\Usuario\.m2\repository\org\hibernate\common\hibernate-commons-annotations\6.0.6.Final\hibernate-commons-annotations-6.0.6.Final.jar;C:\Users\Usuario\.m2\repository\org\jboss\jandex\2.4.2.Final\jandex-2.4.2.Final.jar;C:\Users\Usuario\.m2\repository\com\fasterxml\classmate\1.5.1\classmate-1.5.1.jar;C:\Users\Usuario\.m2\repository\net\bytebuddy\byte-buddy\1.12.23\byte-buddy-1.12.23.jar;C:\Users\Usuario\.m2\repository\org\glassfish\jaxb\jaxb-runtime\4.0.2\jaxb-runtime-4.0.2.jar;C:\Users\Usuario\.m2\repository\org\glassfish\jaxb\jaxb-core\4.0.2\jaxb-core-4.0.2.jar;C:\Users\Usuario\.m2\repository\org\eclipse\angus\angus-activation\2.0.0\angus-activation-2.0.0.jar;C:\Users\Usuario\.m2\repository\org\glassfish\jaxb\txw2\4.0.2\txw2-4.0.2.jar;C:\Users\Usuario\.m2\repository\com\sun\istack\istack-commons-runtime\4.1.1\istack-commons-runtime-4.1.1.jar;C:\Users\Usuario\.m2\repository\jakarta\inject\jakarta.inject-api\2.0.0\jakarta.inject-api-2.0.0.jar;C:\Users\Usuario\.m2\repository\org\antlr\antlr4-runtime\4.10.1\antlr4-runtime-4.10.1.jar;C:\Users\Usuario\.m2\repository\org\springframework\data\spring-data-jpa\3.0.4\spring-data-jpa-3.0.4.jar;C:\Users\Usuario\.m2\repository\org\springframework\data\spring-data-commons\3.0.4\spring-data-commons-3.0.4.jar;C:\Users\Usuario\.m2\repository\org\springframework\spring-orm\6.0.7\spring-orm-6.0.7.jar;C:\Users\Usuario\.m2\repository\org\springframework\spring-context\6.0.7\spring-context-6.0.7.jar;C:\Users\Usuario\.m2\repository\org\springframework\spring-tx\6.0.7\spring-tx-6.0.7.jar;C:\Users\Usuario\.m2\repository\org\springframework\spring-beans\6.0.7\spring-beans-6.0.7.jar;C:\Users\Usuario\.m2\repository\jakarta\annotation\jakarta.annotation-api\2.1.1\jakarta.annotation-api-2.1.1.jar;C:\Users\Usuario\.m2\repository\org\slf4j\slf4j-api\2.0.7\slf4j-api-2.0.7.jar;C:\Users\Usuario\.m2\repository\org\springframework\spring-aspects\6.0.7\spring-aspects-6.0.7.jar;C:\Users\Usuario\.m2\repository\org\springframework\boot\spring-boot-starter-validation\3.0.5\spring-boot-starter-validation-3.0.5.jar;C:\Users\Usuario\.m2\repository\org\springframework\boot\spring-boot-starter\3.0.5\spring-boot-starter-3.0.5.jar;C:\Users\Usuario\.m2\repository\org\springframework\boot\spring-boot-starter-logging\3.0.5\spring-boot-starter-logging-3.0.5.jar;C:\Users\Usuario\.m2\repository\ch\qos\logback\logback-classic\1.4.6\logback-classic-1.4.6.jar;C:\Users\Usuario\.m2\repository\ch\qos\logback\logback-core\1.4.6\logback-core-1.4.6.jar;C:\Users\Usuario\.m2\repository\org\apache\logging\log4j\log4j-to-slf4j\2.19.0\log4j-to-slf4j-2.19.0.jar;C:\Users\Usuario\.m2\repository\org\apache\logging\log4j\log4j-api\2.19.0\log4j-api-2.19.0.jar;C:\Users\Usuario\.m2\repository\org\slf4j\jul-to-slf4j\2.0.7\jul-to-slf4j-2.0.7.jar;C:\Users\Usuario\.m2\repository\org\yaml\snakeyaml\1.33\snakeyaml-1.33.jar;C:\Users\Usuario\.m2\repository\org\apache\tomcat\embed\tomcat-embed-el\10.1.7\tomcat-embed-el-10.1.7.jar;C:\Users\Usuario\.m2\repository\org\hibernate\validator\hibernate-validator\8.0.0.Final\hibernate-validator-8.0.0.Final.jar;C:\Users\Usuario\.m2\repository\jakarta\validation\jakarta.validation-api\3.0.2\jakarta.validation-api-3.0.2.jar;C:\Users\Usuario\.m2\repository\org\springframework\boot\spring-boot-starter-web\3.0.5\spring-boot-starter-web-3.0.5.jar;C:\Users\Usuario\.m2\repository\org\springframework\boot\spring-boot-starter-json\3.0.5\spring-boot-starter-json-3.0.5.jar;C:\Users\Usuario\.m2\repository\com\fasterxml\jackson\core\jackson-databind\2.14.2\jackson-databind-2.14.2.jar;C:\Users\Usuario\.m2\repository\com\fasterxml\jackson\core\jackson-annotations\2.14.2\jackson-annotations-2.14.2.jar;C:\Users\Usuario\.m2\repository\com\fasterxml\jackson\core\jackson-core\2.14.2\jackson-core-2.14.2.jar;C:\Users\Usuario\.m2\repository\com\fasterxml\jackson\datatype\jackson-datatype-jdk8\2.14.2\jackson-datatype-jdk8-2.14.2.jar;C:\Users\Usuario\.m2\repository\com\fasterxml\jackson\datatype\jackson-datatype-jsr310\2.14.2\jackson-datatype-jsr310-2.14.2.jar;C:\Users\Usuario\.m2\repository\com\fasterxml\jackson\module\jackson-module-parameter-names\2.14.2\jackson-module-parameter-names-2.14.2.jar;C:\Users\Usuario\.m2\repository\org\springframework\boot\spring-boot-starter-tomcat\3.0.5\spring-boot-starter-tomcat-3.0.5.jar;C:\Users\Usuario\.m2\repository\org\apache\tomcat\embed\tomcat-embed-core\10.1.7\tomcat-embed-core-10.1.7.jar;C:\Users\Usuario\.m2\repository\org\apache\tomcat\embed\tomcat-embed-websocket\10.1.7\tomcat-embed-websocket-10.1.7.jar;C:\Users\Usuario\.m2\repository\org\springframework\spring-web\6.0.7\spring-web-6.0.7.jar;C:\Users\Usuario\.m2\repository\io\micrometer\micrometer-observation\1.10.5\micrometer-observation-1.10.5.jar;C:\Users\Usuario\.m2\repository\io\micrometer\micrometer-commons\1.10.5\micrometer-commons-1.10.5.jar;C:\Users\Usuario\.m2\repository\org\springframework\spring-webmvc\6.0.7\spring-webmvc-6.0.7.jar;C:\Users\Usuario\.m2\repository\org\springframework\spring-expression\6.0.7\spring-expression-6.0.7.jar;C:\Users\Usuario\.m2\repository\org\springframework\boot\spring-boot-devtools\3.0.5\spring-boot-devtools-3.0.5.jar;C:\Users\Usuario\.m2\repository\org\springframework\boot\spring-boot\3.0.5\spring-boot-3.0.5.jar;C:\Users\Usuario\.m2\repository\org\springframework\boot\spring-boot-autoconfigure\3.0.5\spring-boot-autoconfigure-3.0.5.jar;C:\Users\Usuario\.m2\repository\com\mysql\mysql-connector-j\8.0.32\mysql-connector-j-8.0.32.jar;C:\Users\Usuario\.m2\repository\org\projectlombok\lombok\1.18.26\lombok-1.18.26.jar;C:\Users\Usuario\.m2\repository\jakarta\xml\bind\jakarta.xml.bind-api\4.0.0\jakarta.xml.bind-api-4.0.0.jar;C:\Users\Usuario\.m2\repository\jakarta\activation\jakarta.activation-api\2.1.1\jakarta.activation-api-2.1.1.jar;C:\Users\Usuario\.m2\repository\org\springframework\spring-core\6.0.7\spring-core-6.0.7.jar;C:\Users\Usuario\.m2\repository\org\springframework\spring-jcl\6.0.7\spring-jcl-6.0.7.jar
Launcher Type: SUN_STANDARD

[Global flags]
     intx CICompilerCount                          = 2                                         {product} {ergonomic}
     uint ConcGCThreads                            = 1                                         {product} {ergonomic}
     uint G1ConcRefinementThreads                  = 2                                         {product} {ergonomic}
   size_t G1HeapRegionSize                         = 1048576                                   {product} {ergonomic}
    uintx GCDrainStackTargetSize                   = 64                                        {product} {ergonomic}
   size_t InitialHeapSize                          = 67108864                                  {product} {ergonomic}
   size_t MarkStackSize                            = 4194304                                   {product} {ergonomic}
   size_t MaxHeapSize                              = 1073741824                                {product} {ergonomic}
   size_t MaxNewSize                               = 643825664                                 {product} {ergonomic}
   size_t MinHeapDeltaBytes                        = 1048576                                   {product} {ergonomic}
   size_t MinHeapSize                              = 8388608                                   {product} {ergonomic}
    uintx NonNMethodCodeHeapSize                   = 5826188                                {pd product} {ergonomic}
    uintx NonProfiledCodeHeapSize                  = 122916026                              {pd product} {ergonomic}
    uintx ProfiledCodeHeapSize                     = 122916026                              {pd product} {ergonomic}
    uintx ReservedCodeCacheSize                    = 251658240                              {pd product} {ergonomic}
     bool SegmentedCodeCache                       = true                                      {product} {ergonomic}
   size_t SoftMaxHeapSize                          = 1073741824                             {manageable} {ergonomic}
     bool UseCompressedClassPointers               = true                           {product lp64_product} {ergonomic}
     bool UseCompressedOops                        = true                           {product lp64_product} {ergonomic}
     bool UseG1GC                                  = true                                      {product} {ergonomic}
     bool UseLargePagesIndividualAllocation        = false                                  {pd product} {ergonomic}

Logging:
Log output configuration:
 #0: stdout all=warning uptime,level,tags foldmultilines=false
 #1: stderr all=off uptime,level,tags foldmultilines=false

Environment Variables:
JAVA_HOME=C:\Program Files\Java\jdk-19
PATH=C:\Program Files\Common Files\Oracle\Java\javapath;C:\Program Files (x86)\Common Files\Oracle\Java\javapath;C:\Windows\system32;C:\Windows;C:\Windows\System32\Wbem;C:\Windows\System32\WindowsPowerShell\v1.0\;C:\Windows\System32\OpenSSH\;C:\Program Files\Git\cmd;C:\Program Files\nodejs\;C:\Program Files\Java\jdk-19\bin;C:\Users\Usuario\AppData\Local\Programs\Python\Python311\Scripts\;C:\Users\Usuario\AppData\Local\Programs\Python\Python311\;C:\Users\Usuario\AppData\Local\Microsoft\WindowsApps;;C:\Users\Usuario\AppData\Local\Programs\Microsoft VS Code\bin;C:\Program Files (x86)\Brackets\;C:\Users\Usuario\AppData\Roaming\npm
USERNAME=Usuario
OS=Windows_NT
PROCESSOR_IDENTIFIER=Intel64 Family 6 Model 23 Stepping 10, GenuineIntel
TMP=C:\Users\Usuario\AppData\Local\Temp
TEMP=C:\Users\Usuario\AppData\Local\Temp



---------------  S Y S T E M  ---------------

OS:
 Windows 10 , 64 bit Build 17763 (10.0.17763.4131)
OS uptime: 2 days 7:11 hours

CPU: total 2 (initial active 2) (2 cores per cpu, 1 threads per core) family 6 model 23 stepping 10 microcode 0xa0c, cx8, cmov, fxsr, mmx, sse, sse2, sse3, ssse3, tsc, clflush

Memory: 4k page, system-wide physical 4095M (1616M free)
TotalPageFile size 5602M (AvailPageFile size 145M)
current process WorkingSet (physical memory assigned to process): 29M, peak: 29M
current process commit charge ("private bytes"): 132M, peak: 132M

vm_info: Java HotSpot(TM) 64-Bit Server VM (19.0.1+10-21) for windows-amd64 JRE (19.0.1+10-21), built on 2022-09-14T12:45:06Z by "mach5one" with MS VC++ 17.1 (VS2022)

END.
